#
# There is insufficient memory for the Java Runtime Environment to continue.
# Native memory allocation (malloc) failed to allocate 1325648 bytes. Error detail: Chunk::new
# Possible reasons:
#   The system is out of physical RAM or swap space
#   This process is running with CompressedOops enabled, and the Java Heap may be blocking the growth of the native heap
# Possible solutions:
#   Reduce memory load on the system
#   Increase physical memory or swap space
#   Check if swap backing store is full
#   Decrease Java heap size (-Xmx/-Xms)
#   Decrease number of Java threads
#   Decrease Java thread stack sizes (-Xss)
#   Set larger code cache with -XX:ReservedCodeCacheSize=
#   JVM is running with Unscaled Compressed Oops mode in which the Java heap is
#     placed in the first 4GB address space. The Java Heap base address is the
#     maximum limit for the native heap growth. Please use -XX:HeapBaseMinAddress
#     to set the Java Heap base and to place the Java Heap above 4GB virtual address.
# This output file may be truncated or incomplete.
#
#  Out of Memory Error (arena.cpp:149), pid=10304, tid=13396
#
# JRE version: OpenJDK Runtime Environment (23.0+37) (build 23+37-2369)
# Java VM: OpenJDK 64-Bit Server VM (23+37-2369, mixed mode, sharing, tiered, compressed oops, compressed class ptrs, g1 gc, windows-amd64)
# No core dump will be written. Minidumps are not enabled by default on client versions of Windows
#

---------------  S U M M A R Y ------------

Command Line: -javaagent:D:\IntelliJ IDEA Community Edition 2024.3.1\lib\idea_rt.jar=53401:D:\IntelliJ IDEA Community Edition 2024.3.1\bin -Dfile.encoding=UTF-8 -Dsun.stdout.encoding=UTF-8 -Dsun.stderr.encoding=UTF-8 com.jsp.SpringSec.SpringSecApplication

Host: 11th Gen Intel(R) Core(TM) i3-1115G4 @ 3.00GHz, 4 cores, 7G,  Windows 11 , 64 bit Build 22621 (10.0.22621.4391)
Time: Sun Dec 22 22:28:01 2024 India Standard Time elapsed time: 1.676927 seconds (0d 0h 0m 1s)

---------------  T H R E A D  ---------------

Current thread (0x00000210ab370e00):  JavaThread "C2 CompilerThread0" daemon [_thread_in_native, id=13396, stack(0x000000418a700000,0x000000418a800000) (1024K)]


Current CompileTask:
C2:1677 2419       4       java.lang.invoke.MethodType::makeImpl (109 bytes)

Stack: [0x000000418a700000,0x000000418a800000]
Native frames: (J=compiled Java code, j=interpreted, Vv=VM code, C=native code)
V  [jvm.dll+0x6e08a9]  (no source info available)
V  [jvm.dll+0x87da63]  (no source info available)
V  [jvm.dll+0x87feee]  (no source info available)
V  [jvm.dll+0x8805c3]  (no source info available)
V  [jvm.dll+0x27aee6]  (no source info available)
V  [jvm.dll+0xbc06f]  (no source info available)
V  [jvm.dll+0xbc2cb]  (no source info available)
V  [jvm.dll+0x3b3a9c]  (no source info available)
V  [jvm.dll+0x1dc19c]  (no source info available)
V  [jvm.dll+0x244be5]  (no source info available)
V  [jvm.dll+0x243dff]  (no source info available)
V  [jvm.dll+0x1c33a0]  (no source info available)
V  [jvm.dll+0x253cf1]  (no source info available)
V  [jvm.dll+0x251faa]  (no source info available)
V  [jvm.dll+0x3ee036]  (no source info available)
V  [jvm.dll+0x824f1b]  (no source info available)
V  [jvm.dll+0x6df055]  (no source info available)
C  [ucrtbase.dll+0x29333]  (no source info available)
C  [KERNEL32.DLL+0x1259d]  (no source info available)
C  [ntdll.dll+0x5af38]  (no source info available)

Lock stack of current Java thread (top to bottom):


---------------  P R O C E S S  ---------------

Threads class SMR info:
_java_thread_list=0x00000210f172cbd0, length=15, elements={
0x000002108cd4b500, 0x00000210ab3652e0, 0x00000210ab366540, 0x00000210ab36ad70,
0x00000210ab36d8d0, 0x00000210ab36e420, 0x00000210ab36ff80, 0x00000210ab370e00,
0x00000210ab3729b0, 0x00000210ab486b90, 0x00000210ab605930, 0x00000210ab7cb400,
0x00000210ab950f80, 0x00000210f11274f0, 0x00000210f1130990
}

Java Threads: ( => current thread )
  0x000002108cd4b500 JavaThread "main"                              [_thread_blocked, id=2864, stack(0x0000004189900000,0x0000004189a00000) (1024K)]
  0x00000210ab3652e0 JavaThread "Reference Handler"          daemon [_thread_blocked, id=5648, stack(0x000000418a100000,0x000000418a200000) (1024K)]
  0x00000210ab366540 JavaThread "Finalizer"                  daemon [_thread_blocked, id=9352, stack(0x000000418a200000,0x000000418a300000) (1024K)]
  0x00000210ab36ad70 JavaThread "Signal Dispatcher"          daemon [_thread_blocked, id=14156, stack(0x000000418a300000,0x000000418a400000) (1024K)]
  0x00000210ab36d8d0 JavaThread "Attach Listener"            daemon [_thread_blocked, id=14852, stack(0x000000418a400000,0x000000418a500000) (1024K)]
  0x00000210ab36e420 JavaThread "Service Thread"             daemon [_thread_blocked, id=13832, stack(0x000000418a500000,0x000000418a600000) (1024K)]
  0x00000210ab36ff80 JavaThread "Monitor Deflation Thread"   daemon [_thread_blocked, id=22340, stack(0x000000418a600000,0x000000418a700000) (1024K)]
=>0x00000210ab370e00 JavaThread "C2 CompilerThread0"         daemon [_thread_in_native, id=13396, stack(0x000000418a700000,0x000000418a800000) (1024K)]
  0x00000210ab3729b0 JavaThread "C1 CompilerThread0"         daemon [_thread_blocked, id=19504, stack(0x000000418a800000,0x000000418a900000) (1024K)]
  0x00000210ab486b90 JavaThread "Common-Cleaner"             daemon [_thread_blocked, id=17672, stack(0x000000418a900000,0x000000418aa00000) (1024K)]
  0x00000210ab605930 JavaThread "C2 CompilerThread1"         daemon [_thread_in_native, id=3056, stack(0x000000418aa00000,0x000000418ab00000) (1024K)]
  0x00000210ab7cb400 JavaThread "Monitor Ctrl-Break"         daemon [_thread_in_native, id=14432, stack(0x000000418ab00000,0x000000418ac00000) (1024K)]
  0x00000210ab950f80 JavaThread "Notification Thread"        daemon [_thread_blocked, id=21876, stack(0x000000418ac00000,0x000000418ad00000) (1024K)]
  0x00000210f11274f0 JavaThread "Thread-0"                          [_thread_blocked, id=1228, stack(0x000000418b000000,0x000000418b100000) (1024K)]
  0x00000210f1130990 JavaThread "restartedMain"                     [_thread_in_Java, id=9952, stack(0x000000418b100000,0x000000418b200000) (1024K)]
Total: 15

Other Threads:
  0x00000210ab34bcc0 VMThread "VM Thread"                           [id=7072, stack(0x000000418a000000,0x000000418a100000) (1024K)]
  0x00000210ab3392c0 WatcherThread "VM Periodic Task Thread"        [id=19848, stack(0x0000004189f00000,0x000000418a000000) (1024K)]
  0x000002108efab370 WorkerThread "GC Thread#0"                     [id=20284, stack(0x0000004189a00000,0x0000004189b00000) (1024K)]
  0x00000210abb6b9b0 WorkerThread "GC Thread#1"                     [id=7280, stack(0x000000418ad00000,0x000000418ae00000) (1024K)]
  0x00000210abb6bd60 WorkerThread "GC Thread#2"                     [id=16740, stack(0x000000418ae00000,0x000000418af00000) (1024K)]
  0x00000210f10967c0 WorkerThread "GC Thread#3"                     [id=21284, stack(0x000000418af00000,0x000000418b000000) (1024K)]
  0x000002108efbfb50 ConcurrentGCThread "G1 Main Marker"            [id=5952, stack(0x0000004189b00000,0x0000004189c00000) (1024K)]
  0x000002108efc1820 WorkerThread "G1 Conc#0"                       [id=14764, stack(0x0000004189c00000,0x0000004189d00000) (1024K)]
  0x000002108f00e380 ConcurrentGCThread "G1 Refine#0"               [id=20760, stack(0x0000004189d00000,0x0000004189e00000) (1024K)]
  0x00000210ab20c6e0 ConcurrentGCThread "G1 Service"                [id=22196, stack(0x0000004189e00000,0x0000004189f00000) (1024K)]
Total: 10

Threads with active compile tasks:
C2 CompilerThread0  1742 2419       4       java.lang.invoke.MethodType::makeImpl (109 bytes)
C1 CompilerThread0  1742 2835       3       java.lang.reflect.Method::getRoot (5 bytes)
C2 CompilerThread1  1742 2799       4       jdk.internal.module.SystemModuleFinders$SystemModuleReader::find (59 bytes)
Total: 3

VM state: not at safepoint (normal execution)

VM Mutex/Monitor currently owned by a thread: None

Heap address: 0x0000000083600000, size: 1994 MB, Compressed Oops mode: 32-bit

CDS archive(s) mapped at: [0x00000210ac000000-0x00000210acd70000-0x00000210acd70000), size 14090240, SharedBaseAddress: 0x00000210ac000000, ArchiveRelocationMode: 1.
Compressed class space mapped at: 0x00000210ad000000-0x00000210ed000000, reserved size: 1073741824
Narrow klass base: 0x00000210ac000000, Narrow klass shift: 0, Narrow klass range: 0x41000000

GC Precious Log:
 CardTable entry size: 512
 Card Set container configuration: InlinePtr #cards 5 size 8 Array Of Cards #cards 10 size 36 Howl #buckets 4 coarsen threshold 1843 Howl Bitmap #cards 512 size 80 coarsen threshold 460 Card regions per heap region 1 cards per card region 2048
 CPUs: 4 total, 4 available
 Memory: 7975M
 Large Page Support: Disabled
 NUMA Support: Disabled
 Compressed Oops: Enabled (32-bit)
 Heap Region Size: 1M
 Heap Min Capacity: 8M
 Heap Initial Capacity: 126M
 Heap Max Capacity: 1994M
 Pre-touch: Disabled
 Parallel Workers: 4
 Concurrent Workers: 1
 Concurrent Refinement Workers: 4
 Periodic GC: Disabled

Heap:
 garbage-first heap   total reserved 2041856K, committed 129024K, used 28617K [0x0000000083600000, 0x0000000100000000)
  region size 1024K, 23 young (23552K), 4 survivors (4096K)
 Metaspace       used 20233K, committed 20608K, reserved 1114112K
  class space    used 2509K, committed 2688K, reserved 1048576K

Heap Regions: E=young(eden), S=young(survivor), O=old, HS=humongous(starts), HC=humongous(continues), CS=collection set, F=free, TAMS=top-at-mark-start, PB=parsable bottom
|   0|0x0000000083600000, 0x0000000083700000, 0x0000000083700000|100%|HS|  |TAMS 0x0000000083600000| PB 0x0000000083600000| Complete |  0
|   1|0x0000000083700000, 0x0000000083800000, 0x0000000083800000|100%|HS|  |TAMS 0x0000000083700000| PB 0x0000000083700000| Complete |  0
|   2|0x0000000083800000, 0x0000000083900000, 0x0000000083900000|100%| O|  |TAMS 0x0000000083800000| PB 0x0000000083800000| Untracked |  0
|   3|0x0000000083900000, 0x0000000083a00000, 0x0000000083a00000|100%| O|  |TAMS 0x0000000083900000| PB 0x0000000083900000| Untracked |  0
|   4|0x0000000083a00000, 0x0000000083b00000, 0x0000000083b00000|100%| O|  |TAMS 0x0000000083a00000| PB 0x0000000083a00000| Untracked |  0
|   5|0x0000000083b00000, 0x0000000083c00000, 0x0000000083c00000|100%| O|  |TAMS 0x0000000083b00000| PB 0x0000000083b00000| Untracked |  0
|   6|0x0000000083c00000, 0x0000000083d00000, 0x0000000083d00000|100%| O|  |TAMS 0x0000000083c00000| PB 0x0000000083c00000| Untracked |  0
|   7|0x0000000083d00000, 0x0000000083d6cd90, 0x0000000083e00000| 42%| O|  |TAMS 0x0000000083d00000| PB 0x0000000083d00000| Untracked |  0
|   8|0x0000000083e00000, 0x0000000083e00000, 0x0000000083f00000|  0%| F|  |TAMS 0x0000000083e00000| PB 0x0000000083e00000| Untracked |  0
|   9|0x0000000083f00000, 0x0000000083f00000, 0x0000000084000000|  0%| F|  |TAMS 0x0000000083f00000| PB 0x0000000083f00000| Untracked |  0
|  10|0x0000000084000000, 0x0000000084000000, 0x0000000084100000|  0%| F|  |TAMS 0x0000000084000000| PB 0x0000000084000000| Untracked |  0
|  11|0x0000000084100000, 0x0000000084100000, 0x0000000084200000|  0%| F|  |TAMS 0x0000000084100000| PB 0x0000000084100000| Untracked |  0
|  12|0x0000000084200000, 0x0000000084200000, 0x0000000084300000|  0%| F|  |TAMS 0x0000000084200000| PB 0x0000000084200000| Untracked |  0
|  13|0x0000000084300000, 0x0000000084300000, 0x0000000084400000|  0%| F|  |TAMS 0x0000000084300000| PB 0x0000000084300000| Untracked |  0
|  14|0x0000000084400000, 0x0000000084400000, 0x0000000084500000|  0%| F|  |TAMS 0x0000000084400000| PB 0x0000000084400000| Untracked |  0
|  15|0x0000000084500000, 0x0000000084500000, 0x0000000084600000|  0%| F|  |TAMS 0x0000000084500000| PB 0x0000000084500000| Untracked |  0
|  16|0x0000000084600000, 0x0000000084600000, 0x0000000084700000|  0%| F|  |TAMS 0x0000000084600000| PB 0x0000000084600000| Untracked |  0
|  17|0x0000000084700000, 0x0000000084700000, 0x0000000084800000|  0%| F|  |TAMS 0x0000000084700000| PB 0x0000000084700000| Untracked |  0
|  18|0x0000000084800000, 0x0000000084800000, 0x0000000084900000|  0%| F|  |TAMS 0x0000000084800000| PB 0x0000000084800000| Untracked |  0
|  19|0x0000000084900000, 0x0000000084900000, 0x0000000084a00000|  0%| F|  |TAMS 0x0000000084900000| PB 0x0000000084900000| Untracked |  0
|  20|0x0000000084a00000, 0x0000000084a00000, 0x0000000084b00000|  0%| F|  |TAMS 0x0000000084a00000| PB 0x0000000084a00000| Untracked |  0
|  21|0x0000000084b00000, 0x0000000084b00000, 0x0000000084c00000|  0%| F|  |TAMS 0x0000000084b00000| PB 0x0000000084b00000| Untracked |  0
|  22|0x0000000084c00000, 0x0000000084c00000, 0x0000000084d00000|  0%| F|  |TAMS 0x0000000084c00000| PB 0x0000000084c00000| Untracked |  0
|  23|0x0000000084d00000, 0x0000000084d00000, 0x0000000084e00000|  0%| F|  |TAMS 0x0000000084d00000| PB 0x0000000084d00000| Untracked |  0
|  24|0x0000000084e00000, 0x0000000084e00000, 0x0000000084f00000|  0%| F|  |TAMS 0x0000000084e00000| PB 0x0000000084e00000| Untracked |  0
|  25|0x0000000084f00000, 0x0000000084f00000, 0x0000000085000000|  0%| F|  |TAMS 0x0000000084f00000| PB 0x0000000084f00000| Untracked |  0
|  26|0x0000000085000000, 0x0000000085000000, 0x0000000085100000|  0%| F|  |TAMS 0x0000000085000000| PB 0x0000000085000000| Untracked |  0
|  27|0x0000000085100000, 0x0000000085100000, 0x0000000085200000|  0%| F|  |TAMS 0x0000000085100000| PB 0x0000000085100000| Untracked |  0
|  28|0x0000000085200000, 0x0000000085200000, 0x0000000085300000|  0%| F|  |TAMS 0x0000000085200000| PB 0x0000000085200000| Untracked |  0
|  29|0x0000000085300000, 0x0000000085300000, 0x0000000085400000|  0%| F|  |TAMS 0x0000000085300000| PB 0x0000000085300000| Untracked |  0
|  30|0x0000000085400000, 0x0000000085400000, 0x0000000085500000|  0%| F|  |TAMS 0x0000000085400000| PB 0x0000000085400000| Untracked |  0
|  31|0x0000000085500000, 0x0000000085500000, 0x0000000085600000|  0%| F|  |TAMS 0x0000000085500000| PB 0x0000000085500000| Untracked |  0
|  32|0x0000000085600000, 0x0000000085600000, 0x0000000085700000|  0%| F|  |TAMS 0x0000000085600000| PB 0x0000000085600000| Untracked |  0
|  33|0x0000000085700000, 0x0000000085700000, 0x0000000085800000|  0%| F|  |TAMS 0x0000000085700000| PB 0x0000000085700000| Untracked |  0
|  34|0x0000000085800000, 0x0000000085800000, 0x0000000085900000|  0%| F|  |TAMS 0x0000000085800000| PB 0x0000000085800000| Untracked |  0
|  35|0x0000000085900000, 0x0000000085900000, 0x0000000085a00000|  0%| F|  |TAMS 0x0000000085900000| PB 0x0000000085900000| Untracked |  0
|  36|0x0000000085a00000, 0x0000000085a00000, 0x0000000085b00000|  0%| F|  |TAMS 0x0000000085a00000| PB 0x0000000085a00000| Untracked |  0
|  37|0x0000000085b00000, 0x0000000085b00000, 0x0000000085c00000|  0%| F|  |TAMS 0x0000000085b00000| PB 0x0000000085b00000| Untracked |  0
|  38|0x0000000085c00000, 0x0000000085c00000, 0x0000000085d00000|  0%| F|  |TAMS 0x0000000085c00000| PB 0x0000000085c00000| Untracked |  0
|  39|0x0000000085d00000, 0x0000000085d00000, 0x0000000085e00000|  0%| F|  |TAMS 0x0000000085d00000| PB 0x0000000085d00000| Untracked |  0
|  40|0x0000000085e00000, 0x0000000085e00000, 0x0000000085f00000|  0%| F|  |TAMS 0x0000000085e00000| PB 0x0000000085e00000| Untracked |  0
|  41|0x0000000085f00000, 0x0000000085f00000, 0x0000000086000000|  0%| F|  |TAMS 0x0000000085f00000| PB 0x0000000085f00000| Untracked |  0
|  42|0x0000000086000000, 0x0000000086000000, 0x0000000086100000|  0%| F|  |TAMS 0x0000000086000000| PB 0x0000000086000000| Untracked |  0
|  43|0x0000000086100000, 0x0000000086100000, 0x0000000086200000|  0%| F|  |TAMS 0x0000000086100000| PB 0x0000000086100000| Untracked |  0
|  44|0x0000000086200000, 0x0000000086200000, 0x0000000086300000|  0%| F|  |TAMS 0x0000000086200000| PB 0x0000000086200000| Untracked |  0
|  45|0x0000000086300000, 0x0000000086300000, 0x0000000086400000|  0%| F|  |TAMS 0x0000000086300000| PB 0x0000000086300000| Untracked |  0
|  46|0x0000000086400000, 0x0000000086400000, 0x0000000086500000|  0%| F|  |TAMS 0x0000000086400000| PB 0x0000000086400000| Untracked |  0
|  47|0x0000000086500000, 0x0000000086500000, 0x0000000086600000|  0%| F|  |TAMS 0x0000000086500000| PB 0x0000000086500000| Untracked |  0
|  48|0x0000000086600000, 0x0000000086600000, 0x0000000086700000|  0%| F|  |TAMS 0x0000000086600000| PB 0x0000000086600000| Untracked |  0
|  49|0x0000000086700000, 0x0000000086700000, 0x0000000086800000|  0%| F|  |TAMS 0x0000000086700000| PB 0x0000000086700000| Untracked |  0
|  50|0x0000000086800000, 0x0000000086800000, 0x0000000086900000|  0%| F|  |TAMS 0x0000000086800000| PB 0x0000000086800000| Untracked |  0
|  51|0x0000000086900000, 0x0000000086900000, 0x0000000086a00000|  0%| F|  |TAMS 0x0000000086900000| PB 0x0000000086900000| Untracked |  0
|  52|0x0000000086a00000, 0x0000000086a00000, 0x0000000086b00000|  0%| F|  |TAMS 0x0000000086a00000| PB 0x0000000086a00000| Untracked |  0
|  53|0x0000000086b00000, 0x0000000086b00000, 0x0000000086c00000|  0%| F|  |TAMS 0x0000000086b00000| PB 0x0000000086b00000| Untracked |  0
|  54|0x0000000086c00000, 0x0000000086c00000, 0x0000000086d00000|  0%| F|  |TAMS 0x0000000086c00000| PB 0x0000000086c00000| Untracked |  0
|  55|0x0000000086d00000, 0x0000000086d00000, 0x0000000086e00000|  0%| F|  |TAMS 0x0000000086d00000| PB 0x0000000086d00000| Untracked |  0
|  56|0x0000000086e00000, 0x0000000086e00000, 0x0000000086f00000|  0%| F|  |TAMS 0x0000000086e00000| PB 0x0000000086e00000| Untracked |  0
|  57|0x0000000086f00000, 0x0000000086f00000, 0x0000000087000000|  0%| F|  |TAMS 0x0000000086f00000| PB 0x0000000086f00000| Untracked |  0
|  58|0x0000000087000000, 0x0000000087000000, 0x0000000087100000|  0%| F|  |TAMS 0x0000000087000000| PB 0x0000000087000000| Untracked |  0
|  59|0x0000000087100000, 0x0000000087100000, 0x0000000087200000|  0%| F|  |TAMS 0x0000000087100000| PB 0x0000000087100000| Untracked |  0
|  60|0x0000000087200000, 0x0000000087200000, 0x0000000087300000|  0%| F|  |TAMS 0x0000000087200000| PB 0x0000000087200000| Untracked |  0
|  61|0x0000000087300000, 0x0000000087300000, 0x0000000087400000|  0%| F|  |TAMS 0x0000000087300000| PB 0x0000000087300000| Untracked |  0
|  62|0x0000000087400000, 0x0000000087400000, 0x0000000087500000|  0%| F|  |TAMS 0x0000000087400000| PB 0x0000000087400000| Untracked |  0
|  63|0x0000000087500000, 0x0000000087500000, 0x0000000087600000|  0%| F|  |TAMS 0x0000000087500000| PB 0x0000000087500000| Untracked |  0
|  64|0x0000000087600000, 0x0000000087600000, 0x0000000087700000|  0%| F|  |TAMS 0x0000000087600000| PB 0x0000000087600000| Untracked |  0
|  65|0x0000000087700000, 0x0000000087700000, 0x0000000087800000|  0%| F|  |TAMS 0x0000000087700000| PB 0x0000000087700000| Untracked |  0
|  66|0x0000000087800000, 0x0000000087800000, 0x0000000087900000|  0%| F|  |TAMS 0x0000000087800000| PB 0x0000000087800000| Untracked |  0
|  67|0x0000000087900000, 0x0000000087900000, 0x0000000087a00000|  0%| F|  |TAMS 0x0000000087900000| PB 0x0000000087900000| Untracked |  0
|  68|0x0000000087a00000, 0x0000000087a00000, 0x0000000087b00000|  0%| F|  |TAMS 0x0000000087a00000| PB 0x0000000087a00000| Untracked |  0
|  69|0x0000000087b00000, 0x0000000087b00000, 0x0000000087c00000|  0%| F|  |TAMS 0x0000000087b00000| PB 0x0000000087b00000| Untracked |  0
|  70|0x0000000087c00000, 0x0000000087c00000, 0x0000000087d00000|  0%| F|  |TAMS 0x0000000087c00000| PB 0x0000000087c00000| Untracked |  0
|  71|0x0000000087d00000, 0x0000000087d00000, 0x0000000087e00000|  0%| F|  |TAMS 0x0000000087d00000| PB 0x0000000087d00000| Untracked |  0
|  72|0x0000000087e00000, 0x0000000087e00000, 0x0000000087f00000|  0%| F|  |TAMS 0x0000000087e00000| PB 0x0000000087e00000| Untracked |  0
|  73|0x0000000087f00000, 0x0000000087f00000, 0x0000000088000000|  0%| F|  |TAMS 0x0000000087f00000| PB 0x0000000087f00000| Untracked |  0
|  74|0x0000000088000000, 0x0000000088000000, 0x0000000088100000|  0%| F|  |TAMS 0x0000000088000000| PB 0x0000000088000000| Untracked |  0
|  75|0x0000000088100000, 0x0000000088100000, 0x0000000088200000|  0%| F|  |TAMS 0x0000000088100000| PB 0x0000000088100000| Untracked |  0
|  76|0x0000000088200000, 0x0000000088200000, 0x0000000088300000|  0%| F|  |TAMS 0x0000000088200000| PB 0x0000000088200000| Untracked |  0
|  77|0x0000000088300000, 0x0000000088300000, 0x0000000088400000|  0%| F|  |TAMS 0x0000000088300000| PB 0x0000000088300000| Untracked |  0
|  78|0x0000000088400000, 0x0000000088400000, 0x0000000088500000|  0%| F|  |TAMS 0x0000000088400000| PB 0x0000000088400000| Untracked |  0
|  79|0x0000000088500000, 0x0000000088500000, 0x0000000088600000|  0%| F|  |TAMS 0x0000000088500000| PB 0x0000000088500000| Untracked |  0
|  80|0x0000000088600000, 0x0000000088600000, 0x0000000088700000|  0%| F|  |TAMS 0x0000000088600000| PB 0x0000000088600000| Untracked |  0
|  81|0x0000000088700000, 0x0000000088700000, 0x0000000088800000|  0%| F|  |TAMS 0x0000000088700000| PB 0x0000000088700000| Untracked |  0
|  82|0x0000000088800000, 0x0000000088800000, 0x0000000088900000|  0%| F|  |TAMS 0x0000000088800000| PB 0x0000000088800000| Untracked |  0
|  83|0x0000000088900000, 0x0000000088900000, 0x0000000088a00000|  0%| F|  |TAMS 0x0000000088900000| PB 0x0000000088900000| Untracked |  0
|  84|0x0000000088a00000, 0x0000000088a00000, 0x0000000088b00000|  0%| F|  |TAMS 0x0000000088a00000| PB 0x0000000088a00000| Untracked |  0
|  85|0x0000000088b00000, 0x0000000088b00000, 0x0000000088c00000|  0%| F|  |TAMS 0x0000000088b00000| PB 0x0000000088b00000| Untracked |  0
|  86|0x0000000088c00000, 0x0000000088c00000, 0x0000000088d00000|  0%| F|  |TAMS 0x0000000088c00000| PB 0x0000000088c00000| Untracked |  0
|  87|0x0000000088d00000, 0x0000000088d857e0, 0x0000000088e00000| 52%| S|CS|TAMS 0x0000000088d00000| PB 0x0000000088d00000| Complete |  0
|  88|0x0000000088e00000, 0x0000000088f00000, 0x0000000088f00000|100%| S|CS|TAMS 0x0000000088e00000| PB 0x0000000088e00000| Complete |  0
|  89|0x0000000088f00000, 0x0000000089000000, 0x0000000089000000|100%| S|CS|TAMS 0x0000000088f00000| PB 0x0000000088f00000| Complete |  0
|  90|0x0000000089000000, 0x0000000089100000, 0x0000000089100000|100%| S|CS|TAMS 0x0000000089000000| PB 0x0000000089000000| Complete |  0
|  91|0x0000000089100000, 0x0000000089100000, 0x0000000089200000|  0%| F|  |TAMS 0x0000000089100000| PB 0x0000000089100000| Untracked |  0
|  92|0x0000000089200000, 0x0000000089200000, 0x0000000089300000|  0%| F|  |TAMS 0x0000000089200000| PB 0x0000000089200000| Untracked |  0
|  93|0x0000000089300000, 0x0000000089300000, 0x0000000089400000|  0%| F|  |TAMS 0x0000000089300000| PB 0x0000000089300000| Untracked |  0
|  94|0x0000000089400000, 0x0000000089400000, 0x0000000089500000|  0%| F|  |TAMS 0x0000000089400000| PB 0x0000000089400000| Untracked |  0
|  95|0x0000000089500000, 0x0000000089500000, 0x0000000089600000|  0%| F|  |TAMS 0x0000000089500000| PB 0x0000000089500000| Untracked |  0
|  96|0x0000000089600000, 0x0000000089600000, 0x0000000089700000|  0%| F|  |TAMS 0x0000000089600000| PB 0x0000000089600000| Untracked |  0
|  97|0x0000000089700000, 0x0000000089700000, 0x0000000089800000|  0%| F|  |TAMS 0x0000000089700000| PB 0x0000000089700000| Untracked |  0
|  98|0x0000000089800000, 0x0000000089800000, 0x0000000089900000|  0%| F|  |TAMS 0x0000000089800000| PB 0x0000000089800000| Untracked |  0
|  99|0x0000000089900000, 0x0000000089900000, 0x0000000089a00000|  0%| F|  |TAMS 0x0000000089900000| PB 0x0000000089900000| Untracked |  0
| 100|0x0000000089a00000, 0x0000000089a00000, 0x0000000089b00000|  0%| F|  |TAMS 0x0000000089a00000| PB 0x0000000089a00000| Untracked |  0
| 101|0x0000000089b00000, 0x0000000089b00000, 0x0000000089c00000|  0%| F|  |TAMS 0x0000000089b00000| PB 0x0000000089b00000| Untracked |  0
| 102|0x0000000089c00000, 0x0000000089c00000, 0x0000000089d00000|  0%| F|  |TAMS 0x0000000089c00000| PB 0x0000000089c00000| Untracked |  0
| 103|0x0000000089d00000, 0x0000000089d00000, 0x0000000089e00000|  0%| F|  |TAMS 0x0000000089d00000| PB 0x0000000089d00000| Untracked |  0
| 104|0x0000000089e00000, 0x0000000089e00000, 0x0000000089f00000|  0%| F|  |TAMS 0x0000000089e00000| PB 0x0000000089e00000| Untracked |  0
| 105|0x0000000089f00000, 0x0000000089f00000, 0x000000008a000000|  0%| F|  |TAMS 0x0000000089f00000| PB 0x0000000089f00000| Untracked |  0
| 106|0x000000008a000000, 0x000000008a000000, 0x000000008a100000|  0%| F|  |TAMS 0x000000008a000000| PB 0x000000008a000000| Untracked |  0
| 107|0x000000008a100000, 0x000000008a1d7bf0, 0x000000008a200000| 84%| E|  |TAMS 0x000000008a100000| PB 0x000000008a100000| Complete |  0
| 108|0x000000008a200000, 0x000000008a300000, 0x000000008a300000|100%| E|CS|TAMS 0x000000008a200000| PB 0x000000008a200000| Complete |  0
| 109|0x000000008a300000, 0x000000008a400000, 0x000000008a400000|100%| E|CS|TAMS 0x000000008a300000| PB 0x000000008a300000| Complete |  0
| 110|0x000000008a400000, 0x000000008a500000, 0x000000008a500000|100%| E|CS|TAMS 0x000000008a400000| PB 0x000000008a400000| Complete |  0
| 111|0x000000008a500000, 0x000000008a600000, 0x000000008a600000|100%| E|CS|TAMS 0x000000008a500000| PB 0x000000008a500000| Complete |  0
| 112|0x000000008a600000, 0x000000008a700000, 0x000000008a700000|100%| E|CS|TAMS 0x000000008a600000| PB 0x000000008a600000| Complete |  0
| 113|0x000000008a700000, 0x000000008a800000, 0x000000008a800000|100%| E|CS|TAMS 0x000000008a700000| PB 0x000000008a700000| Complete |  0
| 114|0x000000008a800000, 0x000000008a900000, 0x000000008a900000|100%| E|  |TAMS 0x000000008a800000| PB 0x000000008a800000| Complete |  0
| 115|0x000000008a900000, 0x000000008aa00000, 0x000000008aa00000|100%| E|CS|TAMS 0x000000008a900000| PB 0x000000008a900000| Complete |  0
| 116|0x000000008aa00000, 0x000000008ab00000, 0x000000008ab00000|100%| E|CS|TAMS 0x000000008aa00000| PB 0x000000008aa00000| Complete |  0
| 117|0x000000008ab00000, 0x000000008ac00000, 0x000000008ac00000|100%| E|CS|TAMS 0x000000008ab00000| PB 0x000000008ab00000| Complete |  0
| 118|0x000000008ac00000, 0x000000008ad00000, 0x000000008ad00000|100%| E|CS|TAMS 0x000000008ac00000| PB 0x000000008ac00000| Complete |  0
| 119|0x000000008ad00000, 0x000000008ae00000, 0x000000008ae00000|100%| E|CS|TAMS 0x000000008ad00000| PB 0x000000008ad00000| Complete |  0
| 120|0x000000008ae00000, 0x000000008af00000, 0x000000008af00000|100%| E|CS|TAMS 0x000000008ae00000| PB 0x000000008ae00000| Complete |  0
| 121|0x000000008af00000, 0x000000008b000000, 0x000000008b000000|100%| E|CS|TAMS 0x000000008af00000| PB 0x000000008af00000| Complete |  0
| 122|0x000000008b000000, 0x000000008b100000, 0x000000008b100000|100%| E|CS|TAMS 0x000000008b000000| PB 0x000000008b000000| Complete |  0
| 123|0x000000008b100000, 0x000000008b200000, 0x000000008b200000|100%| E|CS|TAMS 0x000000008b100000| PB 0x000000008b100000| Complete |  0
| 124|0x000000008b200000, 0x000000008b300000, 0x000000008b300000|100%| E|CS|TAMS 0x000000008b200000| PB 0x000000008b200000| Complete |  0
| 125|0x000000008b300000, 0x000000008b400000, 0x000000008b400000|100%| E|CS|TAMS 0x000000008b300000| PB 0x000000008b300000| Complete |  0

Card table byte_map: [0x00000210a6a70000,0x00000210a6e60000] _byte_map_base: 0x00000210a6655000

Marking Bits: (CMBitMap*) 0x000002108efaba80
 Bits: [0x00000210a6e60000, 0x00000210a8d88000)

Polling page: 0x000002108cce0000

Metaspace:

Usage:
  Non-class:     17.34 MB used.
      Class:      2.46 MB used.
       Both:     19.80 MB used.

Virtual space:
  Non-class space:       64.00 MB reserved,      17.50 MB ( 27%) committed,  1 nodes.
      Class space:        1.00 GB reserved,       2.62 MB ( <1%) committed,  1 nodes.
             Both:        1.06 GB reserved,      20.12 MB (  2%) committed. 

Chunk freelists:
   Non-Class:  13.89 MB
       Class:  13.33 MB
        Both:  27.22 MB

MaxMetaspaceSize: unlimited
CompressedClassSpaceSize: 1.00 GB
Initial GC threshold: 21.00 MB
Current GC threshold: 21.00 MB
CDS: on
 - commit_granule_bytes: 65536.
 - commit_granule_words: 8192.
 - virtual_space_node_default_size: 8388608.
 - enlarge_chunks_in_place: 1.
 - use_allocation_guard: 0.


Internal statistics:

num_allocs_failed_limit: 0.
num_arena_births: 318.
num_arena_deaths: 0.
num_vsnodes_births: 2.
num_vsnodes_deaths: 0.
num_space_committed: 322.
num_space_uncommitted: 0.
num_chunks_returned_to_freelist: 0.
num_chunks_taken_from_freelist: 941.
num_chunk_merges: 0.
num_chunk_splits: 624.
num_chunks_enlarged: 444.
num_inconsistent_stats: 0.

CodeHeap 'non-profiled nmethods': size=120064Kb used=912Kb max_used=912Kb free=119151Kb
 bounds [0x000002109f140000, 0x000002109f3b0000, 0x00000210a6680000]
CodeHeap 'profiled nmethods': size=120000Kb used=4070Kb max_used=4070Kb free=115929Kb
 bounds [0x0000021097680000, 0x0000021097a80000, 0x000002109ebb0000]
CodeHeap 'non-nmethods': size=5696Kb used=1577Kb max_used=1609Kb free=4118Kb
 bounds [0x000002109ebb0000, 0x000002109ee20000, 0x000002109f140000]
CodeCache: size=245760Kb, used=6559Kb, max_used=6591Kb, free=239198Kb
 total_blobs=3383, nmethods=2836, adapters=452, full_count=0
Compilation: enabled, stopped_count=0, restarted_count=0

Compilation events (20 events):
Event: 1.656 Thread 0x00000210ab605930 2618       4       java.lang.CharacterDataLatin1::digit (32 bytes)
Event: 1.656 Thread 0x00000210ab605930 nmethod 2618 0x000002109f21b708 code [0x000002109f21b820, 0x000002109f21b930]
Event: 1.657 Thread 0x00000210ab605930 2620       4       java.lang.Character::digit (6 bytes)
Event: 1.658 Thread 0x00000210ab605930 nmethod 2620 0x000002109f21ba08 code [0x000002109f21bb20, 0x000002109f21bc98]
Event: 1.658 Thread 0x00000210ab605930 2587       4       java.lang.String::lastIndexOf (12 bytes)
Event: 1.660 Thread 0x00000210ab605930 nmethod 2587 0x000002109f21bd08 code [0x000002109f21be20, 0x000002109f21c030]
Event: 1.660 Thread 0x00000210ab605930 2705       4       java.lang.ref.Cleaner$1::apply (9 bytes)
Event: 1.661 Thread 0x00000210ab605930 nmethod 2705 0x000002109f21c088 code [0x000002109f21c180, 0x000002109f21c240]
Event: 1.663 Thread 0x00000210ab605930 2706   !   4       java.util.zip.Inflater::needsInput (55 bytes)
Event: 1.664 Thread 0x00000210ab605930 nmethod 2706 0x000002109f21c388 code [0x000002109f21c4a0, 0x000002109f21c728]
Event: 1.664 Thread 0x00000210ab3729b0 2707       3       java.lang.ClassLoader::getParent (32 bytes)
Event: 1.664 Thread 0x00000210ab3729b0 nmethod 2707 0x0000021097a3a108 code [0x0000021097a3a240, 0x0000021097a3a490]
Event: 1.664 Thread 0x00000210ab605930 2708   !   4       java.util.zip.Inflater::inflate (456 bytes)
Event: 1.665 Thread 0x00000210ab3729b0 2709       3       java.lang.invoke.LambdaForm$MH/0x00000210ad01ac00::invoke (27 bytes)
Event: 1.666 Thread 0x00000210ab3729b0 nmethod 2709 0x0000021097a3a508 code [0x0000021097a3a640, 0x0000021097a3aa88]
Event: 1.666 Thread 0x00000210ab3729b0 2710       3       java.lang.StringConcatHelper::newArrayWithSuffix (40 bytes)
Event: 1.666 Thread 0x00000210ab3729b0 nmethod 2710 0x0000021097a3ab08 code [0x0000021097a3ac80, 0x0000021097a3b1f8]
Event: 1.667 Thread 0x00000210ab605930 nmethod 2708 0x000002109f21c788 code [0x000002109f21c8c0, 0x000002109f21ce08]
Event: 1.668 Thread 0x00000210ab3729b0 2711       3       java.lang.Throwable::<init> (53 bytes)
Event: 1.668 Thread 0x00000210ab3729b0 nmethod 2711 0x0000021097a3b288 code [0x0000021097a3b3e0, 0x0000021097a3b8a0]

GC Heap History (6 events):
Event: 0.573 GC heap before
{Heap before GC invocations=0 (full 0):
 garbage-first heap   total reserved 2041856K, committed 129024K, used 15360K [0x0000000083600000, 0x0000000100000000)
  region size 1024K, 14 young (14336K), 0 survivors (0K)
 Metaspace       used 4093K, committed 4288K, reserved 1114112K
  class space    used 453K, committed 512K, reserved 1048576K
}
Event: 0.578 GC heap after
{Heap after GC invocations=1 (full 0):
 garbage-first heap   total reserved 2041856K, committed 129024K, used 7359K [0x0000000083600000, 0x0000000100000000)
  region size 1024K, 2 young (2048K), 2 survivors (2048K)
 Metaspace       used 4093K, committed 4288K, reserved 1114112K
  class space    used 453K, committed 512K, reserved 1048576K
}
Event: 0.798 GC heap before
{Heap before GC invocations=1 (full 0):
 garbage-first heap   total reserved 2041856K, committed 129024K, used 17599K [0x0000000083600000, 0x0000000100000000)
  region size 1024K, 13 young (13312K), 2 survivors (2048K)
 Metaspace       used 6619K, committed 6848K, reserved 1114112K
  class space    used 788K, committed 896K, reserved 1048576K
}
Event: 0.800 GC heap after
{Heap after GC invocations=2 (full 0):
 garbage-first heap   total reserved 2041856K, committed 129024K, used 8289K [0x0000000083600000, 0x0000000100000000)
  region size 1024K, 1 young (1024K), 1 survivors (1024K)
 Metaspace       used 6619K, committed 6848K, reserved 1114112K
  class space    used 788K, committed 896K, reserved 1048576K
}
Event: 1.388 GC heap before
{Heap before GC invocations=2 (full 0):
 garbage-first heap   total reserved 2041856K, committed 129024K, used 42081K [0x0000000083600000, 0x0000000100000000)
  region size 1024K, 35 young (35840K), 1 survivors (1024K)
 Metaspace       used 16744K, committed 17024K, reserved 1114112K
  class space    used 2050K, committed 2176K, reserved 1048576K
}
Event: 1.392 GC heap after
{Heap after GC invocations=3 (full 0):
 garbage-first heap   total reserved 2041856K, committed 129024K, used 11209K [0x0000000083600000, 0x0000000100000000)
  region size 1024K, 4 young (4096K), 4 survivors (4096K)
 Metaspace       used 16744K, committed 17024K, reserved 1114112K
  class space    used 2050K, committed 2176K, reserved 1048576K
}

Dll operation events (13 events):
Event: 0.026 Loaded shared library C:\Users\gunji\.jdks\openjdk-23\bin\java.dll
Event: 0.079 Loaded shared library C:\Users\gunji\.jdks\openjdk-23\bin\jsvml.dll
Event: 0.206 Loaded shared library C:\Users\gunji\.jdks\openjdk-23\bin\zip.dll
Event: 0.212 Loaded shared library C:\Users\gunji\.jdks\openjdk-23\bin\instrument.dll
Event: 0.216 Loaded shared library C:\Users\gunji\.jdks\openjdk-23\bin\net.dll
Event: 0.219 Loaded shared library C:\Users\gunji\.jdks\openjdk-23\bin\nio.dll
Event: 0.222 Loaded shared library C:\Users\gunji\.jdks\openjdk-23\bin\zip.dll
Event: 0.321 Loaded shared library D:\IntelliJ IDEA Community Edition 2024.3.1\bin\breakgen64.dll
Event: 0.333 Loaded shared library C:\Users\gunji\.jdks\openjdk-23\bin\extnet.dll
Event: 0.366 Loaded shared library C:\Users\gunji\.jdks\openjdk-23\bin\jimage.dll
Event: 0.641 Loaded shared library C:\Users\gunji\.jdks\openjdk-23\bin\management.dll
Event: 0.643 Loaded shared library C:\Users\gunji\.jdks\openjdk-23\bin\management_ext.dll
Event: 1.585 Loaded shared library C:\Users\gunji\.jdks\openjdk-23\bin\sunmscapi.dll

Deoptimization events (20 events):
Event: 1.597 Thread 0x00000210f1130990 DEOPT PACKING pc=0x0000021097780939 sp=0x000000418b1fe480
Event: 1.597 Thread 0x00000210f1130990 DEOPT UNPACKING pc=0x000002109ec084c2 sp=0x000000418b1fd978 mode 0
Event: 1.597 Thread 0x00000210f1130990 DEOPT PACKING pc=0x0000021097780939 sp=0x000000418b1fe480
Event: 1.597 Thread 0x00000210f1130990 DEOPT UNPACKING pc=0x000002109ec084c2 sp=0x000000418b1fd978 mode 0
Event: 1.598 Thread 0x00000210f1130990 DEOPT PACKING pc=0x0000021097780939 sp=0x000000418b1fe480
Event: 1.598 Thread 0x00000210f1130990 DEOPT UNPACKING pc=0x000002109ec084c2 sp=0x000000418b1fd978 mode 0
Event: 1.598 Thread 0x00000210f1130990 DEOPT PACKING pc=0x0000021097780939 sp=0x000000418b1fe450
Event: 1.598 Thread 0x00000210f1130990 DEOPT UNPACKING pc=0x000002109ec084c2 sp=0x000000418b1fd940 mode 0
Event: 1.599 Thread 0x00000210f1130990 DEOPT PACKING pc=0x0000021097780939 sp=0x000000418b1fe450
Event: 1.599 Thread 0x00000210f1130990 DEOPT UNPACKING pc=0x000002109ec084c2 sp=0x000000418b1fd940 mode 0
Event: 1.599 Thread 0x00000210f1130990 DEOPT PACKING pc=0x0000021097780939 sp=0x000000418b1fe450
Event: 1.599 Thread 0x00000210f1130990 DEOPT UNPACKING pc=0x000002109ec084c2 sp=0x000000418b1fd940 mode 0
Event: 1.599 Thread 0x00000210f1130990 DEOPT PACKING pc=0x0000021097780939 sp=0x000000418b1fe450
Event: 1.599 Thread 0x00000210f1130990 DEOPT UNPACKING pc=0x000002109ec084c2 sp=0x000000418b1fd940 mode 0
Event: 1.600 Thread 0x00000210f1130990 DEOPT PACKING pc=0x0000021097780939 sp=0x000000418b1fe450
Event: 1.600 Thread 0x00000210f1130990 DEOPT UNPACKING pc=0x000002109ec084c2 sp=0x000000418b1fd940 mode 0
Event: 1.600 Thread 0x00000210f1130990 DEOPT PACKING pc=0x0000021097780939 sp=0x000000418b1fe450
Event: 1.600 Thread 0x00000210f1130990 DEOPT UNPACKING pc=0x000002109ec084c2 sp=0x000000418b1fd940 mode 0
Event: 1.600 Thread 0x00000210f1130990 DEOPT PACKING pc=0x0000021097780939 sp=0x000000418b1fe450
Event: 1.600 Thread 0x00000210f1130990 DEOPT UNPACKING pc=0x000002109ec084c2 sp=0x000000418b1fd940 mode 0

Classes loaded (20 events):
Event: 1.578 Loading class javax/security/auth/login/FailedLoginException
Event: 1.578 Loading class javax/security/auth/login/FailedLoginException done
Event: 1.578 Loading class javax/security/auth/Subject
Event: 1.579 Loading class javax/security/auth/Subject done
Event: 1.579 Loading class javax/security/auth/callback/CallbackHandler
Event: 1.579 Loading class javax/security/auth/callback/CallbackHandler done
Event: 1.587 Loading class com/sun/security/sasl/Provider
Event: 1.587 Loading class com/sun/security/sasl/Provider done
Event: 1.587 Loading class com/sun/security/sasl/Provider$1
Event: 1.588 Loading class com/sun/security/sasl/Provider$1 done
Event: 1.588 Loading class com/sun/security/sasl/Provider$ProviderService
Event: 1.588 Loading class com/sun/security/sasl/Provider$ProviderService done
Event: 1.588 Loading class sun/security/provider/certpath/ldap/JdkLDAP
Event: 1.588 Loading class sun/security/provider/certpath/ldap/JdkLDAP done
Event: 1.588 Loading class sun/security/provider/certpath/ldap/JdkLDAP$ProviderService
Event: 1.588 Loading class sun/security/provider/certpath/ldap/JdkLDAP$ProviderService done
Event: 1.647 Loading class javax/naming/ldap/LdapContext
Event: 1.647 Loading class javax/naming/directory/DirContext
Event: 1.647 Loading class javax/naming/directory/DirContext done
Event: 1.647 Loading class javax/naming/ldap/LdapContext done

Classes unloaded (0 events):
No events

Classes redefined (0 events):
No events

Internal exceptions (20 events):
Event: 0.949 Thread 0x00000210f1130990 Exception <a 'java/lang/NoSuchMethodError'{0x000000008ad70e38}: 'java.lang.Object java.lang.invoke.DirectMethodHandle$Holder.newInvokeSpecial(java.lang.Object, int, java.lang.Object)'> (0x000000008ad70e38) 
thrown [s\open\src\hotspot\share\interpreter\linkResolver.cpp, line 796]
Event: 0.949 Thread 0x00000210f1130990 Exception <a 'java/lang/NoSuchMethodError'{0x000000008ad759c0}: 'int java.lang.invoke.DirectMethodHandle$Holder.invokeSpecialIFC(java.lang.Object, java.lang.Object, java.lang.Object, java.lang.Object)'> (0x000000008ad759c0) 
thrown [s\open\src\hotspot\share\interpreter\linkResolver.cpp, line 796]
Event: 0.969 Thread 0x00000210f1130990 Exception <a 'java/lang/NoSuchMethodError'{0x000000008ac4e8a8}: 'void java.lang.invoke.DirectMethodHandle$Holder.invokeInterface(java.lang.Object, java.lang.Object, java.lang.Object)'> (0x000000008ac4e8a8) 
thrown [s\open\src\hotspot\share\interpreter\linkResolver.cpp, line 796]
Event: 0.988 Thread 0x00000210f1130990 Exception <a 'java/lang/NoSuchMethodError'{0x000000008ace9110}: 'void java.lang.invoke.DirectMethodHandle$Holder.invokeStaticInit(java.lang.Object, java.lang.Object, java.lang.Object)'> (0x000000008ace9110) 
thrown [s\open\src\hotspot\share\interpreter\linkResolver.cpp, line 796]
Event: 0.993 Thread 0x00000210f1130990 Exception <a 'java/lang/NoSuchMethodError'{0x000000008ab32080}: 'java.lang.Object java.lang.invoke.DirectMethodHandle$Holder.invokeVirtual(java.lang.Object, java.lang.Object, java.lang.Object)'> (0x000000008ab32080) 
thrown [s\open\src\hotspot\share\interpreter\linkResolver.cpp, line 796]
Event: 1.012 Thread 0x00000210f1130990 Exception <a 'java/lang/NoSuchMethodError'{0x000000008abb9768}: 'void java.lang.invoke.DirectMethodHandle$Holder.invokeVirtual(java.lang.Object, java.lang.Object, java.lang.Object, java.lang.Object)'> (0x000000008abb9768) 
thrown [s\open\src\hotspot\share\interpreter\linkResolver.cpp, line 796]
Event: 1.061 Thread 0x00000210f140e220 Exception <a 'java/lang/NoClassDefFoundError'{0x000000008a98b528}: jakarta/validation/Validation> (0x000000008a98b528) 
thrown [s\open\src\hotspot\share\classfile\systemDictionary.cpp, line 302]
Event: 1.064 Thread 0x00000210f1130990 Exception <a 'java/lang/NoSuchMethodError'{0x000000008a9eb4a8}: 'java.lang.reflect.Field[] java.lang.Class.getDeclaredFields(java.lang.Class)'> (0x000000008a9eb4a8) 
thrown [s\open\src\hotspot\share\interpreter\linkResolver.cpp, line 796]
Event: 1.065 Thread 0x00000210f1130990 Exception <a 'java/lang/NoSuchMethodError'{0x000000008a9efeb8}: 'java.lang.Object java.lang.invoke.DirectMethodHandle$Holder.invokeStatic(java.lang.Object, java.lang.Object, int)'> (0x000000008a9efeb8) 
thrown [s\open\src\hotspot\share\interpreter\linkResolver.cpp, line 796]
Event: 1.066 Thread 0x00000210f1130990 Exception <a 'java/lang/NoSuchMethodError'{0x000000008a9fb320}: 'void java.lang.invoke.DelegatingMethodHandle$Holder.delegate(java.lang.Object, java.lang.Object, int, java.lang.Object)'> (0x000000008a9fb320) 
thrown [s\open\src\hotspot\share\interpreter\linkResolver.cpp, line 796]
Event: 1.083 Thread 0x00000210f1130990 Exception <a 'java/lang/IncompatibleClassChangeError'{0x000000008a649d88}: Found class java.lang.Object, but interface was expected> (0x000000008a649d88) 
thrown [s\open\src\hotspot\share\interpreter\linkResolver.cpp, line 863]
Event: 1.096 Thread 0x00000210f1130990 Exception <a 'java/lang/NoSuchMethodError'{0x000000008a693038}: 'int java.lang.invoke.DirectMethodHandle$Holder.invokeVirtual(java.lang.Object, java.lang.Object)'> (0x000000008a693038) 
thrown [s\open\src\hotspot\share\interpreter\linkResolver.cpp, line 796]
Event: 1.415 Thread 0x00000210f1130990 Exception <a 'java/lang/NoSuchMethodError'{0x000000008b26a8a8}: 'int java.lang.invoke.DirectMethodHandle$Holder.invokeSpecial(java.lang.Object, java.lang.Object, java.lang.Object, java.lang.Object, java.lang.Object)'> (0x000000008b26a8a8) 
thrown [s\open\src\hotspot\share\interpreter\linkResolver.cpp, line 796]
Event: 1.417 Thread 0x00000210f1130990 Exception <a 'java/lang/NoSuchMethodError'{0x000000008b272c68}: 'void java.lang.invoke.DirectMethodHandle$Holder.invokeVirtual(java.lang.Object, java.lang.Object)'> (0x000000008b272c68) 
thrown [s\open\src\hotspot\share\interpreter\linkResolver.cpp, line 796]
Event: 1.436 Thread 0x00000210f140e220 Exception <a 'java/lang/NoSuchMethodError'{0x000000008b0e8458}: 'long java.lang.invoke.DirectMethodHandle$Holder.invokeSpecial(java.lang.Object, java.lang.Object)'> (0x000000008b0e8458) 
thrown [s\open\src\hotspot\share\interpreter\linkResolver.cpp, line 796]
Event: 1.442 Thread 0x00000210f140e220 Exception <a 'java/lang/NoSuchMethodError'{0x000000008b0f2050}: 'long java.lang.invoke.DirectMethodHandle$Holder.invokeStatic(java.lang.Object, java.lang.Object)'> (0x000000008b0f2050) 
thrown [s\open\src\hotspot\share\interpreter\linkResolver.cpp, line 796]
Event: 1.443 Thread 0x00000210f140e220 Exception <a 'java/lang/NoSuchMethodError'{0x000000008b0f5150}: 'long java.lang.invoke.DirectMethodHandle$Holder.invokeStaticInit(java.lang.Object, java.lang.Object)'> (0x000000008b0f5150) 
thrown [s\open\src\hotspot\share\interpreter\linkResolver.cpp, line 796]
Event: 1.445 Thread 0x00000210f140e220 Exception <a 'java/lang/NoSuchMethodError'{0x000000008af6ad70}: 'long java.lang.invoke.DirectMethodHandle$Holder.invokeInterface(java.lang.Object, java.lang.Object)'> (0x000000008af6ad70) 
thrown [s\open\src\hotspot\share\interpreter\linkResolver.cpp, line 796]
Event: 1.446 Thread 0x00000210f140e220 Exception <a 'java/lang/IncompatibleClassChangeError'{0x000000008af6dd98}: Found class java.lang.Object, but interface was expected> (0x000000008af6dd98) 
thrown [s\open\src\hotspot\share\interpreter\linkResolver.cpp, line 863]
Event: 1.450 Thread 0x00000210f140e220 Exception <a 'java/lang/NoSuchMethodError'{0x000000008af83580}: 'java.lang.Object java.lang.invoke.DirectMethodHandle$Holder.invokeVirtual(java.lang.Object, java.lang.Object, java.lang.Object, java.lang.Object)'> (0x000000008af83580) 
thrown [s\open\src\hotspot\share\interpreter\linkResolver.cpp, line 796]

VM Operations (20 events):
Event: 1.046 Executing VM operation: HandshakeAllThreads (Deoptimize)
Event: 1.046 Executing VM operation: HandshakeAllThreads (Deoptimize) done
Event: 1.049 Executing VM operation: HandshakeAllThreads (Deoptimize)
Event: 1.049 Executing VM operation: HandshakeAllThreads (Deoptimize) done
Event: 1.049 Executing VM operation: HandshakeAllThreads (Deoptimize)
Event: 1.049 Executing VM operation: HandshakeAllThreads (Deoptimize) done
Event: 1.065 Executing VM operation: HandshakeAllThreads (Deoptimize)
Event: 1.065 Executing VM operation: HandshakeAllThreads (Deoptimize) done
Event: 1.093 Executing VM operation: HandshakeAllThreads (Deoptimize)
Event: 1.093 Executing VM operation: HandshakeAllThreads (Deoptimize) done
Event: 1.258 Executing VM operation: HandshakeAllThreads (Deoptimize)
Event: 1.259 Executing VM operation: HandshakeAllThreads (Deoptimize) done
Event: 1.388 Executing VM operation: G1CollectForAllocation (G1 Evacuation Pause)
Event: 1.392 Executing VM operation: G1CollectForAllocation (G1 Evacuation Pause) done
Event: 1.397 Executing VM operation: HandshakeAllThreads (Deoptimize)
Event: 1.398 Executing VM operation: HandshakeAllThreads (Deoptimize) done
Event: 1.504 Executing VM operation: HandshakeAllThreads (Deoptimize)
Event: 1.504 Executing VM operation: HandshakeAllThreads (Deoptimize) done
Event: 1.555 Executing VM operation: HandshakeAllThreads (Deoptimize)
Event: 1.555 Executing VM operation: HandshakeAllThreads (Deoptimize) done

Memory protections (0 events):
No events

Nmethod flushes (0 events):
No events

Events (19 events):
Event: 0.053 Thread 0x000002108cd4b500 Thread added: 0x000002108cd4b500
Event: 0.075 Thread 0x000002108cd4b500 Thread added: 0x00000210ab3652e0
Event: 0.075 Thread 0x000002108cd4b500 Thread added: 0x00000210ab366540
Event: 0.075 Thread 0x000002108cd4b500 Thread added: 0x00000210ab36ad70
Event: 0.075 Thread 0x000002108cd4b500 Thread added: 0x00000210ab36d8d0
Event: 0.075 Thread 0x000002108cd4b500 Thread added: 0x00000210ab36e420
Event: 0.075 Thread 0x000002108cd4b500 Thread added: 0x00000210ab36ff80
Event: 0.075 Thread 0x000002108cd4b500 Thread added: 0x00000210ab370e00
Event: 0.076 Thread 0x000002108cd4b500 Thread added: 0x00000210ab3729b0
Event: 0.176 Thread 0x000002108cd4b500 Thread added: 0x00000210ab486b90
Event: 0.244 Thread 0x00000210ab3729b0 Thread added: 0x00000210ab605930
Event: 0.322 Thread 0x000002108cd4b500 Thread added: 0x00000210ab7cb400
Event: 0.322 Thread 0x000002108cd4b500 Thread added: 0x00000210ab950f80
Event: 0.685 Thread 0x000002108cd4b500 Thread added: 0x00000210f11274f0
Event: 0.687 Thread 0x00000210f11274f0 Thread added: 0x00000210f1130990
Event: 1.056 Thread 0x00000210f1130990 Thread added: 0x00000210f140e220
Event: 1.591 Thread 0x00000210f140e220 Thread exited: 0x00000210f140e220
Event: 1.603 Thread 0x00000210f1130990 Thread added: 0x00000210f237cf30
Event: 1.669 Thread 0x00000210f237cf30 Thread exited: 0x00000210f237cf30


Dynamic libraries:
0x00007ff681c10000 - 0x00007ff681c1e000 	C:\Users\gunji\.jdks\openjdk-23\bin\java.exe
0x00007ff874730000 - 0x00007ff874947000 	C:\WINDOWS\SYSTEM32\ntdll.dll
0x00007ff873940000 - 0x00007ff873a04000 	C:\WINDOWS\System32\KERNEL32.DLL
0x00007ff871af0000 - 0x00007ff871eaa000 	C:\WINDOWS\System32\KERNELBASE.dll
0x00007ff871f30000 - 0x00007ff872041000 	C:\WINDOWS\System32\ucrtbase.dll
0x00007ff85b910000 - 0x00007ff85b927000 	C:\Users\gunji\.jdks\openjdk-23\bin\jli.dll
0x00007ff874090000 - 0x00007ff87423e000 	C:\WINDOWS\System32\USER32.dll
0x00007ff85a090000 - 0x00007ff85a0ab000 	C:\Users\gunji\.jdks\openjdk-23\bin\VCRUNTIME140.dll
0x00007ff871ac0000 - 0x00007ff871ae6000 	C:\WINDOWS\System32\win32u.dll
0x00007ff8746c0000 - 0x00007ff8746e9000 	C:\WINDOWS\System32\GDI32.dll
0x00007ff872050000 - 0x00007ff87216b000 	C:\WINDOWS\System32\gdi32full.dll
0x00007ff872170000 - 0x00007ff87220a000 	C:\WINDOWS\System32\msvcp_win.dll
0x00007ff860c80000 - 0x00007ff860f12000 	C:\WINDOWS\WinSxS\amd64_microsoft.windows.common-controls_6595b64144ccf1df_6.0.22621.4541_none_2710d1c57384c085\COMCTL32.dll
0x00007ff8731d0000 - 0x00007ff873277000 	C:\WINDOWS\System32\msvcrt.dll
0x00007ff873cb0000 - 0x00007ff873ce1000 	C:\WINDOWS\System32\IMM32.DLL
0x00007ff864950000 - 0x00007ff86495c000 	C:\Users\gunji\.jdks\openjdk-23\bin\vcruntime140_1.dll
0x00007ff828000000 - 0x00007ff82808e000 	C:\Users\gunji\.jdks\openjdk-23\bin\msvcp140.dll
0x00007fffc5570000 - 0x00007fffc62bf000 	C:\Users\gunji\.jdks\openjdk-23\bin\server\jvm.dll
0x00007ff873e10000 - 0x00007ff873ec2000 	C:\WINDOWS\System32\ADVAPI32.dll
0x00007ff873bf0000 - 0x00007ff873c97000 	C:\WINDOWS\System32\sechost.dll
0x00007ff872400000 - 0x00007ff872428000 	C:\WINDOWS\System32\bcrypt.dll
0x00007ff873ac0000 - 0x00007ff873bd4000 	C:\WINDOWS\System32\RPCRT4.dll
0x00007ff874010000 - 0x00007ff874081000 	C:\WINDOWS\System32\WS2_32.dll
0x00007ff870860000 - 0x00007ff8708ad000 	C:\WINDOWS\SYSTEM32\POWRPROF.dll
0x00007ff86a180000 - 0x00007ff86a1b4000 	C:\WINDOWS\SYSTEM32\WINMM.dll
0x00007ff868480000 - 0x00007ff86848a000 	C:\WINDOWS\SYSTEM32\VERSION.dll
0x00007ff870840000 - 0x00007ff870853000 	C:\WINDOWS\SYSTEM32\UMPDC.dll
0x00007ff870b00000 - 0x00007ff870b18000 	C:\WINDOWS\SYSTEM32\kernel.appcore.dll
0x00007ff85b8c0000 - 0x00007ff85b8ca000 	C:\Users\gunji\.jdks\openjdk-23\bin\jimage.dll
0x00007ff86f200000 - 0x00007ff86f432000 	C:\WINDOWS\SYSTEM32\DBGHELP.DLL
0x00007ff873280000 - 0x00007ff87360f000 	C:\WINDOWS\System32\combase.dll
0x00007ff873f30000 - 0x00007ff874007000 	C:\WINDOWS\System32\OLEAUT32.dll
0x00007ff84d340000 - 0x00007ff84d372000 	C:\WINDOWS\SYSTEM32\dbgcore.DLL
0x00007ff872210000 - 0x00007ff87228b000 	C:\WINDOWS\System32\bcryptPrimitives.dll
0x00007ff85b780000 - 0x00007ff85b78f000 	C:\Users\gunji\.jdks\openjdk-23\bin\instrument.dll
0x00007ff85a070000 - 0x00007ff85a08e000 	C:\Users\gunji\.jdks\openjdk-23\bin\java.dll
0x00007ff872480000 - 0x00007ff872625000 	C:\WINDOWS\System32\ole32.dll
0x00007ff872820000 - 0x00007ff873098000 	C:\WINDOWS\System32\SHELL32.dll
0x00007ff86f900000 - 0x00007ff870208000 	C:\WINDOWS\SYSTEM32\windows.storage.dll
0x00007ff86f7c0000 - 0x00007ff86f8ff000 	C:\WINDOWS\SYSTEM32\wintypes.dll
0x00007ff8730a0000 - 0x00007ff87319a000 	C:\WINDOWS\System32\SHCORE.dll
0x00007ff8737d0000 - 0x00007ff87382e000 	C:\WINDOWS\System32\shlwapi.dll
0x00007ff871930000 - 0x00007ff87195b000 	C:\WINDOWS\SYSTEM32\profapi.dll
0x00007ff827780000 - 0x00007ff827857000 	C:\Users\gunji\.jdks\openjdk-23\bin\jsvml.dll
0x00007ff8597d0000 - 0x00007ff8597e7000 	C:\Users\gunji\.jdks\openjdk-23\bin\zip.dll
0x00007ff8597c0000 - 0x00007ff8597d0000 	C:\Users\gunji\.jdks\openjdk-23\bin\net.dll
0x00007ff870fb0000 - 0x00007ff871019000 	C:\WINDOWS\system32\mswsock.dll
0x00007ff8597a0000 - 0x00007ff8597b6000 	C:\Users\gunji\.jdks\openjdk-23\bin\nio.dll
0x00007ff859690000 - 0x00007ff8596aa000 	D:\IntelliJ IDEA Community Edition 2024.3.1\bin\breakgen64.dll
0x00007ff859790000 - 0x00007ff859799000 	C:\Users\gunji\.jdks\openjdk-23\bin\extnet.dll
0x00007ff859680000 - 0x00007ff85968a000 	C:\Users\gunji\.jdks\openjdk-23\bin\management.dll
0x00007ff859670000 - 0x00007ff85967b000 	C:\Users\gunji\.jdks\openjdk-23\bin\management_ext.dll
0x00007ff873930000 - 0x00007ff873938000 	C:\WINDOWS\System32\PSAPI.DLL
0x00007ff851500000 - 0x00007ff85150e000 	C:\Users\gunji\.jdks\openjdk-23\bin\sunmscapi.dll
0x00007ff872290000 - 0x00007ff8723f6000 	C:\WINDOWS\System32\CRYPT32.dll
0x00007ff8713c0000 - 0x00007ff8713ed000 	C:\WINDOWS\SYSTEM32\ncrypt.dll
0x00007ff871380000 - 0x00007ff8713b7000 	C:\WINDOWS\SYSTEM32\NTASN1.dll

dbghelp: loaded successfully - version: 4.0.5 - missing functions: none
symbol engine: initialized successfully - sym options: 0x614 - pdb path: .;C:\Users\gunji\.jdks\openjdk-23\bin;C:\WINDOWS\SYSTEM32;C:\WINDOWS\WinSxS\amd64_microsoft.windows.common-controls_6595b64144ccf1df_6.0.22621.4541_none_2710d1c57384c085;C:\Users\gunji\.jdks\openjdk-23\bin\server;D:\IntelliJ IDEA Community Edition 2024.3.1\bin

VM Arguments:
jvm_args: -javaagent:D:\IntelliJ IDEA Community Edition 2024.3.1\lib\idea_rt.jar=53401:D:\IntelliJ IDEA Community Edition 2024.3.1\bin -Dfile.encoding=UTF-8 -Dsun.stdout.encoding=UTF-8 -Dsun.stderr.encoding=UTF-8 
java_command: com.jsp.SpringSec.SpringSecApplication
java_class_path (initial): D:\SpringSec\SpringSec\target\classes;C:\Users\gunji\.m2\repository\org\springframework\boot\spring-boot-starter-data-jpa\3.4.0\spring-boot-starter-data-jpa-3.4.0.jar;C:\Users\gunji\.m2\repository\org\springframework\boot\spring-boot-starter\3.4.0\spring-boot-starter-3.4.0.jar;C:\Users\gunji\.m2\repository\org\springframework\boot\spring-boot-starter-logging\3.4.0\spring-boot-starter-logging-3.4.0.jar;C:\Users\gunji\.m2\repository\ch\qos\logback\logback-classic\1.5.12\logback-classic-1.5.12.jar;C:\Users\gunji\.m2\repository\ch\qos\logback\logback-core\1.5.12\logback-core-1.5.12.jar;C:\Users\gunji\.m2\repository\org\apache\logging\log4j\log4j-to-slf4j\2.24.1\log4j-to-slf4j-2.24.1.jar;C:\Users\gunji\.m2\repository\org\apache\logging\log4j\log4j-api\2.24.1\log4j-api-2.24.1.jar;C:\Users\gunji\.m2\repository\org\slf4j\jul-to-slf4j\2.0.16\jul-to-slf4j-2.0.16.jar;C:\Users\gunji\.m2\repository\jakarta\annotation\jakarta.annotation-api\2.1.1\jakarta.annotation-api-2.1.1.jar;C:\Users\gunji\.m2\repository\org\yaml\snakeyaml\2.3\snakeyaml-2.3.jar;C:\Users\gunji\.m2\repository\org\hibernate\orm\hibernate-core\6.6.2.Final\hibernate-core-6.6.2.Final.jar;C:\Users\gunji\.m2\repository\jakarta\persistence\jakarta.persistence-api\3.1.0\jakarta.persistence-api-3.1.0.jar;C:\Users\gunji\.m2\repository\jakarta\transaction\jakarta.transaction-api\2.0.1\jakarta.transaction-api-2.0.1.jar;C:\Users\gunji\.m2\repository\org\jboss\logging\jboss-logging\3.6.1.Final\jboss-logging-3.6.1.Final.jar;C:\Users\gunji\.m2\repository\org\hibernate\common\hibernate-commons-annotations\7.0.3.Final\hibernate-commons-annotations-7.0.3.Final.jar;C:\Users\gunji\.m2\repository\io\smallrye\jandex\3.2.0\jandex-3.2.0.jar;C:\Users\gunji\.m2\repository\com\fasterxml\classmate\1.7.0\classmate-1.7.0.jar;C:\Users\gunji\.m2\repository\net\bytebuddy\byte-buddy\1.15.10\byte-buddy-1.15.10.jar;C:\Users\gunji\.m2\repository\org\glassfish\jaxb\jaxb-runtime\4.0.5\jaxb-runtime-4.0.5.jar;C:\Users\gunji\.m2\repository\org\glassfish\jaxb\jaxb-core\4.0.5\jaxb-core-4.0.5.jar;C:\Users\gunji\.m2\repository\org\eclipse\angus\angus-activation\2.0.2\angus-activation-2.0.2.jar;C:\Users\gunji\.m2\repository\org\glassfish\jaxb\txw2\4.0.5\txw2-4.0.5.jar;C:\Users\gunji\.m2\repository\com\sun\istack\istack-commons-runtime\4.1.2\istack-commons-runtime-4.1.2.jar;C:\Users\gunji\.m2\repository\jakarta\inject\jakarta.inject-api\2.0.1\jakarta.inject-api-2.0.1.jar;C:\Users\gunji\.m2\repository\org\antlr\antlr4-runtime\4.13.0\antlr4-runtime-4.13.0.jar;C:\Users\gunji\.m2\repository\org\springframework\data\spring-data-jpa\3.4.0\spring-data-jpa-3.4.0.jar;C:\Users\gunji\.m2\repository\org\springframework\data\spring-data-commons\3.4.0\spring-data-commons-3.4.0.jar;C:\Users\gunji\.m2\repository\org\springframework\spring-orm\6.2.0\spring-orm-6.2.0.jar;C:\Users\gunji\.m2\repository\org\springframework\spring-context\6.2.0\spring-context-6.2.0.jar;C:\Users\gunji\.m2\repository\org\springframework\spring-tx\6.2.0\spring-tx-6.2.0.jar;C:\Users\gunji\.m2\repository\org\springframework\spring-beans\6.2.0\spring-beans-6.2.0.jar;C:\Users\gunji\.m2\repository\org\slf4j\slf4j-api\2.0.16\slf4j-api-2.0.16.jar;C:\Users\gunji\.m2\repository\org\springframework\spring-aspects\6.2.0\spring-aspects-6.2.0.jar;C:\Users\gunji\.m2\repository\org\aspectj\aspectjweaver\1.9.22.1\aspectjweaver-1.9.22.1.jar;C:\Users\gunji\.m2\repository\io\jsonwebtoken\jjwt-api\0.12.5\jjwt-api-0.12.5.jar;C:\Users\gunji\.m2\repository\io\jsonwebtoken\jjwt-impl\0.12.5\jjwt-impl-0.12.5.jar;C:\Users\gunji\.m2\repository\io\jsonwebtoken\jjwt-jackson\0.12.5\jjwt-jackson-0.12.5.jar;C:\Users\gunji\.m2\repository\com\fasterxml\jackson\core\jackson-databind\2.18.1\jackson-databind-2.18.1.jar;C:\Users\gunji\.m2\repository\com\fasterxml\jackson\core\jackson-annotations\2.18.1\jackson-annotations-2.18.1.jar;C:\Users\gunji\.m2\repository\com\fasterxml\jackson\core\jackson-core\2.18.1\jackson-core-2.18.1.jar;C:\Users\gunji\.m2\repository\org\springframework\boot\spring-boot-starter-jdbc\3.4.0\spring-boot-starter-jdbc-3.4.0.jar;C:\Users\gunji\.m2\repository\com\zaxxer\HikariCP\5.1.0\HikariCP-5.1.0.jar;C:\Users\gunji\.m2\repository\org\springframework\spring-jdbc\6.2.0\spring-jdbc-6.2.0.jar;C:\Users\gunji\.m2\repository\org\springframework\boot\spring-boot-starter-security\3.4.0\spring-boot-starter-security-3.4.0.jar;C:\Users\gunji\.m2\repository\org\springframework\spring-aop\6.2.0\spring-aop-6.2.0.jar;C:\Users\gunji\.m2\repository\org\springframework\security\spring-security-config\6.4.1\spring-security-config-6.4.1.jar;C:\Users\gunji\.m2\repository\org\springframework\security\spring-security-web\6.4.1\spring-security-web-6.4.1.jar;C:\Users\gunji\.m2\repository\org\springframework\spring-expression\6.2.0\spring-expression-6.2.0.jar;C:\Users\gunji\.m2\repository\org\springframework\boot\spring-boot-starter-web\3.4.0\spring-boot-starter-web-3.4.0.jar;C:\Users\gunji\.m2\repository\org\springframework\boot\spring-boot-starter-json\3.4.0\spring-boot-starter-json-3.4.0.jar;C:\Users\gunji\.m2\repository\com\fasterxml\jackson\datatype\jackson-datatype-jdk8\2.18.1\jackson-datatype-jdk8-2.18.1.jar;C:\Users\gunji\.m2\repository\com\fasterxml\jackson\datatype\jackson-datatype-jsr310\2.18.1\jackson-datatype-jsr310-2.18.1.jar;C:\Users\gunji\.m2\repository\com\fasterxml\jackson\module\jackson-module-parameter-names\2.18.1\jackson-module-parameter-names-2.18.1.jar;C:\Users\gunji\.m2\repository\org\springframework\boot\spring-boot-starter-tomcat\3.4.0\spring-boot-starter-tomcat-3.4.0.jar;C:\Users\gunji\.m2\repository\org\apache\tomcat\embed\tomcat-embed-core\10.1.33\tomcat-embed-core-10.1.33.jar;C:\Users\gunji\.m2\repository\org\apache\tomcat\embed\tomcat-embed-el\10.1.33\tomcat-embed-el-10.1.33.jar;C:\Users\gunji\.m2\repository\org\apache\tomcat\embed\tomcat-embed-websocket\10.1.33\tomcat-embed-websocket-10.1.33.jar;C:\Users\gunji\.m2\repository\org\springframework\spring-web\6.2.0\spring-web-6.2.0.jar;C:\Users\gunji\.m2\repository\io\micrometer\micrometer-observation\1.14.1\micrometer-observation-1.14.1.jar;C:\Users\gunji\.m2\repository\io\micrometer\micrometer-commons\1.14.1\micrometer-commons-1.14.1.jar;C:\Users\gunji\.m2\repository\org\springframework\spring-webmvc\6.2.0\spring-webmvc-6.2.0.jar;C:\Users\gunji\.m2\repository\org\springframework\boot\spring-boot-devtools\3.4.0\spring-boot-devtools-3.4.0.jar;C:\Users\gunji\.m2\repository\org\springframework\boot\spring-boot\3.4.0\spring-boot-3.4.0.jar;C:\Users\gunji\.m2\repository\org\springframework\boot\spring-boot-autoconfigure\3.4.0\spring-boot-autoconfigure-3.4.0.jar;C:\Users\gunji\.m2\repository\org\postgresql\postgresql\42.7.4\postgresql-42.7.4.jar;C:\Users\gunji\.m2\repository\org\checkerframework\checker-qual\3.42.0\checker-qual-3.42.0.jar;C:\Users\gunji\.m2\repository\org\projectlombok\lombok\1.18.36\lombok-1.18.36.jar;C:\Users\gunji\.m2\repository\jakarta\xml\bind\jakarta.xml.bind-api\4.0.2\jakarta.xml.bind-api-4.0.2.jar;C:\Users\gunji\.m2\repository\jakarta\activation\jakarta.activation-api\2.1.3\jakarta.activation-api-2.1.3.jar;C:\Users\gunji\.m2\repository\org\springframework\spring-core\6.2.0\spring-core-6.2.0.jar;C:\Users\gunji\.m2\repository\org\springframework\spring-jcl\6.2.0\spring-jcl-6.2.0.jar;C:\Users\gunji\.m2\repository\org\springframework\security\spring-security-core\6.4.1\spring-security-core-6.4.1.jar;C:\Users\gunji\.m2\repository\org\springframework\security\spring-security-crypto\6.4.1\spring-security-crypto-6.4.1.jar
Launcher Type: SUN_STANDARD

[Global flags]
     intx CICompilerCount                          = 3                                         {product} {ergonomic}
     uint ConcGCThreads                            = 1                                         {product} {ergonomic}
     uint G1ConcRefinementThreads                  = 4                                         {product} {ergonomic}
   size_t G1HeapRegionSize                         = 1048576                                   {product} {ergonomic}
   size_t InitialHeapSize                          = 132120576                                 {product} {ergonomic}
   size_t MarkStackSize                            = 4194304                                   {product} {ergonomic}
   size_t MarkStackSizeMax                         = 536870912                                 {product} {ergonomic}
   size_t MaxHeapSize                              = 2090860544                                {product} {ergonomic}
   size_t MaxNewSize                               = 1254096896                                {product} {ergonomic}
   size_t MinHeapDeltaBytes                        = 1048576                                   {product} {ergonomic}
   size_t MinHeapSize                              = 8388608                                   {product} {ergonomic}
    uintx NonNMethodCodeHeapSize                   = 5832704                                {pd product} {ergonomic}
    uintx NonProfiledCodeHeapSize                  = 122945536                              {pd product} {ergonomic}
    uintx ProfiledCodeHeapSize                     = 122880000                              {pd product} {ergonomic}
    uintx ReservedCodeCacheSize                    = 251658240                              {pd product} {ergonomic}
     bool SegmentedCodeCache                       = true                                      {product} {ergonomic}
   size_t SoftMaxHeapSize                          = 2090860544                             {manageable} {ergonomic}
     bool UseCompressedOops                        = true                           {product lp64_product} {ergonomic}
     bool UseG1GC                                  = true                                      {product} {ergonomic}
     bool UseLargePagesIndividualAllocation        = false                                  {pd product} {ergonomic}

Logging:
Log output configuration:
 #0: stdout all=warning uptime,level,tags foldmultilines=false
 #1: stderr all=off uptime,level,tags foldmultilines=false

Environment Variables:
PATH=D:\oracle\product\10.2.0\db_1\bin;C:\ProgramData\Oracle\Java\javapath;C:\Program Files\Python310\Scripts\;C:\Program Files\Python310\;C:\WINDOWS\system32;C:\WINDOWS;C:\WINDOWS\System32\Wbem;C:\WINDOWS\System32\WindowsPowerShell\v1.0\;C:\WINDOWS\System32\OpenSSH\;C:\ProgramData\chocolatey\bin;C:\Program Files\nodejs\;C:\Users\gunji\.deno\bin\deno.exe;C:\Users\gunji\Downloads\Supabase (1)\Supabase;C:\Users\gunji\scoop\shims;C:\Program Files\MySQL\MySQL Shell 8.0\bin\;C:\Users\gunji\AppData\Local\Microsoft\WindowsApps;C:\Users\gunji\AppData\Local\Programs\Microsoft VS Code\bin;C:\php-8.3.8;C:\Users\gunji\AppData\Roaming\npm;C:\Users\gunji\.deno\bin;C:\Users\gunji\.deno\bin\deno.exe;;D:\IntelliJ IDEA Community Edition 2024.3.1\bin;
USERNAME=gunji
OS=Windows_NT
PROCESSOR_IDENTIFIER=Intel64 Family 6 Model 140 Stepping 1, GenuineIntel
TMP=C:\Users\gunji\AppData\Local\Temp
TEMP=C:\Users\gunji\AppData\Local\Temp




Periodic native trim disabled

---------------  S Y S T E M  ---------------

OS:
 Windows 11 , 64 bit Build 22621 (10.0.22621.4391)
OS uptime: 0 days 8:10 hours
Hyper-V role detected

CPU: total 4 (initial active 4) (2 cores per cpu, 2 threads per core) family 6 model 140 stepping 1 microcode 0xa4, cx8, cmov, fxsr, ht, mmx, 3dnowpref, sse, sse2, sse3, ssse3, sse4.1, sse4.2, popcnt, lzcnt, tsc, tscinvbit, avx, avx2, aes, erms, clmul, bmi1, bmi2, adx, avx512f, avx512dq, avx512cd, avx512bw, avx512vl, sha, fma, vzeroupper, avx512_vpopcntdq, avx512_vpclmulqdq, avx512_vaes, avx512_vnni, clflush, clflushopt, clwb, avx512_vbmi2, avx512_vbmi, hv, rdtscp, rdpid, fsrm, gfni, avx512_bitalg, f16c, cet_ibt, cet_ss, avx512_ifma
Processor Information for the first 4 processors :
  Max Mhz: 2995, Current Mhz: 2995, Mhz Limit: 2995

Memory: 4k page, system-wide physical 7975M (836M free)
TotalPageFile size 12382M (AvailPageFile size 5M)
current process WorkingSet (physical memory assigned to process): 149M, peak: 150M
current process commit charge ("private bytes"): 263M, peak: 264M

vm_info: OpenJDK 64-Bit Server VM (23+37-2369) for windows-amd64 JRE (23+37-2369), built on 2024-08-20T16:01:23Z with MS VC++ 17.6 (VS2022)

END.
