#
# There is insufficient memory for the Java Runtime Environment to continue.
# Native memory allocation (malloc) failed to allocate 1990576 bytes. Error detail: Chunk::new
# Possible reasons:
#   The system is out of physical RAM or swap space
#   This process is running with CompressedOops enabled, and the Java Heap may be blocking the growth of the native heap
# Possible solutions:
#   Reduce memory load on the system
#   Increase physical memory or swap space
#   Check if swap backing store is full
#   Decrease Java heap size (-Xmx/-Xms)
#   Decrease number of Java threads
#   Decrease Java thread stack sizes (-Xss)
#   Set larger code cache with -XX:ReservedCodeCacheSize=
#   JVM is running with Unscaled Compressed Oops mode in which the Java heap is
#     placed in the first 4GB address space. The Java Heap base address is the
#     maximum limit for the native heap growth. Please use -XX:HeapBaseMinAddress
#     to set the Java Heap base and to place the Java Heap above 4GB virtual address.
# This output file may be truncated or incomplete.
#
#  Out of Memory Error (arena.cpp:149), pid=11956, tid=21688
#
# JRE version: OpenJDK Runtime Environment (23.0+37) (build 23+37-2369)
# Java VM: OpenJDK 64-Bit Server VM (23+37-2369, mixed mode, sharing, tiered, compressed oops, compressed class ptrs, g1 gc, windows-amd64)
# No core dump will be written. Minidumps are not enabled by default on client versions of Windows
#

---------------  S U M M A R Y ------------

Command Line: -javaagent:D:\IntelliJ IDEA Community Edition 2024.3.1\lib\idea_rt.jar=53345:D:\IntelliJ IDEA Community Edition 2024.3.1\bin -Dfile.encoding=UTF-8 -Dsun.stdout.encoding=UTF-8 -Dsun.stderr.encoding=UTF-8 com.jsp.SpringSec.SpringSecApplication

Host: 11th Gen Intel(R) Core(TM) i3-1115G4 @ 3.00GHz, 4 cores, 7G,  Windows 11 , 64 bit Build 22621 (10.0.22621.4391)
Time: Sun Dec 22 22:18:46 2024 India Standard Time elapsed time: 6.001497 seconds (0d 0h 0m 6s)

---------------  T H R E A D  ---------------

Current thread (0x0000020ac559c9d0):  JavaThread "C2 CompilerThread0" daemon [_thread_in_native, id=21688, stack(0x0000009e39d00000,0x0000009e39e00000) (1024K)]


Current CompileTask:
C2:6001 5429   !   4       org.springframework.util.ReflectionUtils::doWithMethods (186 bytes)

Stack: [0x0000009e39d00000,0x0000009e39e00000]
Native frames: (J=compiled Java code, j=interpreted, Vv=VM code, C=native code)
V  [jvm.dll+0x6e08a9]  (no source info available)
V  [jvm.dll+0x87da63]  (no source info available)
V  [jvm.dll+0x87feee]  (no source info available)
V  [jvm.dll+0x8805c3]  (no source info available)
V  [jvm.dll+0x27aee6]  (no source info available)
V  [jvm.dll+0xbc06f]  (no source info available)
V  [jvm.dll+0xbc2cb]  (no source info available)
V  [jvm.dll+0x3b3a9c]  (no source info available)
V  [jvm.dll+0x38a42b]  (no source info available)
V  [jvm.dll+0x38989a]  (no source info available)
V  [jvm.dll+0x244aa1]  (no source info available)
V  [jvm.dll+0x243dff]  (no source info available)
V  [jvm.dll+0x1c33a0]  (no source info available)
V  [jvm.dll+0x253cf1]  (no source info available)
V  [jvm.dll+0x251faa]  (no source info available)
V  [jvm.dll+0x3ee036]  (no source info available)
V  [jvm.dll+0x824f1b]  (no source info available)
V  [jvm.dll+0x6df055]  (no source info available)
C  [ucrtbase.dll+0x29333]  (no source info available)
C  [KERNEL32.DLL+0x1259d]  (no source info available)
C  [ntdll.dll+0x5af38]  (no source info available)

Lock stack of current Java thread (top to bottom):


---------------  P R O C E S S  ---------------

Threads class SMR info:
_java_thread_list=0x0000020b0d8d4860, length=21, elements={
0x0000020aa6f0d150, 0x0000020ac55929c0, 0x0000020ac5593b80, 0x0000020ac55961e0,
0x0000020ac5599020, 0x0000020ac5599ff0, 0x0000020ac559bb50, 0x0000020ac559c9d0,
0x0000020ac55b8300, 0x0000020ac569d7b0, 0x0000020ac589bb60, 0x0000020ac59ac090,
0x0000020ac59ac700, 0x0000020b0b90a1b0, 0x0000020b0b90cb20, 0x0000020b0d742560,
0x0000020b0d741ed0, 0x0000020b0d7487d0, 0x0000020b0d743fa0, 0x0000020b0d7494f0,
0x0000020b0d743280
}

Java Threads: ( => current thread )
  0x0000020aa6f0d150 JavaThread "main"                              [_thread_blocked, id=13096, stack(0x0000009e38e00000,0x0000009e38f00000) (1024K)]
  0x0000020ac55929c0 JavaThread "Reference Handler"          daemon [_thread_blocked, id=18172, stack(0x0000009e39700000,0x0000009e39800000) (1024K)]
  0x0000020ac5593b80 JavaThread "Finalizer"                  daemon [_thread_blocked, id=18880, stack(0x0000009e39800000,0x0000009e39900000) (1024K)]
  0x0000020ac55961e0 JavaThread "Signal Dispatcher"          daemon [_thread_blocked, id=20420, stack(0x0000009e39900000,0x0000009e39a00000) (1024K)]
  0x0000020ac5599020 JavaThread "Attach Listener"            daemon [_thread_blocked, id=17576, stack(0x0000009e39a00000,0x0000009e39b00000) (1024K)]
  0x0000020ac5599ff0 JavaThread "Service Thread"             daemon [_thread_blocked, id=18364, stack(0x0000009e39b00000,0x0000009e39c00000) (1024K)]
  0x0000020ac559bb50 JavaThread "Monitor Deflation Thread"   daemon [_thread_blocked, id=21764, stack(0x0000009e39c00000,0x0000009e39d00000) (1024K)]
=>0x0000020ac559c9d0 JavaThread "C2 CompilerThread0"         daemon [_thread_in_native, id=21688, stack(0x0000009e39d00000,0x0000009e39e00000) (1024K)]
  0x0000020ac55b8300 JavaThread "C1 CompilerThread0"         daemon [_thread_blocked, id=21888, stack(0x0000009e39e00000,0x0000009e39f00000) (1024K)]
  0x0000020ac569d7b0 JavaThread "Common-Cleaner"             daemon [_thread_blocked, id=5964, stack(0x0000009e39f00000,0x0000009e3a000000) (1024K)]
  0x0000020ac589bb60 JavaThread "C2 CompilerThread1"         daemon [_thread_in_native, id=18784, stack(0x0000009e3a000000,0x0000009e3a100000) (1024K)]
  0x0000020ac59ac090 JavaThread "Monitor Ctrl-Break"         daemon [_thread_in_native, id=12452, stack(0x0000009e3a100000,0x0000009e3a200000) (1024K)]
  0x0000020ac59ac700 JavaThread "Notification Thread"        daemon [_thread_blocked, id=956, stack(0x0000009e3a200000,0x0000009e3a300000) (1024K)]
  0x0000020b0b90a1b0 JavaThread "Thread-0"                          [_thread_blocked, id=20680, stack(0x0000009e3a600000,0x0000009e3a700000) (1024K)]
  0x0000020b0b90cb20 JavaThread "restartedMain"                     [_thread_in_vm, id=13328, stack(0x0000009e3a700000,0x0000009e3a800000) (1024K)]
  0x0000020b0d742560 JavaThread "Catalina-utility-1"                [_thread_blocked, id=20564, stack(0x0000009e3a800000,0x0000009e3a900000) (1024K)]
  0x0000020b0d741ed0 JavaThread "Catalina-utility-2"                [_thread_blocked, id=18844, stack(0x0000009e3a900000,0x0000009e3aa00000) (1024K)]
  0x0000020b0d7487d0 JavaThread "container-0"                       [_thread_blocked, id=7300, stack(0x0000009e3aa00000,0x0000009e3ab00000) (1024K)]
  0x0000020b0d743fa0 JavaThread "PostgreSQL-JDBC-Cleaner"    daemon [_thread_blocked, id=21844, stack(0x0000009e3ac00000,0x0000009e3ad00000) (1024K)]
  0x0000020b0d7494f0 JavaThread "HikariPool-1 housekeeper"   daemon [_thread_blocked, id=17364, stack(0x0000009e3ad00000,0x0000009e3ae00000) (1024K)]
  0x0000020b0d743280 JavaThread "HikariPool-1 connection adder" daemon [_thread_blocked, id=21208, stack(0x0000009e3ae00000,0x0000009e3af00000) (1024K)]
Total: 21

Other Threads:
  0x0000020ac5577340 VMThread "VM Thread"                           [id=19788, stack(0x0000009e39600000,0x0000009e39700000) (1024K)]
  0x0000020ac5567b30 WatcherThread "VM Periodic Task Thread"        [id=21452, stack(0x0000009e39500000,0x0000009e39600000) (1024K)]
  0x0000020aa919bd60 WorkerThread "GC Thread#0"                     [id=10680, stack(0x0000009e39000000,0x0000009e39100000) (1024K)]
  0x0000020b0b8721d0 WorkerThread "GC Thread#1"                     [id=19176, stack(0x0000009e3a300000,0x0000009e3a400000) (1024K)]
  0x0000020b0b872580 WorkerThread "GC Thread#2"                     [id=16960, stack(0x0000009e3a400000,0x0000009e3a500000) (1024K)]
  0x0000020b0b3d1be0 WorkerThread "GC Thread#3"                     [id=21616, stack(0x0000009e3a500000,0x0000009e3a600000) (1024K)]
  0x0000020aa91eb010 ConcurrentGCThread "G1 Main Marker"            [id=412, stack(0x0000009e39100000,0x0000009e39200000) (1024K)]
  0x0000020aa91ec2c0 WorkerThread "G1 Conc#0"                       [id=13068, stack(0x0000009e39200000,0x0000009e39300000) (1024K)]
  0x0000020ac543d230 ConcurrentGCThread "G1 Refine#0"               [id=9880, stack(0x0000009e39300000,0x0000009e39400000) (1024K)]
  0x0000020ac543ddb0 ConcurrentGCThread "G1 Service"                [id=13420, stack(0x0000009e39400000,0x0000009e39500000) (1024K)]
Total: 10

Threads with active compile tasks:
C2 CompilerThread0  6069 5429   !   4       org.springframework.util.ReflectionUtils::doWithMethods (186 bytes)
C2 CompilerThread1  6069 5459   !   4       org.springframework.core.annotation.AnnotationsScanner::processMethodHierarchy (276 bytes)
Total: 2

VM state: not at safepoint (normal execution)

VM Mutex/Monitor currently owned by a thread: None

Heap address: 0x0000000083600000, size: 1994 MB, Compressed Oops mode: 32-bit

CDS archive(s) mapped at: [0x0000020ac6000000-0x0000020ac6d70000-0x0000020ac6d70000), size 14090240, SharedBaseAddress: 0x0000020ac6000000, ArchiveRelocationMode: 1.
Compressed class space mapped at: 0x0000020ac7000000-0x0000020b07000000, reserved size: 1073741824
Narrow klass base: 0x0000020ac6000000, Narrow klass shift: 0, Narrow klass range: 0x41000000

GC Precious Log:
 CardTable entry size: 512
 Card Set container configuration: InlinePtr #cards 5 size 8 Array Of Cards #cards 10 size 36 Howl #buckets 4 coarsen threshold 1843 Howl Bitmap #cards 512 size 80 coarsen threshold 460 Card regions per heap region 1 cards per card region 2048
 CPUs: 4 total, 4 available
 Memory: 7975M
 Large Page Support: Disabled
 NUMA Support: Disabled
 Compressed Oops: Enabled (32-bit)
 Heap Region Size: 1M
 Heap Min Capacity: 8M
 Heap Initial Capacity: 126M
 Heap Max Capacity: 1994M
 Pre-touch: Disabled
 Parallel Workers: 4
 Concurrent Workers: 1
 Concurrent Refinement Workers: 4
 Periodic GC: Disabled

Heap:
 garbage-first heap   total reserved 2041856K, committed 51200K, used 31406K [0x0000000083600000, 0x0000000100000000)
  region size 1024K, 9 young (9216K), 3 survivors (3072K)
 Metaspace       used 58350K, committed 58944K, reserved 1114112K
  class space    used 8068K, committed 8320K, reserved 1048576K

Heap Regions: E=young(eden), S=young(survivor), O=old, HS=humongous(starts), HC=humongous(continues), CS=collection set, F=free, TAMS=top-at-mark-start, PB=parsable bottom
|   0|0x0000000083600000, 0x0000000083700000, 0x0000000083700000|100%|HS|  |TAMS 0x0000000083600000| PB 0x0000000083600000| Complete |  0
|   1|0x0000000083700000, 0x0000000083800000, 0x0000000083800000|100%|HS|  |TAMS 0x0000000083700000| PB 0x0000000083700000| Complete |  0
|   2|0x0000000083800000, 0x0000000083900000, 0x0000000083900000|100%| O|  |TAMS 0x0000000083800000| PB 0x0000000083800000| Untracked |  0
|   3|0x0000000083900000, 0x0000000083a00000, 0x0000000083a00000|100%| O|  |TAMS 0x0000000083900000| PB 0x0000000083900000| Untracked |  0
|   4|0x0000000083a00000, 0x0000000083b00000, 0x0000000083b00000|100%| O|  |TAMS 0x0000000083a00000| PB 0x0000000083a00000| Untracked |  0
|   5|0x0000000083b00000, 0x0000000083c00000, 0x0000000083c00000|100%| O|  |TAMS 0x0000000083b00000| PB 0x0000000083b00000| Untracked |  0
|   6|0x0000000083c00000, 0x0000000083d00000, 0x0000000083d00000|100%| O|  |TAMS 0x0000000083c00000| PB 0x0000000083c00000| Untracked |  0
|   7|0x0000000083d00000, 0x0000000083e00000, 0x0000000083e00000|100%| O|  |TAMS 0x0000000083d00000| PB 0x0000000083d00000| Untracked |  0
|   8|0x0000000083e00000, 0x0000000083f00000, 0x0000000083f00000|100%| O|  |TAMS 0x0000000083e00000| PB 0x0000000083e00000| Untracked |  0
|   9|0x0000000083f00000, 0x0000000084000000, 0x0000000084000000|100%| O|  |TAMS 0x0000000083f00000| PB 0x0000000083f00000| Untracked |  0
|  10|0x0000000084000000, 0x0000000084100000, 0x0000000084100000|100%| O|  |TAMS 0x0000000084000000| PB 0x0000000084000000| Untracked |  0
|  11|0x0000000084100000, 0x0000000084200000, 0x0000000084200000|100%| O|  |TAMS 0x0000000084100000| PB 0x0000000084100000| Untracked |  0
|  12|0x0000000084200000, 0x0000000084300000, 0x0000000084300000|100%| O|  |TAMS 0x0000000084200000| PB 0x0000000084200000| Untracked |  0
|  13|0x0000000084300000, 0x0000000084400000, 0x0000000084400000|100%| O|  |TAMS 0x0000000084300000| PB 0x0000000084300000| Untracked |  0
|  14|0x0000000084400000, 0x0000000084500000, 0x0000000084500000|100%| O|  |TAMS 0x0000000084400000| PB 0x0000000084400000| Untracked |  0
|  15|0x0000000084500000, 0x0000000084600000, 0x0000000084600000|100%| O|  |TAMS 0x0000000084500000| PB 0x0000000084500000| Untracked |  0
|  16|0x0000000084600000, 0x0000000084700000, 0x0000000084700000|100%| O|  |TAMS 0x0000000084600000| PB 0x0000000084600000| Untracked |  0
|  17|0x0000000084700000, 0x0000000084800000, 0x0000000084800000|100%| O|  |TAMS 0x0000000084700000| PB 0x0000000084700000| Untracked |  0
|  18|0x0000000084800000, 0x0000000084900000, 0x0000000084900000|100%| O|  |TAMS 0x0000000084800000| PB 0x0000000084800000| Untracked |  0
|  19|0x0000000084900000, 0x0000000084a00000, 0x0000000084a00000|100%| O|  |TAMS 0x0000000084900000| PB 0x0000000084900000| Untracked |  0
|  20|0x0000000084a00000, 0x0000000084b00000, 0x0000000084b00000|100%| O|  |TAMS 0x0000000084a00000| PB 0x0000000084a00000| Untracked |  0
|  21|0x0000000084b00000, 0x0000000084c00000, 0x0000000084c00000|100%| O|  |TAMS 0x0000000084b00000| PB 0x0000000084b00000| Untracked |  0
|  22|0x0000000084c00000, 0x0000000084ceb588, 0x0000000084d00000| 91%| O|  |TAMS 0x0000000084c00000| PB 0x0000000084c00000| Untracked |  0
|  23|0x0000000084d00000, 0x0000000084d00000, 0x0000000084e00000|  0%| F|  |TAMS 0x0000000084d00000| PB 0x0000000084d00000| Untracked |  0
|  24|0x0000000084e00000, 0x0000000084e00000, 0x0000000084f00000|  0%| F|  |TAMS 0x0000000084e00000| PB 0x0000000084e00000| Untracked |  0
|  25|0x0000000084f00000, 0x0000000084f00000, 0x0000000085000000|  0%| F|  |TAMS 0x0000000084f00000| PB 0x0000000084f00000| Untracked |  0
|  26|0x0000000085000000, 0x0000000085000000, 0x0000000085100000|  0%| F|  |TAMS 0x0000000085000000| PB 0x0000000085000000| Untracked |  0
|  27|0x0000000085100000, 0x0000000085100000, 0x0000000085200000|  0%| F|  |TAMS 0x0000000085100000| PB 0x0000000085100000| Untracked |  0
|  28|0x0000000085200000, 0x00000000852c0448, 0x0000000085300000| 75%| S|CS|TAMS 0x0000000085200000| PB 0x0000000085200000| Complete |  0
|  29|0x0000000085300000, 0x0000000085400000, 0x0000000085400000|100%| S|CS|TAMS 0x0000000085300000| PB 0x0000000085300000| Complete |  0
|  30|0x0000000085400000, 0x0000000085500000, 0x0000000085500000|100%| S|CS|TAMS 0x0000000085400000| PB 0x0000000085400000| Complete |  0
|  31|0x0000000085500000, 0x0000000085500000, 0x0000000085600000|  0%| F|  |TAMS 0x0000000085500000| PB 0x0000000085500000| Untracked |  0
|  32|0x0000000085600000, 0x0000000085600000, 0x0000000085700000|  0%| F|  |TAMS 0x0000000085600000| PB 0x0000000085600000| Untracked |  0
|  33|0x0000000085700000, 0x0000000085700000, 0x0000000085800000|  0%| F|  |TAMS 0x0000000085700000| PB 0x0000000085700000| Untracked |  0
|  34|0x0000000085800000, 0x0000000085800000, 0x0000000085900000|  0%| F|  |TAMS 0x0000000085800000| PB 0x0000000085800000| Untracked |  0
|  35|0x0000000085900000, 0x0000000085900000, 0x0000000085a00000|  0%| F|  |TAMS 0x0000000085900000| PB 0x0000000085900000| Untracked |  0
|  36|0x0000000085a00000, 0x0000000085a00000, 0x0000000085b00000|  0%| F|  |TAMS 0x0000000085a00000| PB 0x0000000085a00000| Untracked |  0
|  37|0x0000000085b00000, 0x0000000085b00000, 0x0000000085c00000|  0%| F|  |TAMS 0x0000000085b00000| PB 0x0000000085b00000| Untracked |  0
|  38|0x0000000085c00000, 0x0000000085c00000, 0x0000000085d00000|  0%| F|  |TAMS 0x0000000085c00000| PB 0x0000000085c00000| Untracked |  0
|  39|0x0000000085d00000, 0x0000000085d00000, 0x0000000085e00000|  0%| F|  |TAMS 0x0000000085d00000| PB 0x0000000085d00000| Untracked |  0
|  40|0x0000000085e00000, 0x0000000085e00000, 0x0000000085f00000|  0%| F|  |TAMS 0x0000000085e00000| PB 0x0000000085e00000| Untracked |  0
|  41|0x0000000085f00000, 0x0000000085f00000, 0x0000000086000000|  0%| F|  |TAMS 0x0000000085f00000| PB 0x0000000085f00000| Untracked |  0
|  42|0x0000000086000000, 0x0000000086000000, 0x0000000086100000|  0%| F|  |TAMS 0x0000000086000000| PB 0x0000000086000000| Untracked |  0
|  84|0x0000000088a00000, 0x0000000088a00000, 0x0000000088b00000|  0%| F|  |TAMS 0x0000000088a00000| PB 0x0000000088a00000| Untracked |  0
|  85|0x0000000088b00000, 0x0000000088b5c4e0, 0x0000000088c00000| 36%| E|  |TAMS 0x0000000088b00000| PB 0x0000000088b00000| Complete |  0
|  86|0x0000000088c00000, 0x0000000088d00000, 0x0000000088d00000|100%| E|CS|TAMS 0x0000000088c00000| PB 0x0000000088c00000| Complete |  0
|  91|0x0000000089100000, 0x0000000089200000, 0x0000000089200000|100%| E|CS|TAMS 0x0000000089100000| PB 0x0000000089100000| Complete |  0
|  92|0x0000000089200000, 0x0000000089300000, 0x0000000089300000|100%| E|CS|TAMS 0x0000000089200000| PB 0x0000000089200000| Complete |  0
|  93|0x0000000089300000, 0x0000000089400000, 0x0000000089400000|100%| E|CS|TAMS 0x0000000089300000| PB 0x0000000089300000| Complete |  0
| 125|0x000000008b300000, 0x000000008b400000, 0x000000008b400000|100%| E|CS|TAMS 0x000000008b300000| PB 0x000000008b300000| Complete |  0

Card table byte_map: [0x0000020ac0c60000,0x0000020ac1050000] _byte_map_base: 0x0000020ac0845000

Marking Bits: (CMBitMap*) 0x0000020aa919c470
 Bits: [0x0000020ac1050000, 0x0000020ac2f78000)

Polling page: 0x0000020aa8900000

Metaspace:

Usage:
  Non-class:     49.12 MB used.
      Class:      7.88 MB used.
       Both:     57.00 MB used.

Virtual space:
  Non-class space:       64.00 MB reserved,      49.44 MB ( 77%) committed,  1 nodes.
      Class space:        1.00 GB reserved,       8.12 MB ( <1%) committed,  1 nodes.
             Both:        1.06 GB reserved,      57.56 MB (  5%) committed. 

Chunk freelists:
   Non-Class:  13.83 MB
       Class:  7.88 MB
        Both:  21.70 MB

MaxMetaspaceSize: unlimited
CompressedClassSpaceSize: 1.00 GB
Initial GC threshold: 21.00 MB
Current GC threshold: 58.69 MB
CDS: on
 - commit_granule_bytes: 65536.
 - commit_granule_words: 8192.
 - virtual_space_node_default_size: 8388608.
 - enlarge_chunks_in_place: 1.
 - use_allocation_guard: 0.


Internal statistics:

num_allocs_failed_limit: 6.
num_arena_births: 786.
num_arena_deaths: 0.
num_vsnodes_births: 2.
num_vsnodes_deaths: 0.
num_space_committed: 921.
num_space_uncommitted: 0.
num_chunks_returned_to_freelist: 6.
num_chunks_taken_from_freelist: 2835.
num_chunk_merges: 3.
num_chunk_splits: 2047.
num_chunks_enlarged: 1590.
num_inconsistent_stats: 0.

CodeHeap 'non-profiled nmethods': size=120064Kb used=2402Kb max_used=2402Kb free=117661Kb
 bounds [0x0000020ab9330000, 0x0000020ab95a0000, 0x0000020ac0870000]
CodeHeap 'profiled nmethods': size=120000Kb used=7969Kb max_used=7969Kb free=112030Kb
 bounds [0x0000020ab1870000, 0x0000020ab2040000, 0x0000020ab8da0000]
CodeHeap 'non-nmethods': size=5696Kb used=1787Kb max_used=1801Kb free=3908Kb
 bounds [0x0000020ab8da0000, 0x0000020ab9010000, 0x0000020ab9330000]
CodeCache: size=245760Kb, used=12158Kb, max_used=12172Kb, free=233599Kb
 total_blobs=5796, nmethods=5105, adapters=596, full_count=0
Compilation: enabled, stopped_count=0, restarted_count=0

Compilation events (20 events):
Event: 5.981 Thread 0x0000020ac55b8300 5507       3       java.lang.invoke.InvokerBytecodeGenerator::emitReturn (107 bytes)
Event: 5.981 Thread 0x0000020ac55b8300 nmethod 5507 0x0000020ab202b488 code [0x0000020ab202b600, 0x0000020ab202baa8]
Event: 5.981 Thread 0x0000020ac55b8300 5508       3       java.lang.reflect.Method::setMethodAccessor (20 bytes)
Event: 5.981 Thread 0x0000020ac55b8300 nmethod 5508 0x0000020ab202bb08 code [0x0000020ab202bc40, 0x0000020ab202bef8]
Event: 5.989 Thread 0x0000020ac55b8300 5509       3       org.springframework.util.ReflectionUtils::isHashCodeMethod (30 bytes)
Event: 5.989 Thread 0x0000020ac55b8300 nmethod 5509 0x0000020ab202bf08 code [0x0000020ab202c040, 0x0000020ab202c2a0]
Event: 5.990 Thread 0x0000020ac55b8300 5511       3       java.lang.classfile.TypeKind::asLoadable (64 bytes)
Event: 5.990 Thread 0x0000020ac55b8300 nmethod 5511 0x0000020ab202c308 code [0x0000020ab202c420, 0x0000020ab202c630]
Event: 5.990 Thread 0x0000020ac55b8300 5512       3       java.lang.classfile.ClassBuilder::withField (32 bytes)
Event: 5.991 Thread 0x0000020ac55b8300 nmethod 5512 0x0000020ab202c688 code [0x0000020ab202c820, 0x0000020ab202ce18]
Event: 5.991 Thread 0x0000020ac55b8300 5513       3       java.lang.classfile.constantpool.ConstantPoolBuilder::utf8Entry (13 bytes)
Event: 5.991 Thread 0x0000020ac55b8300 nmethod 5513 0x0000020ab202ce88 code [0x0000020ab202cfc0, 0x0000020ab202d268]
Event: 5.995 Thread 0x0000020ac55b8300 5514       3       java.util.stream.FindOps::makeRef (14 bytes)
Event: 5.995 Thread 0x0000020ac55b8300 nmethod 5514 0x0000020ab202d288 code [0x0000020ab202d3a0, 0x0000020ab202d508]
Event: 5.995 Thread 0x0000020ac55b8300 5515       3       java.util.stream.FindOps$FindOp::evaluateSequential (39 bytes)
Event: 5.995 Thread 0x0000020ac55b8300 nmethod 5515 0x0000020ab202d588 code [0x0000020ab202d700, 0x0000020ab202dcc8]
Event: 5.995 Thread 0x0000020ac55b8300 5516       3       java.util.stream.FindOps$FindSink$OfRef::<init> (5 bytes)
Event: 5.995 Thread 0x0000020ac55b8300 nmethod 5516 0x0000020ab202dd08 code [0x0000020ab202de20, 0x0000020ab202dfe8]
Event: 6.000 Thread 0x0000020ac55b8300 5517       3       java.lang.invoke.LambdaFormEditor::filterArgumentsForm (74 bytes)
Event: 6.000 Thread 0x0000020ac55b8300 nmethod 5517 0x0000020ab202e008 code [0x0000020ab202e160, 0x0000020ab202e408]

GC Heap History (20 events):
Event: 1.490 GC heap before
{Heap before GC invocations=2 (full 0):
 garbage-first heap   total reserved 2041856K, committed 129024K, used 42120K [0x0000000083600000, 0x0000000100000000)
  region size 1024K, 35 young (35840K), 1 survivors (1024K)
 Metaspace       used 16776K, committed 17088K, reserved 1114112K
  class space    used 2058K, committed 2176K, reserved 1048576K
}
Event: 1.495 GC heap after
{Heap after GC invocations=3 (full 0):
 garbage-first heap   total reserved 2041856K, committed 129024K, used 11232K [0x0000000083600000, 0x0000000100000000)
  region size 1024K, 4 young (4096K), 4 survivors (4096K)
 Metaspace       used 16776K, committed 17088K, reserved 1114112K
  class space    used 2058K, committed 2176K, reserved 1048576K
}
Event: 2.147 GC heap before
{Heap before GC invocations=3 (full 0):
 garbage-first heap   total reserved 2041856K, committed 129024K, used 41952K [0x0000000083600000, 0x0000000100000000)
  region size 1024K, 36 young (36864K), 4 survivors (4096K)
 Metaspace       used 21143K, committed 21504K, reserved 1114112K
  class space    used 2609K, committed 2816K, reserved 1048576K
}
Event: 2.155 GC heap after
{Heap after GC invocations=4 (full 0):
 garbage-first heap   total reserved 2041856K, committed 129024K, used 14548K [0x0000000083600000, 0x0000000100000000)
  region size 1024K, 6 young (6144K), 6 survivors (6144K)
 Metaspace       used 21143K, committed 21504K, reserved 1114112K
  class space    used 2609K, committed 2816K, reserved 1048576K
}
Event: 2.842 GC heap before
{Heap before GC invocations=5 (full 0):
 garbage-first heap   total reserved 2041856K, committed 51200K, used 39124K [0x0000000083600000, 0x0000000100000000)
  region size 1024K, 30 young (30720K), 6 survivors (6144K)
 Metaspace       used 24597K, committed 24960K, reserved 1114112K
  class space    used 3099K, committed 3264K, reserved 1048576K
}
Event: 2.850 GC heap after
{Heap after GC invocations=6 (full 0):
 garbage-first heap   total reserved 2041856K, committed 51200K, used 16354K [0x0000000083600000, 0x0000000100000000)
  region size 1024K, 3 young (3072K), 3 survivors (3072K)
 Metaspace       used 24597K, committed 24960K, reserved 1114112K
  class space    used 3099K, committed 3264K, reserved 1048576K
}
Event: 3.301 GC heap before
{Heap before GC invocations=6 (full 0):
 garbage-first heap   total reserved 2041856K, committed 51200K, used 36834K [0x0000000083600000, 0x0000000100000000)
  region size 1024K, 23 young (23552K), 3 survivors (3072K)
 Metaspace       used 28162K, committed 28672K, reserved 1114112K
  class space    used 3657K, committed 3904K, reserved 1048576K
}
Event: 3.308 GC heap after
{Heap after GC invocations=7 (full 0):
 garbage-first heap   total reserved 2041856K, committed 51200K, used 18636K [0x0000000083600000, 0x0000000100000000)
  region size 1024K, 3 young (3072K), 3 survivors (3072K)
 Metaspace       used 28162K, committed 28672K, reserved 1114112K
  class space    used 3657K, committed 3904K, reserved 1048576K
}
Event: 3.730 GC heap before
{Heap before GC invocations=7 (full 0):
 garbage-first heap   total reserved 2041856K, committed 51200K, used 38092K [0x0000000083600000, 0x0000000100000000)
  region size 1024K, 23 young (23552K), 3 survivors (3072K)
 Metaspace       used 31493K, committed 32000K, reserved 1114112K
  class space    used 4086K, committed 4288K, reserved 1048576K
}
Event: 3.734 GC heap after
{Heap after GC invocations=8 (full 0):
 garbage-first heap   total reserved 2041856K, committed 51200K, used 20045K [0x0000000083600000, 0x0000000100000000)
  region size 1024K, 2 young (2048K), 2 survivors (2048K)
 Metaspace       used 31493K, committed 32000K, reserved 1114112K
  class space    used 4086K, committed 4288K, reserved 1048576K
}
Event: 4.083 GC heap before
{Heap before GC invocations=8 (full 0):
 garbage-first heap   total reserved 2041856K, committed 51200K, used 32333K [0x0000000083600000, 0x0000000100000000)
  region size 1024K, 16 young (16384K), 2 survivors (2048K)
 Metaspace       used 35438K, committed 35968K, reserved 1114112K
  class space    used 4660K, committed 4928K, reserved 1048576K
}
Event: 4.088 GC heap after
{Heap after GC invocations=9 (full 0):
 garbage-first heap   total reserved 2041856K, committed 51200K, used 20827K [0x0000000083600000, 0x0000000100000000)
  region size 1024K, 3 young (3072K), 3 survivors (3072K)
 Metaspace       used 35438K, committed 35968K, reserved 1114112K
  class space    used 4660K, committed 4928K, reserved 1048576K
}
Event: 4.650 GC heap before
{Heap before GC invocations=10 (full 0):
 garbage-first heap   total reserved 2041856K, committed 51200K, used 41307K [0x0000000083600000, 0x0000000100000000)
  region size 1024K, 23 young (23552K), 3 survivors (3072K)
 Metaspace       used 41297K, committed 41728K, reserved 1114112K
  class space    used 5524K, committed 5696K, reserved 1048576K
}
Event: 4.654 GC heap after
{Heap after GC invocations=11 (full 0):
 garbage-first heap   total reserved 2041856K, committed 51200K, used 22180K [0x0000000083600000, 0x0000000100000000)
  region size 1024K, 3 young (3072K), 3 survivors (3072K)
 Metaspace       used 41297K, committed 41728K, reserved 1114112K
  class space    used 5524K, committed 5696K, reserved 1048576K
}
Event: 5.118 GC heap before
{Heap before GC invocations=11 (full 0):
 garbage-first heap   total reserved 2041856K, committed 51200K, used 41636K [0x0000000083600000, 0x0000000100000000)
  region size 1024K, 23 young (23552K), 3 survivors (3072K)
 Metaspace       used 46623K, committed 47232K, reserved 1114112K
  class space    used 6205K, committed 6464K, reserved 1048576K
}
Event: 5.121 GC heap after
{Heap after GC invocations=12 (full 0):
 garbage-first heap   total reserved 2041856K, committed 51200K, used 23422K [0x0000000083600000, 0x0000000100000000)
  region size 1024K, 3 young (3072K), 3 survivors (3072K)
 Metaspace       used 46623K, committed 47232K, reserved 1114112K
  class space    used 6205K, committed 6464K, reserved 1048576K
}
Event: 5.577 GC heap before
{Heap before GC invocations=12 (full 0):
 garbage-first heap   total reserved 2041856K, committed 51200K, used 42878K [0x0000000083600000, 0x0000000100000000)
  region size 1024K, 23 young (23552K), 3 survivors (3072K)
 Metaspace       used 52746K, committed 53376K, reserved 1114112K
  class space    used 7275K, committed 7552K, reserved 1048576K
}
Event: 5.581 GC heap after
{Heap after GC invocations=13 (full 0):
 garbage-first heap   total reserved 2041856K, committed 51200K, used 24619K [0x0000000083600000, 0x0000000100000000)
  region size 1024K, 3 young (3072K), 3 survivors (3072K)
 Metaspace       used 52746K, committed 53376K, reserved 1114112K
  class space    used 7275K, committed 7552K, reserved 1048576K
}
Event: 5.970 GC heap before
{Heap before GC invocations=13 (full 0):
 garbage-first heap   total reserved 2041856K, committed 51200K, used 44075K [0x0000000083600000, 0x0000000100000000)
  region size 1024K, 22 young (22528K), 3 survivors (3072K)
 Metaspace       used 57354K, committed 57984K, reserved 1114112K
  class space    used 7879K, committed 8128K, reserved 1048576K
}
Event: 5.975 GC heap after
{Heap after GC invocations=14 (full 0):
 garbage-first heap   total reserved 2041856K, committed 51200K, used 26286K [0x0000000083600000, 0x0000000100000000)
  region size 1024K, 3 young (3072K), 3 survivors (3072K)
 Metaspace       used 57354K, committed 57984K, reserved 1114112K
  class space    used 7879K, committed 8128K, reserved 1048576K
}

Dll operation events (14 events):
Event: 0.014 Loaded shared library C:\Users\gunji\.jdks\openjdk-23\bin\java.dll
Event: 0.050 Loaded shared library C:\Users\gunji\.jdks\openjdk-23\bin\jsvml.dll
Event: 0.161 Loaded shared library C:\Users\gunji\.jdks\openjdk-23\bin\zip.dll
Event: 0.165 Loaded shared library C:\Users\gunji\.jdks\openjdk-23\bin\instrument.dll
Event: 0.170 Loaded shared library C:\Users\gunji\.jdks\openjdk-23\bin\net.dll
Event: 0.171 Loaded shared library C:\Users\gunji\.jdks\openjdk-23\bin\nio.dll
Event: 0.175 Loaded shared library C:\Users\gunji\.jdks\openjdk-23\bin\zip.dll
Event: 0.262 Loaded shared library D:\IntelliJ IDEA Community Edition 2024.3.1\bin\breakgen64.dll
Event: 0.273 Loaded shared library C:\Users\gunji\.jdks\openjdk-23\bin\extnet.dll
Event: 0.319 Loaded shared library C:\Users\gunji\.jdks\openjdk-23\bin\jimage.dll
Event: 0.673 Loaded shared library C:\Users\gunji\.jdks\openjdk-23\bin\management.dll
Event: 0.675 Loaded shared library C:\Users\gunji\.jdks\openjdk-23\bin\management_ext.dll
Event: 1.713 Loaded shared library C:\Users\gunji\.jdks\openjdk-23\bin\sunmscapi.dll
Event: 4.146 Loaded shared library C:\Users\gunji\.jdks\openjdk-23\bin\verify.dll

Deoptimization events (20 events):
Event: 5.835 Thread 0x0000020b0b90cb20 Uncommon trap: trap_request=0xffffff45 fr.pc=0x0000020ab94bf954 relative=0x0000000000000b74
Event: 5.835 Thread 0x0000020b0b90cb20 Uncommon trap: reason=unstable_if action=reinterpret pc=0x0000020ab94bf954 method=org.springframework.core.ResolvableType.resolveClass()Ljava/lang/Class; @ 38 c2
Event: 5.835 Thread 0x0000020b0b90cb20 DEOPT PACKING pc=0x0000020ab94bf954 sp=0x0000009e3a7fb960
Event: 5.835 Thread 0x0000020b0b90cb20 DEOPT UNPACKING pc=0x0000020ab8df7982 sp=0x0000009e3a7fb868 mode 2
Event: 5.838 Thread 0x0000020b0b90cb20 Uncommon trap: trap_request=0xffffff45 fr.pc=0x0000020ab9512a00 relative=0x0000000000001c40
Event: 5.838 Thread 0x0000020b0b90cb20 Uncommon trap: reason=unstable_if action=reinterpret pc=0x0000020ab9512a00 method=org.springframework.core.annotation.AnnotationsScanner.processClassInheritedAnnotations(Ljava/lang/Object;Ljava/lang/Class;Lorg/springframework/core/annotation/AnnotationsPr
Event: 5.838 Thread 0x0000020b0b90cb20 DEOPT PACKING pc=0x0000020ab9512a00 sp=0x0000009e3a7fb0b0
Event: 5.838 Thread 0x0000020b0b90cb20 DEOPT UNPACKING pc=0x0000020ab8df7982 sp=0x0000009e3a7fafc8 mode 2
Event: 5.840 Thread 0x0000020b0b90cb20 Uncommon trap: trap_request=0xffffff45 fr.pc=0x0000020ab949f278 relative=0x00000000000001d8
Event: 5.840 Thread 0x0000020b0b90cb20 Uncommon trap: reason=unstable_if action=reinterpret pc=0x0000020ab949f278 method=java.util.ArrayDeque.addLast(Ljava/lang/Object;)V @ 42 c2
Event: 5.840 Thread 0x0000020b0b90cb20 DEOPT PACKING pc=0x0000020ab949f278 sp=0x0000009e3a7fc290
Event: 5.840 Thread 0x0000020b0b90cb20 DEOPT UNPACKING pc=0x0000020ab8df7982 sp=0x0000009e3a7fc1e8 mode 2
Event: 5.857 Thread 0x0000020b0b90cb20 Uncommon trap: trap_request=0xffffff45 fr.pc=0x0000020ab9451fc0 relative=0x0000000000000b00
Event: 5.857 Thread 0x0000020b0b90cb20 Uncommon trap: reason=unstable_if action=reinterpret pc=0x0000020ab9451fc0 method=jdk.internal.classfile.impl.SplitConstantPool.internalAdd(Ljava/lang/classfile/constantpool/PoolEntry;I)Ljava/lang/classfile/constantpool/PoolEntry; @ 18 c2
Event: 5.857 Thread 0x0000020b0b90cb20 DEOPT PACKING pc=0x0000020ab9451fc0 sp=0x0000009e3a7faa70
Event: 5.857 Thread 0x0000020b0b90cb20 DEOPT UNPACKING pc=0x0000020ab8df7982 sp=0x0000009e3a7faa38 mode 2
Event: 5.857 Thread 0x0000020b0b90cb20 Uncommon trap: trap_request=0xffffff45 fr.pc=0x0000020ab9578ce4 relative=0x0000000000004644
Event: 5.857 Thread 0x0000020b0b90cb20 Uncommon trap: reason=unstable_if action=reinterpret pc=0x0000020ab9578ce4 method=jdk.internal.classfile.impl.StackCounter.<init>(Ljdk/internal/classfile/impl/LabelContext;Ljava/lang/constant/ClassDesc;Ljava/lang/String;Ljava/lang/constant/MethodTypeDesc;
Event: 5.857 Thread 0x0000020b0b90cb20 DEOPT PACKING pc=0x0000020ab9578ce4 sp=0x0000009e3a7fafa0
Event: 5.857 Thread 0x0000020b0b90cb20 DEOPT UNPACKING pc=0x0000020ab8df7982 sp=0x0000009e3a7faf20 mode 2

Classes loaded (20 events):
Event: 5.062 Loading class java/util/concurrent/CompletableFuture$AltResult
Event: 5.062 Loading class java/util/concurrent/CompletableFuture$AltResult done
Event: 5.062 Loading class java/util/concurrent/CompletableFuture$Completion
Event: 5.062 Loading class java/util/concurrent/CompletableFuture$AsynchronousCompletionTask
Event: 5.062 Loading class java/util/concurrent/CompletableFuture$AsynchronousCompletionTask done
Event: 5.062 Loading class java/util/concurrent/CompletableFuture$Completion done
Event: 5.103 Loading class java/util/concurrent/CancellationException
Event: 5.103 Loading class java/util/concurrent/CancellationException done
Event: 5.374 Loading class java/util/ArrayList$ListItr
Event: 5.375 Loading class java/util/ArrayList$ListItr done
Event: 5.429 Loading class java/util/AbstractList$SubList
Event: 5.429 Loading class java/util/AbstractList$SubList done
Event: 5.489 Loading class java/lang/reflect/AnnotatedArrayType
Event: 5.489 Loading class java/lang/reflect/AnnotatedArrayType done
Event: 5.808 Loading class javax/naming/Reference
Event: 5.809 Loading class javax/naming/Reference done
Event: 5.832 Loading class java/lang/SafeVarargs
Event: 5.832 Loading class java/lang/SafeVarargs done
Event: 5.834 Loading class sun/reflect/generics/reflectiveObjects/GenericArrayTypeImpl
Event: 5.834 Loading class sun/reflect/generics/reflectiveObjects/GenericArrayTypeImpl done

Classes unloaded (0 events):
No events

Classes redefined (0 events):
No events

Internal exceptions (20 events):
Event: 5.614 Thread 0x0000020b0b90cb20 Exception <a 'java/lang/NoSuchMethodError'{0x0000000089386688}: 'void java.lang.invoke.DirectMethodHandle$Holder.invokeInterface(java.lang.Object, java.lang.Object, int, java.lang.Object)'> (0x0000000089386688) 
thrown [s\open\src\hotspot\share\interpreter\linkResolver.cpp, line 796]
Event: 5.615 Thread 0x0000020b0b90cb20 Exception <a 'java/lang/NoSuchMethodError'{0x00000000893a8970}: 'java.lang.Object java.lang.invoke.DirectMethodHandle$Holder.newInvokeSpecial(java.lang.Object, java.lang.Object, int, java.lang.Object)'> (0x00000000893a8970) 
thrown [s\open\src\hotspot\share\interpreter\linkResolver.cpp, line 796]
Event: 5.616 Thread 0x0000020b0b90cb20 Exception <a 'java/lang/NoSuchMethodError'{0x00000000893ac308}: 'java.lang.Object java.lang.invoke.Invokers$Holder.linkToTargetMethod(java.lang.Object, int, java.lang.Object, java.lang.Object)'> (0x00000000893ac308) 
thrown [s\open\src\hotspot\share\interpreter\linkResolver.cpp, line 796]
Event: 5.627 Thread 0x0000020b0b90cb20 Exception <a 'java/lang/NoSuchMethodError'{0x0000000089271598}: 'void java.lang.invoke.DirectMethodHandle$Holder.invokeSpecial(java.lang.Object, java.lang.Object, java.lang.Object, java.lang.Object, java.lang.Object, java.lang.Object, java.lang.Object, java.lang.Object)'> (0x0000000089271598) 
thrown [s\open\src\hotspot\share\interpreter\linkResolver.cpp, line 796]
Event: 5.631 Thread 0x0000020b0b90cb20 Exception <a 'java/lang/NoSuchMethodError'{0x00000000892a6fe0}: 'void java.lang.invoke.DirectMethodHandle$Holder.invokeSpecial(java.lang.Object, java.lang.Object, int, java.lang.Object)'> (0x00000000892a6fe0) 
thrown [s\open\src\hotspot\share\interpreter\linkResolver.cpp, line 796]
Event: 5.631 Thread 0x0000020b0b90cb20 Exception <a 'java/lang/NoSuchMethodError'{0x00000000892ad160}: 'java.lang.Object java.lang.invoke.DirectMethodHandle$Holder.newInvokeSpecial(java.lang.Object, java.lang.Object, int)'> (0x00000000892ad160) 
thrown [s\open\src\hotspot\share\interpreter\linkResolver.cpp, line 796]
Event: 5.648 Thread 0x0000020b0b90cb20 Exception <a 'java/lang/NoSuchMethodError'{0x00000000891e9fb0}: 'int java.lang.invoke.DirectMethodHandle$Holder.invokeSpecial(java.lang.Object, java.lang.Object, int, java.lang.Object)'> (0x00000000891e9fb0) 
thrown [s\open\src\hotspot\share\interpreter\linkResolver.cpp, line 796]
Event: 5.648 Thread 0x0000020b0b90cb20 Exception <a 'java/lang/NoSuchMethodError'{0x00000000891f2780}: 'int java.lang.invoke.DirectMethodHandle$Holder.invokeStatic(java.lang.Object, int, java.lang.Object)'> (0x00000000891f2780) 
thrown [s\open\src\hotspot\share\interpreter\linkResolver.cpp, line 796]
Event: 5.651 Thread 0x0000020b0b90cb20 Exception <a 'java/lang/NoSuchMethodError'{0x0000000088c1b0c0}: 'java.lang.Object java.lang.invoke.DirectMethodHandle$Holder.newInvokeSpecial(java.lang.Object, java.lang.Object, java.lang.Object, java.lang.Object, java.lang.Object, int, java.lang.Object)'> (0x0000000088c1b0c0) 
thrown [s\open\src\hotspot\share\interpreter\linkResolver.cpp, line 796]
Event: 5.655 Thread 0x0000020b0b90cb20 Exception <a 'java/lang/NoSuchMethodError'{0x0000000088c4a530}: 'java.lang.Object java.lang.invoke.DirectMethodHandle$Holder.newInvokeSpecial(java.lang.Object, java.lang.Object, java.lang.Object, java.lang.Object, java.lang.Object, java.lang.Object, java.lang.Object, java.lang.Object, java.lang.Object, java.lang.Object, java.lang.Object, java.lang.Object)'> (0x0000000088c4a530) 
thrown [s\open\src\hotspot\share\interpreter\linkResolver.cpp, line 796]
Event: 5.656 Thread 0x0000020b0b90cb20 Exception <a 'java/lang/NoSuchMethodError'{0x0000000088c53448}: 'java.lang.Object java.lang.invoke.Invokers$Holder.linkToTargetMethod(java.lang.Object, java.lang.Object, java.lang.Object, java.lang.Object, java.lang.Object, java.lang.Object, java.lang.Object, java.lang.Object, java.lang.Object, java.lang.Object, java.lang.Object, java.lang.Object)'> (0x0000000088c53448) 
thrown [s\open\src\hotspot\share\interpreter\linkResolver.cpp, line 796]
Event: 5.690 Thread 0x0000020b0b90cb20 Exception <a 'java/lang/IncompatibleClassChangeError'{0x0000000088bb4e28}: Found class java.lang.Object, but interface was expected> (0x0000000088bb4e28) 
thrown [s\open\src\hotspot\share\interpreter\linkResolver.cpp, line 863]
Event: 5.699 Thread 0x0000020b0b90cb20 Exception <a 'java/lang/NoSuchMethodError'{0x0000000088a250e8}: 'java.lang.Object java.lang.invoke.DirectMethodHandle$Holder.newInvokeSpecial(java.lang.Object, java.lang.Object, java.lang.Object, java.lang.Object, java.lang.Object, java.lang.Object, java.lang.Object, int)'> (0x0000000088a250e8) 
thrown [s\open\src\hotspot\share\interpreter\linkResolver.cpp, line 796]
Event: 5.699 Thread 0x0000020b0b90cb20 Exception <a 'java/lang/NoSuchMethodError'{0x0000000088a29668}: 'java.lang.Object java.lang.invoke.DirectMethodHandle$Holder.invokeSpecial(java.lang.Object, java.lang.Object, java.lang.Object, java.lang.Object, java.lang.Object, java.lang.Object, java.lang.Object, java.lang.Object, int)'> (0x0000000088a29668) 
thrown [s\open\src\hotspot\share\interpreter\linkResolver.cpp, line 796]
Event: 5.699 Thread 0x0000020b0b90cb20 Exception <a 'java/lang/NoSuchMethodError'{0x0000000088a2d650}: 'java.lang.Object java.lang.invoke.Invokers$Holder.linkToTargetMethod(java.lang.Object, java.lang.Object, java.lang.Object, java.lang.Object, java.lang.Object, java.lang.Object, int, java.lang.Object)'> (0x0000000088a2d650) 
thrown [s\open\src\hotspot\share\interpreter\linkResolver.cpp, line 796]
Event: 5.712 Thread 0x0000020b0b90cb20 Exception <a 'java/lang/NoSuchMethodError'{0x0000000088ae2868}: 'void java.lang.invoke.DirectMethodHandle$Holder.invokeInterface(java.lang.Object, java.lang.Object)'> (0x0000000088ae2868) 
thrown [s\open\src\hotspot\share\interpreter\linkResolver.cpp, line 796]
Event: 5.815 Thread 0x0000020b0b90cb20 Exception <a 'java/lang/NoSuchMethodError'{0x0000000085da7360}: 'void java.lang.invoke.Invokers$Holder.invokeExact_MT(java.lang.Object, java.lang.Object, java.lang.Object, java.lang.Object)'> (0x0000000085da7360) 
thrown [s\open\src\hotspot\share\interpreter\linkResolver.cpp, line 796]
Event: 5.829 Thread 0x0000020b0b90cb20 Implicit null exception at 0x0000020ab9344773 to 0x0000020ab93449dc
Event: 5.883 Thread 0x0000020b0b90cb20 Exception <a 'java/lang/IncompatibleClassChangeError'{0x0000000085820c90}: Found class java.lang.Object, but interface was expected> (0x0000000085820c90) 
thrown [s\open\src\hotspot\share\interpreter\linkResolver.cpp, line 863]
Event: 5.916 Thread 0x0000020b0b90cb20 Exception <a 'java/lang/IncompatibleClassChangeError'{0x000000008579e208}: Found class java.lang.Object, but interface was expected> (0x000000008579e208) 
thrown [s\open\src\hotspot\share\interpreter\linkResolver.cpp, line 863]

VM Operations (20 events):
Event: 4.129 Executing VM operation: G1PauseCleanup
Event: 4.129 Executing VM operation: G1PauseCleanup done
Event: 4.453 Executing VM operation: HandshakeAllThreads (Deoptimize)
Event: 4.454 Executing VM operation: HandshakeAllThreads (Deoptimize) done
Event: 4.457 Executing VM operation: HandshakeAllThreads (Deoptimize)
Event: 4.457 Executing VM operation: HandshakeAllThreads (Deoptimize) done
Event: 4.474 Executing VM operation: HandshakeAllThreads (Deoptimize)
Event: 4.474 Executing VM operation: HandshakeAllThreads (Deoptimize) done
Event: 4.650 Executing VM operation: G1CollectForAllocation (G1 Evacuation Pause)
Event: 4.655 Executing VM operation: G1CollectForAllocation (G1 Evacuation Pause) done
Event: 5.118 Executing VM operation: G1CollectForAllocation (G1 Evacuation Pause)
Event: 5.121 Executing VM operation: G1CollectForAllocation (G1 Evacuation Pause) done
Event: 5.366 Executing VM operation: HandshakeAllThreads (Deoptimize)
Event: 5.366 Executing VM operation: HandshakeAllThreads (Deoptimize) done
Event: 5.375 Executing VM operation: HandshakeAllThreads (Deoptimize)
Event: 5.375 Executing VM operation: HandshakeAllThreads (Deoptimize) done
Event: 5.577 Executing VM operation: G1CollectForAllocation (G1 Evacuation Pause)
Event: 5.581 Executing VM operation: G1CollectForAllocation (G1 Evacuation Pause) done
Event: 5.970 Executing VM operation: G1CollectForAllocation (G1 Evacuation Pause)
Event: 5.975 Executing VM operation: G1CollectForAllocation (G1 Evacuation Pause) done

Memory protections (0 events):
No events

Nmethod flushes (20 events):
Event: 4.120 Thread 0x0000020ac5577340 flushing  nmethod 0x0000020ab1aa7108
Event: 4.120 Thread 0x0000020ac5577340 flushing  nmethod 0x0000020ab1ac0388
Event: 4.120 Thread 0x0000020ac5577340 flushing  nmethod 0x0000020ab1ac8f08
Event: 4.120 Thread 0x0000020ac5577340 flushing  nmethod 0x0000020ab1b18588
Event: 4.120 Thread 0x0000020ac5577340 flushing  nmethod 0x0000020ab1b39988
Event: 4.120 Thread 0x0000020ac5577340 flushing  nmethod 0x0000020ab1b39c88
Event: 4.120 Thread 0x0000020ac5577340 flushing  nmethod 0x0000020ab1b3b808
Event: 4.120 Thread 0x0000020ac5577340 flushing  nmethod 0x0000020ab1b7b288
Event: 4.120 Thread 0x0000020ac5577340 flushing  nmethod 0x0000020ab1b7d088
Event: 4.120 Thread 0x0000020ac5577340 flushing  nmethod 0x0000020ab1b84f08
Event: 4.120 Thread 0x0000020ac5577340 flushing  nmethod 0x0000020ab1b97808
Event: 4.120 Thread 0x0000020ac5577340 flushing  nmethod 0x0000020ab1b98408
Event: 4.120 Thread 0x0000020ac5577340 flushing  nmethod 0x0000020ab1b99008
Event: 4.120 Thread 0x0000020ac5577340 flushing  nmethod 0x0000020ab1b99b08
Event: 4.120 Thread 0x0000020ac5577340 flushing  nmethod 0x0000020ab1b9a208
Event: 4.120 Thread 0x0000020ac5577340 flushing  nmethod 0x0000020ab1bc8c88
Event: 4.120 Thread 0x0000020ac5577340 flushing  nmethod 0x0000020ab1bd3808
Event: 4.120 Thread 0x0000020ac5577340 flushing  nmethod 0x0000020ab1bd7008
Event: 4.120 Thread 0x0000020ac5577340 flushing  nmethod 0x0000020ab1c0c588
Event: 4.120 Thread 0x0000020ac5577340 flushing  nmethod 0x0000020ab1c0f888

Events (20 events):
Event: 0.048 Thread 0x0000020aa6f0d150 Thread added: 0x0000020ac5599ff0
Event: 0.048 Thread 0x0000020aa6f0d150 Thread added: 0x0000020ac559bb50
Event: 0.048 Thread 0x0000020aa6f0d150 Thread added: 0x0000020ac559c9d0
Event: 0.049 Thread 0x0000020aa6f0d150 Thread added: 0x0000020ac55b8300
Event: 0.140 Thread 0x0000020aa6f0d150 Thread added: 0x0000020ac569d7b0
Event: 0.192 Thread 0x0000020ac559c9d0 Thread added: 0x0000020ac589bb60
Event: 0.262 Thread 0x0000020aa6f0d150 Thread added: 0x0000020ac59ac090
Event: 0.262 Thread 0x0000020aa6f0d150 Thread added: 0x0000020ac59ac700
Event: 0.721 Thread 0x0000020aa6f0d150 Thread added: 0x0000020b0b90a1b0
Event: 0.723 Thread 0x0000020b0b90a1b0 Thread added: 0x0000020b0b90cb20
Event: 1.125 Thread 0x0000020b0b90cb20 Thread added: 0x0000020b0ba61ae0
Event: 1.723 Thread 0x0000020b0b90cb20 Thread added: 0x0000020b0b9832d0
Event: 1.733 Thread 0x0000020b0ba61ae0 Thread exited: 0x0000020b0ba61ae0
Event: 1.796 Thread 0x0000020b0b9832d0 Thread exited: 0x0000020b0b9832d0
Event: 3.593 Thread 0x0000020b0b90cb20 Thread added: 0x0000020b0d742560
Event: 3.595 Thread 0x0000020b0d742560 Thread added: 0x0000020b0d741ed0
Event: 3.599 Thread 0x0000020b0b90cb20 Thread added: 0x0000020b0d7487d0
Event: 4.574 Thread 0x0000020b0b90cb20 Thread added: 0x0000020b0d743fa0
Event: 4.593 Thread 0x0000020b0b90cb20 Thread added: 0x0000020b0d7494f0
Event: 4.710 Thread 0x0000020b0d7494f0 Thread added: 0x0000020b0d743280


Dynamic libraries:
0x00007ff681c10000 - 0x00007ff681c1e000 	C:\Users\gunji\.jdks\openjdk-23\bin\java.exe
0x00007ff874730000 - 0x00007ff874947000 	C:\WINDOWS\SYSTEM32\ntdll.dll
0x00007ff873940000 - 0x00007ff873a04000 	C:\WINDOWS\System32\KERNEL32.DLL
0x00007ff871af0000 - 0x00007ff871eaa000 	C:\WINDOWS\System32\KERNELBASE.dll
0x00007ff871f30000 - 0x00007ff872041000 	C:\WINDOWS\System32\ucrtbase.dll
0x00007ff859690000 - 0x00007ff8596a7000 	C:\Users\gunji\.jdks\openjdk-23\bin\jli.dll
0x00007ff874090000 - 0x00007ff87423e000 	C:\WINDOWS\System32\USER32.dll
0x00007ff871ac0000 - 0x00007ff871ae6000 	C:\WINDOWS\System32\win32u.dll
0x00007ff8746c0000 - 0x00007ff8746e9000 	C:\WINDOWS\System32\GDI32.dll
0x00007ff872050000 - 0x00007ff87216b000 	C:\WINDOWS\System32\gdi32full.dll
0x00007ff872170000 - 0x00007ff87220a000 	C:\WINDOWS\System32\msvcp_win.dll
0x00007ff859670000 - 0x00007ff85968b000 	C:\Users\gunji\.jdks\openjdk-23\bin\VCRUNTIME140.dll
0x00007ff860c80000 - 0x00007ff860f12000 	C:\WINDOWS\WinSxS\amd64_microsoft.windows.common-controls_6595b64144ccf1df_6.0.22621.4541_none_2710d1c57384c085\COMCTL32.dll
0x00007ff8731d0000 - 0x00007ff873277000 	C:\WINDOWS\System32\msvcrt.dll
0x00007ff873cb0000 - 0x00007ff873ce1000 	C:\WINDOWS\System32\IMM32.DLL
0x00007ff85b8c0000 - 0x00007ff85b8cc000 	C:\Users\gunji\.jdks\openjdk-23\bin\vcruntime140_1.dll
0x00007ff833f10000 - 0x00007ff833f9e000 	C:\Users\gunji\.jdks\openjdk-23\bin\msvcp140.dll
0x00007fffc3f60000 - 0x00007fffc4caf000 	C:\Users\gunji\.jdks\openjdk-23\bin\server\jvm.dll
0x00007ff873e10000 - 0x00007ff873ec2000 	C:\WINDOWS\System32\ADVAPI32.dll
0x00007ff873bf0000 - 0x00007ff873c97000 	C:\WINDOWS\System32\sechost.dll
0x00007ff872400000 - 0x00007ff872428000 	C:\WINDOWS\System32\bcrypt.dll
0x00007ff873ac0000 - 0x00007ff873bd4000 	C:\WINDOWS\System32\RPCRT4.dll
0x00007ff874010000 - 0x00007ff874081000 	C:\WINDOWS\System32\WS2_32.dll
0x00007ff870860000 - 0x00007ff8708ad000 	C:\WINDOWS\SYSTEM32\POWRPROF.dll
0x00007ff86a180000 - 0x00007ff86a1b4000 	C:\WINDOWS\SYSTEM32\WINMM.dll
0x00007ff868480000 - 0x00007ff86848a000 	C:\WINDOWS\SYSTEM32\VERSION.dll
0x00007ff870840000 - 0x00007ff870853000 	C:\WINDOWS\SYSTEM32\UMPDC.dll
0x00007ff870b00000 - 0x00007ff870b18000 	C:\WINDOWS\SYSTEM32\kernel.appcore.dll
0x00007ff85a070000 - 0x00007ff85a07a000 	C:\Users\gunji\.jdks\openjdk-23\bin\jimage.dll
0x00007ff86f200000 - 0x00007ff86f432000 	C:\WINDOWS\SYSTEM32\DBGHELP.DLL
0x00007ff873280000 - 0x00007ff87360f000 	C:\WINDOWS\System32\combase.dll
0x00007ff873f30000 - 0x00007ff874007000 	C:\WINDOWS\System32\OLEAUT32.dll
0x00007ff84d340000 - 0x00007ff84d372000 	C:\WINDOWS\SYSTEM32\dbgcore.DLL
0x00007ff872210000 - 0x00007ff87228b000 	C:\WINDOWS\System32\bcryptPrimitives.dll
0x00007ff851410000 - 0x00007ff85141f000 	C:\Users\gunji\.jdks\openjdk-23\bin\instrument.dll
0x00007ff8477b0000 - 0x00007ff8477ce000 	C:\Users\gunji\.jdks\openjdk-23\bin\java.dll
0x00007ff872480000 - 0x00007ff872625000 	C:\WINDOWS\System32\ole32.dll
0x00007ff872820000 - 0x00007ff873098000 	C:\WINDOWS\System32\SHELL32.dll
0x00007ff86f900000 - 0x00007ff870208000 	C:\WINDOWS\SYSTEM32\windows.storage.dll
0x00007ff86f7c0000 - 0x00007ff86f8ff000 	C:\WINDOWS\SYSTEM32\wintypes.dll
0x00007ff8730a0000 - 0x00007ff87319a000 	C:\WINDOWS\System32\SHCORE.dll
0x00007ff8737d0000 - 0x00007ff87382e000 	C:\WINDOWS\System32\shlwapi.dll
0x00007ff871930000 - 0x00007ff87195b000 	C:\WINDOWS\SYSTEM32\profapi.dll
0x00007ff806220000 - 0x00007ff8062f7000 	C:\Users\gunji\.jdks\openjdk-23\bin\jsvml.dll
0x00007ff843180000 - 0x00007ff843197000 	C:\Users\gunji\.jdks\openjdk-23\bin\zip.dll
0x00007ff84d530000 - 0x00007ff84d540000 	C:\Users\gunji\.jdks\openjdk-23\bin\net.dll
0x00007ff870fb0000 - 0x00007ff871019000 	C:\WINDOWS\system32\mswsock.dll
0x00007ff843160000 - 0x00007ff843176000 	C:\Users\gunji\.jdks\openjdk-23\bin\nio.dll
0x00007ff843140000 - 0x00007ff84315a000 	D:\IntelliJ IDEA Community Edition 2024.3.1\bin\breakgen64.dll
0x00007ff84ccf0000 - 0x00007ff84ccf9000 	C:\Users\gunji\.jdks\openjdk-23\bin\extnet.dll
0x00007ff8469e0000 - 0x00007ff8469ea000 	C:\Users\gunji\.jdks\openjdk-23\bin\management.dll
0x00007ff8477a0000 - 0x00007ff8477ab000 	C:\Users\gunji\.jdks\openjdk-23\bin\management_ext.dll
0x00007ff873930000 - 0x00007ff873938000 	C:\WINDOWS\System32\PSAPI.DLL
0x00007ff84ca90000 - 0x00007ff84ca9e000 	C:\Users\gunji\.jdks\openjdk-23\bin\sunmscapi.dll
0x00007ff872290000 - 0x00007ff8723f6000 	C:\WINDOWS\System32\CRYPT32.dll
0x00007ff8713c0000 - 0x00007ff8713ed000 	C:\WINDOWS\SYSTEM32\ncrypt.dll
0x00007ff871380000 - 0x00007ff8713b7000 	C:\WINDOWS\SYSTEM32\NTASN1.dll
0x00007ff871210000 - 0x00007ff87122b000 	C:\WINDOWS\SYSTEM32\CRYPTSP.dll
0x00007ff870a60000 - 0x00007ff870a95000 	C:\WINDOWS\system32\rsaenh.dll
0x00007ff8710a0000 - 0x00007ff8710c8000 	C:\WINDOWS\SYSTEM32\USERENV.dll
0x00007ff871200000 - 0x00007ff87120c000 	C:\WINDOWS\SYSTEM32\CRYPTBASE.dll
0x00007ff870520000 - 0x00007ff87054d000 	C:\WINDOWS\SYSTEM32\IPHLPAPI.DLL
0x00007ff8731a0000 - 0x00007ff8731a9000 	C:\WINDOWS\System32\NSI.dll
0x00007ff845fb0000 - 0x00007ff845fc0000 	C:\Users\gunji\.jdks\openjdk-23\bin\verify.dll
0x00007ff870550000 - 0x00007ff870652000 	C:\WINDOWS\SYSTEM32\DNSAPI.dll
0x00007ff8677a0000 - 0x00007ff8677aa000 	C:\Windows\System32\rasadhlp.dll
0x00007ff8683c0000 - 0x00007ff868443000 	C:\WINDOWS\System32\fwpuclnt.dll

dbghelp: loaded successfully - version: 4.0.5 - missing functions: none
symbol engine: initialized successfully - sym options: 0x614 - pdb path: .;C:\Users\gunji\.jdks\openjdk-23\bin;C:\WINDOWS\SYSTEM32;C:\WINDOWS\WinSxS\amd64_microsoft.windows.common-controls_6595b64144ccf1df_6.0.22621.4541_none_2710d1c57384c085;C:\Users\gunji\.jdks\openjdk-23\bin\server;D:\IntelliJ IDEA Community Edition 2024.3.1\bin

VM Arguments:
jvm_args: -javaagent:D:\IntelliJ IDEA Community Edition 2024.3.1\lib\idea_rt.jar=53345:D:\IntelliJ IDEA Community Edition 2024.3.1\bin -Dfile.encoding=UTF-8 -Dsun.stdout.encoding=UTF-8 -Dsun.stderr.encoding=UTF-8 
java_command: com.jsp.SpringSec.SpringSecApplication
java_class_path (initial): D:\SpringSec\SpringSec\target\classes;C:\Users\gunji\.m2\repository\org\springframework\boot\spring-boot-starter-data-jpa\3.4.0\spring-boot-starter-data-jpa-3.4.0.jar;C:\Users\gunji\.m2\repository\org\springframework\boot\spring-boot-starter\3.4.0\spring-boot-starter-3.4.0.jar;C:\Users\gunji\.m2\repository\org\springframework\boot\spring-boot-starter-logging\3.4.0\spring-boot-starter-logging-3.4.0.jar;C:\Users\gunji\.m2\repository\ch\qos\logback\logback-classic\1.5.12\logback-classic-1.5.12.jar;C:\Users\gunji\.m2\repository\ch\qos\logback\logback-core\1.5.12\logback-core-1.5.12.jar;C:\Users\gunji\.m2\repository\org\apache\logging\log4j\log4j-to-slf4j\2.24.1\log4j-to-slf4j-2.24.1.jar;C:\Users\gunji\.m2\repository\org\apache\logging\log4j\log4j-api\2.24.1\log4j-api-2.24.1.jar;C:\Users\gunji\.m2\repository\org\slf4j\jul-to-slf4j\2.0.16\jul-to-slf4j-2.0.16.jar;C:\Users\gunji\.m2\repository\jakarta\annotation\jakarta.annotation-api\2.1.1\jakarta.annotation-api-2.1.1.jar;C:\Users\gunji\.m2\repository\org\yaml\snakeyaml\2.3\snakeyaml-2.3.jar;C:\Users\gunji\.m2\repository\org\hibernate\orm\hibernate-core\6.6.2.Final\hibernate-core-6.6.2.Final.jar;C:\Users\gunji\.m2\repository\jakarta\persistence\jakarta.persistence-api\3.1.0\jakarta.persistence-api-3.1.0.jar;C:\Users\gunji\.m2\repository\jakarta\transaction\jakarta.transaction-api\2.0.1\jakarta.transaction-api-2.0.1.jar;C:\Users\gunji\.m2\repository\org\jboss\logging\jboss-logging\3.6.1.Final\jboss-logging-3.6.1.Final.jar;C:\Users\gunji\.m2\repository\org\hibernate\common\hibernate-commons-annotations\7.0.3.Final\hibernate-commons-annotations-7.0.3.Final.jar;C:\Users\gunji\.m2\repository\io\smallrye\jandex\3.2.0\jandex-3.2.0.jar;C:\Users\gunji\.m2\repository\com\fasterxml\classmate\1.7.0\classmate-1.7.0.jar;C:\Users\gunji\.m2\repository\net\bytebuddy\byte-buddy\1.15.10\byte-buddy-1.15.10.jar;C:\Users\gunji\.m2\repository\org\glassfish\jaxb\jaxb-runtime\4.0.5\jaxb-runtime-4.0.5.jar;C:\Users\gunji\.m2\repository\org\glassfish\jaxb\jaxb-core\4.0.5\jaxb-core-4.0.5.jar;C:\Users\gunji\.m2\repository\org\eclipse\angus\angus-activation\2.0.2\angus-activation-2.0.2.jar;C:\Users\gunji\.m2\repository\org\glassfish\jaxb\txw2\4.0.5\txw2-4.0.5.jar;C:\Users\gunji\.m2\repository\com\sun\istack\istack-commons-runtime\4.1.2\istack-commons-runtime-4.1.2.jar;C:\Users\gunji\.m2\repository\jakarta\inject\jakarta.inject-api\2.0.1\jakarta.inject-api-2.0.1.jar;C:\Users\gunji\.m2\repository\org\antlr\antlr4-runtime\4.13.0\antlr4-runtime-4.13.0.jar;C:\Users\gunji\.m2\repository\org\springframework\data\spring-data-jpa\3.4.0\spring-data-jpa-3.4.0.jar;C:\Users\gunji\.m2\repository\org\springframework\data\spring-data-commons\3.4.0\spring-data-commons-3.4.0.jar;C:\Users\gunji\.m2\repository\org\springframework\spring-orm\6.2.0\spring-orm-6.2.0.jar;C:\Users\gunji\.m2\repository\org\springframework\spring-context\6.2.0\spring-context-6.2.0.jar;C:\Users\gunji\.m2\repository\org\springframework\spring-tx\6.2.0\spring-tx-6.2.0.jar;C:\Users\gunji\.m2\repository\org\springframework\spring-beans\6.2.0\spring-beans-6.2.0.jar;C:\Users\gunji\.m2\repository\org\slf4j\slf4j-api\2.0.16\slf4j-api-2.0.16.jar;C:\Users\gunji\.m2\repository\org\springframework\spring-aspects\6.2.0\spring-aspects-6.2.0.jar;C:\Users\gunji\.m2\repository\org\aspectj\aspectjweaver\1.9.22.1\aspectjweaver-1.9.22.1.jar;C:\Users\gunji\.m2\repository\io\jsonwebtoken\jjwt-api\0.12.5\jjwt-api-0.12.5.jar;C:\Users\gunji\.m2\repository\io\jsonwebtoken\jjwt-impl\0.12.5\jjwt-impl-0.12.5.jar;C:\Users\gunji\.m2\repository\io\jsonwebtoken\jjwt-jackson\0.12.5\jjwt-jackson-0.12.5.jar;C:\Users\gunji\.m2\repository\com\fasterxml\jackson\core\jackson-databind\2.18.1\jackson-databind-2.18.1.jar;C:\Users\gunji\.m2\repository\com\fasterxml\jackson\core\jackson-annotations\2.18.1\jackson-annotations-2.18.1.jar;C:\Users\gunji\.m2\repository\com\fasterxml\jackson\core\jackson-core\2.18.1\jackson-core-2.18.1.jar;C:\Users\gunji\.m2\repository\org\springframework\boot\spring-boot-starter-jdbc\3.4.0\spring-boot-starter-jdbc-3.4.0.jar;C:\Users\gunji\.m2\repository\com\zaxxer\HikariCP\5.1.0\HikariCP-5.1.0.jar;C:\Users\gunji\.m2\repository\org\springframework\spring-jdbc\6.2.0\spring-jdbc-6.2.0.jar;C:\Users\gunji\.m2\repository\org\springframework\boot\spring-boot-starter-security\3.4.0\spring-boot-starter-security-3.4.0.jar;C:\Users\gunji\.m2\repository\org\springframework\spring-aop\6.2.0\spring-aop-6.2.0.jar;C:\Users\gunji\.m2\repository\org\springframework\security\spring-security-config\6.4.1\spring-security-config-6.4.1.jar;C:\Users\gunji\.m2\repository\org\springframework\security\spring-security-web\6.4.1\spring-security-web-6.4.1.jar;C:\Users\gunji\.m2\repository\org\springframework\spring-expression\6.2.0\spring-expression-6.2.0.jar;C:\Users\gunji\.m2\repository\org\springframework\boot\spring-boot-starter-web\3.4.0\spring-boot-starter-web-3.4.0.jar;C:\Users\gunji\.m2\repository\org\springframework\boot\spring-boot-starter-json\3.4.0\spring-boot-starter-json-3.4.0.jar;C:\Users\gunji\.m2\repository\com\fasterxml\jackson\datatype\jackson-datatype-jdk8\2.18.1\jackson-datatype-jdk8-2.18.1.jar;C:\Users\gunji\.m2\repository\com\fasterxml\jackson\datatype\jackson-datatype-jsr310\2.18.1\jackson-datatype-jsr310-2.18.1.jar;C:\Users\gunji\.m2\repository\com\fasterxml\jackson\module\jackson-module-parameter-names\2.18.1\jackson-module-parameter-names-2.18.1.jar;C:\Users\gunji\.m2\repository\org\springframework\boot\spring-boot-starter-tomcat\3.4.0\spring-boot-starter-tomcat-3.4.0.jar;C:\Users\gunji\.m2\repository\org\apache\tomcat\embed\tomcat-embed-core\10.1.33\tomcat-embed-core-10.1.33.jar;C:\Users\gunji\.m2\repository\org\apache\tomcat\embed\tomcat-embed-el\10.1.33\tomcat-embed-el-10.1.33.jar;C:\Users\gunji\.m2\repository\org\apache\tomcat\embed\tomcat-embed-websocket\10.1.33\tomcat-embed-websocket-10.1.33.jar;C:\Users\gunji\.m2\repository\org\springframework\spring-web\6.2.0\spring-web-6.2.0.jar;C:\Users\gunji\.m2\repository\io\micrometer\micrometer-observation\1.14.1\micrometer-observation-1.14.1.jar;C:\Users\gunji\.m2\repository\io\micrometer\micrometer-commons\1.14.1\micrometer-commons-1.14.1.jar;C:\Users\gunji\.m2\repository\org\springframework\spring-webmvc\6.2.0\spring-webmvc-6.2.0.jar;C:\Users\gunji\.m2\repository\org\springframework\boot\spring-boot-devtools\3.4.0\spring-boot-devtools-3.4.0.jar;C:\Users\gunji\.m2\repository\org\springframework\boot\spring-boot\3.4.0\spring-boot-3.4.0.jar;C:\Users\gunji\.m2\repository\org\springframework\boot\spring-boot-autoconfigure\3.4.0\spring-boot-autoconfigure-3.4.0.jar;C:\Users\gunji\.m2\repository\org\postgresql\postgresql\42.7.4\postgresql-42.7.4.jar;C:\Users\gunji\.m2\repository\org\checkerframework\checker-qual\3.42.0\checker-qual-3.42.0.jar;C:\Users\gunji\.m2\repository\org\projectlombok\lombok\1.18.36\lombok-1.18.36.jar;C:\Users\gunji\.m2\repository\jakarta\xml\bind\jakarta.xml.bind-api\4.0.2\jakarta.xml.bind-api-4.0.2.jar;C:\Users\gunji\.m2\repository\jakarta\activation\jakarta.activation-api\2.1.3\jakarta.activation-api-2.1.3.jar;C:\Users\gunji\.m2\repository\org\springframework\spring-core\6.2.0\spring-core-6.2.0.jar;C:\Users\gunji\.m2\repository\org\springframework\spring-jcl\6.2.0\spring-jcl-6.2.0.jar;C:\Users\gunji\.m2\repository\org\springframework\security\spring-security-core\6.4.1\spring-security-core-6.4.1.jar;C:\Users\gunji\.m2\repository\org\springframework\security\spring-security-crypto\6.4.1\spring-security-crypto-6.4.1.jar
Launcher Type: SUN_STANDARD

[Global flags]
     intx CICompilerCount                          = 3                                         {product} {ergonomic}
     uint ConcGCThreads                            = 1                                         {product} {ergonomic}
     uint G1ConcRefinementThreads                  = 4                                         {product} {ergonomic}
   size_t G1HeapRegionSize                         = 1048576                                   {product} {ergonomic}
   size_t InitialHeapSize                          = 132120576                                 {product} {ergonomic}
   size_t MarkStackSize                            = 4194304                                   {product} {ergonomic}
   size_t MarkStackSizeMax                         = 536870912                                 {product} {ergonomic}
   size_t MaxHeapSize                              = 2090860544                                {product} {ergonomic}
   size_t MaxNewSize                               = 1254096896                                {product} {ergonomic}
   size_t MinHeapDeltaBytes                        = 1048576                                   {product} {ergonomic}
   size_t MinHeapSize                              = 8388608                                   {product} {ergonomic}
    uintx NonNMethodCodeHeapSize                   = 5832704                                {pd product} {ergonomic}
    uintx NonProfiledCodeHeapSize                  = 122945536                              {pd product} {ergonomic}
    uintx ProfiledCodeHeapSize                     = 122880000                              {pd product} {ergonomic}
    uintx ReservedCodeCacheSize                    = 251658240                              {pd product} {ergonomic}
     bool SegmentedCodeCache                       = true                                      {product} {ergonomic}
   size_t SoftMaxHeapSize                          = 2090860544                             {manageable} {ergonomic}
     bool UseCompressedOops                        = true                           {product lp64_product} {ergonomic}
     bool UseG1GC                                  = true                                      {product} {ergonomic}
     bool UseLargePagesIndividualAllocation        = false                                  {pd product} {ergonomic}

Logging:
Log output configuration:
 #0: stdout all=warning uptime,level,tags foldmultilines=false
 #1: stderr all=off uptime,level,tags foldmultilines=false

Environment Variables:
PATH=D:\oracle\product\10.2.0\db_1\bin;C:\ProgramData\Oracle\Java\javapath;C:\Program Files\Python310\Scripts\;C:\Program Files\Python310\;C:\WINDOWS\system32;C:\WINDOWS;C:\WINDOWS\System32\Wbem;C:\WINDOWS\System32\WindowsPowerShell\v1.0\;C:\WINDOWS\System32\OpenSSH\;C:\ProgramData\chocolatey\bin;C:\Program Files\nodejs\;C:\Users\gunji\.deno\bin\deno.exe;C:\Users\gunji\Downloads\Supabase (1)\Supabase;C:\Users\gunji\scoop\shims;C:\Program Files\MySQL\MySQL Shell 8.0\bin\;C:\Users\gunji\AppData\Local\Microsoft\WindowsApps;C:\Users\gunji\AppData\Local\Programs\Microsoft VS Code\bin;C:\php-8.3.8;C:\Users\gunji\AppData\Roaming\npm;C:\Users\gunji\.deno\bin;C:\Users\gunji\.deno\bin\deno.exe;;D:\IntelliJ IDEA Community Edition 2024.3.1\bin;
USERNAME=gunji
OS=Windows_NT
PROCESSOR_IDENTIFIER=Intel64 Family 6 Model 140 Stepping 1, GenuineIntel
TMP=C:\Users\gunji\AppData\Local\Temp
TEMP=C:\Users\gunji\AppData\Local\Temp




Periodic native trim disabled

---------------  S Y S T E M  ---------------

OS:
 Windows 11 , 64 bit Build 22621 (10.0.22621.4391)
OS uptime: 0 days 8:00 hours
Hyper-V role detected

CPU: total 4 (initial active 4) (2 cores per cpu, 2 threads per core) family 6 model 140 stepping 1 microcode 0xa4, cx8, cmov, fxsr, ht, mmx, 3dnowpref, sse, sse2, sse3, ssse3, sse4.1, sse4.2, popcnt, lzcnt, tsc, tscinvbit, avx, avx2, aes, erms, clmul, bmi1, bmi2, adx, avx512f, avx512dq, avx512cd, avx512bw, avx512vl, sha, fma, vzeroupper, avx512_vpopcntdq, avx512_vpclmulqdq, avx512_vaes, avx512_vnni, clflush, clflushopt, clwb, avx512_vbmi2, avx512_vbmi, hv, rdtscp, rdpid, fsrm, gfni, avx512_bitalg, f16c, cet_ibt, cet_ss, avx512_ifma
Processor Information for processor 0
  Max Mhz: 2995, Current Mhz: 2995, Mhz Limit: 2995
Processor Information for processor 1
  Max Mhz: 2995, Current Mhz: 1198, Mhz Limit: 2995
Processor Information for processor 2
  Max Mhz: 2995, Current Mhz: 2995, Mhz Limit: 2995
Processor Information for processor 3
  Max Mhz: 2995, Current Mhz: 2995, Mhz Limit: 2995

Memory: 4k page, system-wide physical 7975M (814M free)
TotalPageFile size 12382M (AvailPageFile size 5M)
current process WorkingSet (physical memory assigned to process): 244M, peak: 244M
current process commit charge ("private bytes"): 275M, peak: 276M

vm_info: OpenJDK 64-Bit Server VM (23+37-2369) for windows-amd64 JRE (23+37-2369), built on 2024-08-20T16:01:23Z with MS VC++ 17.6 (VS2022)

END.
