#
# There is insufficient memory for the Java Runtime Environment to continue.
# Native memory allocation (malloc) failed to allocate 35720 bytes. Error detail: Chunk::new
# Possible reasons:
#   The system is out of physical RAM or swap space
#   This process is running with CompressedOops enabled, and the Java Heap may be blocking the growth of the native heap
# Possible solutions:
#   Reduce memory load on the system
#   Increase physical memory or swap space
#   Check if swap backing store is full
#   Decrease Java heap size (-Xmx/-Xms)
#   Decrease number of Java threads
#   Decrease Java thread stack sizes (-Xss)
#   Set larger code cache with -XX:ReservedCodeCacheSize=
#   JVM is running with Unscaled Compressed Oops mode in which the Java heap is
#     placed in the first 4GB address space. The Java Heap base address is the
#     maximum limit for the native heap growth. Please use -XX:HeapBaseMinAddress
#     to set the Java Heap base and to place the Java Heap above 4GB virtual address.
# This output file may be truncated or incomplete.
#
#  Out of Memory Error (arena.cpp:149), pid=20168, tid=20220
#
# JRE version: OpenJDK Runtime Environment (23.0+37) (build 23+37-2369)
# Java VM: OpenJDK 64-Bit Server VM (23+37-2369, mixed mode, sharing, tiered, compressed oops, compressed class ptrs, g1 gc, windows-amd64)
# No core dump will be written. Minidumps are not enabled by default on client versions of Windows
#

---------------  S U M M A R Y ------------

Command Line: -javaagent:D:\IntelliJ IDEA Community Edition 2024.3.1\lib\idea_rt.jar=53381:D:\IntelliJ IDEA Community Edition 2024.3.1\bin -Dfile.encoding=UTF-8 -Dsun.stdout.encoding=UTF-8 -Dsun.stderr.encoding=UTF-8 com.jsp.SpringSec.SpringSecApplication

Host: 11th Gen Intel(R) Core(TM) i3-1115G4 @ 3.00GHz, 4 cores, 7G,  Windows 11 , 64 bit Build 22621 (10.0.22621.4391)
Time: Sun Dec 22 22:21:04 2024 India Standard Time elapsed time: 1.064111 seconds (0d 0h 0m 1s)

---------------  T H R E A D  ---------------

Current thread (0x000002291228dc90):  JavaThread "background-preinit"        [_thread_in_vm, id=20220, stack(0x0000004652700000,0x0000004652800000) (1024K)]

Stack: [0x0000004652700000,0x0000004652800000]
Native frames: (J=compiled Java code, j=interpreted, Vv=VM code, C=native code)
V  [jvm.dll+0x6e08a9]  (no source info available)
V  [jvm.dll+0x87da63]  (no source info available)
V  [jvm.dll+0x87feee]  (no source info available)
V  [jvm.dll+0x8805c3]  (no source info available)
V  [jvm.dll+0x27aee6]  (no source info available)
V  [jvm.dll+0xbc06f]  (no source info available)
V  [jvm.dll+0xbc2cb]  (no source info available)
V  [jvm.dll+0x21a831]  (no source info available)
V  [jvm.dll+0x219a01]  (no source info available)
V  [jvm.dll+0x7f30c0]  (no source info available)
V  [jvm.dll+0x7f4166]  (no source info available)
V  [jvm.dll+0x7f4990]  (no source info available)
V  [jvm.dll+0x21326c]  (no source info available)
V  [jvm.dll+0x208137]  (no source info available)
V  [jvm.dll+0x5be6df]  (no source info available)
V  [jvm.dll+0x219b2b]  (no source info available)
V  [jvm.dll+0x7f30c0]  (no source info available)
V  [jvm.dll+0x7f4166]  (no source info available)
V  [jvm.dll+0x7f4990]  (no source info available)
V  [jvm.dll+0x21326c]  (no source info available)
V  [jvm.dll+0x208137]  (no source info available)
V  [jvm.dll+0x5be6df]  (no source info available)
V  [jvm.dll+0x219b2b]  (no source info available)
V  [jvm.dll+0x7f30c0]  (no source info available)
V  [jvm.dll+0x7f4166]  (no source info available)
V  [jvm.dll+0x7f4774]  (no source info available)
V  [jvm.dll+0x7f43f8]  (no source info available)
V  [jvm.dll+0x2689cb]  (no source info available)
V  [jvm.dll+0x3d1e3e]  (no source info available)
C  0x00000228bf9cb8cc  (no source info available)

The last pc belongs to new (printed below).
Java frames: (J=compiled Java code, j=interpreted, Vv=VM code)
j  com.sun.org.apache.xerces.internal.parsers.XML11Configuration.<init>(Lcom/sun/org/apache/xerces/internal/util/SymbolTable;Lcom/sun/org/apache/xerces/internal/xni/grammars/XMLGrammarPool;Lcom/sun/org/apache/xerces/internal/xni/parser/XMLComponentManager;Lcom/sun/org/apache/xerces/internal/utils/XMLSecurityPropertyManager;Ljdk/xml/internal/XMLSecurityManager;)V+997 java.xml@23
j  com.sun.org.apache.xerces.internal.parsers.XIncludeAwareParserConfiguration.<init>(Lcom/sun/org/apache/xerces/internal/util/SymbolTable;Lcom/sun/org/apache/xerces/internal/xni/grammars/XMLGrammarPool;Lcom/sun/org/apache/xerces/internal/xni/parser/XMLComponentManager;Lcom/sun/org/apache/xerces/internal/utils/XMLSecurityPropertyManager;Ljdk/xml/internal/XMLSecurityManager;)V+8 java.xml@23
j  com.sun.org.apache.xerces.internal.parsers.XIncludeAwareParserConfiguration.<init>()V+6 java.xml@23
j  com.sun.org.apache.xerces.internal.parsers.SAXParser.<init>(Lcom/sun/org/apache/xerces/internal/util/SymbolTable;Lcom/sun/org/apache/xerces/internal/xni/grammars/XMLGrammarPool;Lcom/sun/org/apache/xerces/internal/utils/XMLSecurityPropertyManager;Ljdk/xml/internal/XMLSecurityManager;)V+5 java.xml@23
j  com.sun.org.apache.xerces.internal.jaxp.SAXParserImpl$JAXPSAXParser.<init>(Lcom/sun/org/apache/xerces/internal/jaxp/SAXParserImpl;Lcom/sun/org/apache/xerces/internal/utils/XMLSecurityPropertyManager;Ljdk/xml/internal/XMLSecurityManager;)V+5 java.xml@23
j  com.sun.org.apache.xerces.internal.jaxp.SAXParserImpl.<init>(Lcom/sun/org/apache/xerces/internal/jaxp/SAXParserFactoryImpl;Ljava/util/Map;Z)V+39 java.xml@23
j  com.sun.org.apache.xerces.internal.jaxp.SAXParserImpl.<init>(Lcom/sun/org/apache/xerces/internal/jaxp/SAXParserFactoryImpl;Ljava/util/Map;)V+4 java.xml@23
j  com.sun.org.apache.xerces.internal.jaxp.SAXParserFactoryImpl.newSAXParserImpl()Lcom/sun/org/apache/xerces/internal/jaxp/SAXParserImpl;+9 java.xml@23
j  com.sun.org.apache.xerces.internal.jaxp.SAXParserFactoryImpl.setFeature(Ljava/lang/String;Z)V+76 java.xml@23
j  javax.xml.catalog.CatalogImpl.getParser()Ljavax/xml/parsers/SAXParser;+25 java.xml@23
j  javax.xml.catalog.CatalogImpl.parse(Ljava/lang/String;)V+9 java.xml@23
j  javax.xml.catalog.CatalogImpl.load()V+12 java.xml@23
j  javax.xml.catalog.CatalogManager.catalog(Ljavax/xml/catalog/CatalogFeatures;[Ljava/net/URI;)Ljavax/xml/catalog/Catalog;+15 java.xml@23
j  jdk.xml.internal.JdkCatalog.init(Ljava/lang/String;)V+30 java.xml@23
j  jdk.xml.internal.XMLSecurityManager.prepareCatalog()V+32 java.xml@23
j  jdk.xml.internal.XMLSecurityManager.<init>(Z)V+160 java.xml@23
j  com.sun.org.apache.xalan.internal.xsltc.trax.TransformerFactoryImpl.<init>()V+244 java.xml@23
j  java.lang.invoke.DirectMethodHandle$Holder.newInvokeSpecial(Ljava/lang/Object;)Ljava/lang/Object;+15 java.base@23
j  java.lang.invoke.Invokers$Holder.invokeExact_MT(Ljava/lang/Object;Ljava/lang/Object;)Ljava/lang/Object;+18 java.base@23
j  jdk.internal.reflect.DirectConstructorHandleAccessor.invokeImpl([Ljava/lang/Object;)Ljava/lang/Object;+40 java.base@23
j  jdk.internal.reflect.DirectConstructorHandleAccessor.newInstance([Ljava/lang/Object;)Ljava/lang/Object;+60 java.base@23
j  java.lang.reflect.Constructor.newInstanceWithCaller([Ljava/lang/Object;ZLjava/lang/Class;)Ljava/lang/Object;+41 java.base@23
j  java.lang.reflect.Constructor.newInstance([Ljava/lang/Object;)Ljava/lang/Object;+30 java.base@23
j  javax.xml.transform.FactoryFinder.newInstance(Ljava/lang/Class;Ljava/lang/String;Ljava/lang/ClassLoader;Z)Ljava/lang/Object;+95 java.xml@23
j  javax.xml.transform.FactoryFinder.find(Ljava/lang/Class;Ljava/lang/String;)Ljava/lang/Object;+135 java.xml@23
j  javax.xml.transform.TransformerFactory.newInstance()Ljavax/xml/transform/TransformerFactory;+4 java.xml@23
j  org.springframework.http.converter.xml.AbstractXmlHttpMessageConverter.<init>()V+35
j  org.springframework.http.converter.xml.AbstractJaxb2HttpMessageConverter.<init>()V+1
j  org.springframework.http.converter.xml.Jaxb2RootElementHttpMessageConverter.<init>()V+1
j  org.springframework.http.converter.support.AllEncompassingFormHttpMessageConverter.<init>()V+21
j  org.springframework.boot.autoconfigure.BackgroundPreinitializer$MessageConverterInitializer.run()V+4
j  org.springframework.boot.autoconfigure.BackgroundPreinitializer$1.runSafely(Ljava/lang/Runnable;)Z+1
j  org.springframework.boot.autoconfigure.BackgroundPreinitializer$1.run()V+32
j  java.lang.Thread.runWith(Ljava/lang/Object;Ljava/lang/Runnable;)V+5 java.base@23
j  java.lang.Thread.run()V+19 java.base@23
v  ~StubRoutines::call_stub 0x00000228bf9b0fcd
Lock stack of current Java thread (top to bottom):
LockStack[0]: java.lang.Object 
{0x000000008a6e01f8} - klass: 'java/lang/Object'
 - ---- fields (total size 2 words):

new  187 new  [0x00000228bf9cb740, 0x00000228bf9cb950]  528 bytes
[MachCode]
  0x00000228bf9cb740: 4883 ec08 | c5fa 1104 | 24eb 1f48 | 83ec 10c5 | fb11 0424 | eb14 4883 | ec10 4889 | 0424 48c7 
  0x00000228bf9cb760: 4424 0800 | 0000 00eb | 0150 410f | b755 010f | cac1 ea10 | 488b 4de8 | 488b 4908 | 488b 4908 
  0x00000228bf9cb780: 488b 4108 | 807c 1004 | 070f 85e0 | 0000 0066 | 8b54 d148 | 488b 4928 | 488b 4cd1 | 0851 80b9 
  0x00000228bf9cb7a0: 3101 0000 | 040f 840d | 0000 004c | 3bb9 3801 | 0000 0f85 | b600 0000 | 8b51 08f6 | c201 0f85 
  0x00000228bf9cb7c0: aa00 0000 | 498b 87b8 | 0100 0048 | 8d1c 1049 | 3b9f c801 | 0000 0f87 | 9200 0000 | 4989 9fb8 
  0x00000228bf9cb7e0: 0100 0048 | 83ea 100f | 840f 0000 | 0033 c9c1 | ea03 4889 | 4cd0 0848 | ffca 75f6 | 48c7 0001 
  0x00000228bf9cb800: 0000 0059 | 33f6 8970 | 0c49 ba00 | 0000 cd28 | 0200 0049 | 2bca 8948 | 0849 ba42 | ad1b c6ff 
  0x00000228bf9cb820: 7f00 0041 | 803a 000f | 843c 0000 | 0050 488b | c848 83ec | 2040 f6c4 | 0f0f 8419 | 0000 0048 
  0x00000228bf9cb840: 83ec 0848 | b840 eecb | c5ff 7f00 | 00ff d048 | 83c4 08e9 | 0c00 0000 | 48b8 40ee | cbc5 ff7f 
  0x00000228bf9cb860: 0000 ffd0 | 4883 c420 | 58e9 cb00 | 0000 5948 | 8b55 e848 | 8b52 0848 | 8b52 0845 | 0fb7 4501 
  0x00000228bf9cb880: 410f c841 | c1e8 10e8 | 0500 0000 | e9a8 0000 | 0048 8d44 | 2408 4c89 | 6dc0 498b | cfc5 f877 
  0x00000228bf9cb8a0: 4989 afb0 | 0300 0049 | 8987 a003 | 0000 4883 | ec20 40f6 | c40f 0f84 | 1900 0000 | 4883 ec08 
  0x00000228bf9cb8c0: 48b8 f01d | 94c5 ff7f | 0000 ffd0 | 4883 c408 | e90c 0000 | 0048 b8f0 | 1d94 c5ff | 7f00 00ff 
  0x00000228bf9cb8e0: d048 83c4 | 2049 c787 | a003 0000 | 0000 0000 | 49c7 87b0 | 0300 0000 | 0000 0049 | c787 a803 
  0x00000228bf9cb900: 0000 0000 | 0000 c5f8 | 7749 837f | 0800 0f84 | 0500 0000 | e9a7 55fe | ff49 8b87 | f803 0000 
  0x00000228bf9cb920: 49c7 87f8 | 0300 0000 | 0000 004c | 8b6d c04c | 8b75 c84e | 8d74 f500 | c341 0fb6 | 5d03 4983 
  0x00000228bf9cb940: c503 49ba | 5076 1fc6 | ff7f 0000 | 41ff 24da 
[/MachCode]

---------------  P R O C E S S  ---------------

Threads class SMR info:
_java_thread_list=0x0000022912208560, length=16, elements={
0x00000228adb5d6a0, 0x00000228cc175fd0, 0x00000228cc177230, 0x00000228cc17a640,
0x00000228cc17d2d0, 0x00000228cc17df50, 0x00000228cc17fee0, 0x00000228cc180d60,
0x00000228cc181fc0, 0x00000228cc275940, 0x00000228cc327d10, 0x00000228cc72fb30,
0x00000228cc7301a0, 0x00000228ccdd3c60, 0x0000022912093fa0, 0x000002291228dc90
}

Java Threads: ( => current thread )
  0x00000228adb5d6a0 JavaThread "main"                              [_thread_blocked, id=21108, stack(0x0000004650d00000,0x0000004650e00000) (1024K)]
  0x00000228cc175fd0 JavaThread "Reference Handler"          daemon [_thread_blocked, id=4024, stack(0x0000004651600000,0x0000004651700000) (1024K)]
  0x00000228cc177230 JavaThread "Finalizer"                  daemon [_thread_blocked, id=22156, stack(0x0000004651700000,0x0000004651800000) (1024K)]
  0x00000228cc17a640 JavaThread "Signal Dispatcher"          daemon [_thread_blocked, id=14932, stack(0x0000004651800000,0x0000004651900000) (1024K)]
  0x00000228cc17d2d0 JavaThread "Attach Listener"            daemon [_thread_blocked, id=13480, stack(0x0000004651900000,0x0000004651a00000) (1024K)]
  0x00000228cc17df50 JavaThread "Service Thread"             daemon [_thread_blocked, id=11588, stack(0x0000004651a00000,0x0000004651b00000) (1024K)]
  0x00000228cc17fee0 JavaThread "Monitor Deflation Thread"   daemon [_thread_blocked, id=8860, stack(0x0000004651b00000,0x0000004651c00000) (1024K)]
  0x00000228cc180d60 JavaThread "C2 CompilerThread0"         daemon [_thread_in_native, id=3048, stack(0x0000004651c00000,0x0000004651d00000) (1024K)]
  0x00000228cc181fc0 JavaThread "C1 CompilerThread0"         daemon [_thread_blocked, id=11012, stack(0x0000004651d00000,0x0000004651e00000) (1024K)]
  0x00000228cc275940 JavaThread "Common-Cleaner"             daemon [_thread_blocked, id=20864, stack(0x0000004651e00000,0x0000004651f00000) (1024K)]
  0x00000228cc327d10 JavaThread "C2 CompilerThread1"         daemon [_thread_in_native, id=17676, stack(0x0000004651f00000,0x0000004652000000) (1024K)]
  0x00000228cc72fb30 JavaThread "Monitor Ctrl-Break"         daemon [_thread_in_native, id=11056, stack(0x0000004652000000,0x0000004652100000) (1024K)]
  0x00000228cc7301a0 JavaThread "Notification Thread"        daemon [_thread_blocked, id=21324, stack(0x0000004652100000,0x0000004652200000) (1024K)]
  0x00000228ccdd3c60 JavaThread "Thread-0"                          [_thread_blocked, id=20068, stack(0x0000004652500000,0x0000004652600000) (1024K)]
  0x0000022912093fa0 JavaThread "restartedMain"                     [_thread_in_vm, id=21868, stack(0x0000004652600000,0x0000004652700000) (1024K)]
=>0x000002291228dc90 JavaThread "background-preinit"                [_thread_in_vm, id=20220, stack(0x0000004652700000,0x0000004652800000) (1024K)]
Total: 16

Other Threads:
  0x00000228cc15fdc0 VMThread "VM Thread"                           [id=22412, stack(0x0000004651400000,0x0000004651500000) (1024K)]
  0x00000228cc14d250 WatcherThread "VM Periodic Task Thread"        [id=18956, stack(0x0000004651300000,0x0000004651400000) (1024K)]
  0x00000228afdada30 WorkerThread "GC Thread#0"                     [id=16940, stack(0x0000004650e00000,0x0000004650f00000) (1024K)]
  0x00000228cc8f3980 WorkerThread "GC Thread#1"                     [id=3388, stack(0x0000004652200000,0x0000004652300000) (1024K)]
  0x00000228cc95b460 WorkerThread "GC Thread#2"                     [id=18240, stack(0x0000004652300000,0x0000004652400000) (1024K)]
  0x00000229120234f0 WorkerThread "GC Thread#3"                     [id=19084, stack(0x0000004652400000,0x0000004652500000) (1024K)]
  0x00000228afdc2210 ConcurrentGCThread "G1 Main Marker"            [id=18436, stack(0x0000004650f00000,0x0000004651000000) (1024K)]
  0x00000228afdc2d20 WorkerThread "G1 Conc#0"                       [id=19104, stack(0x0000004651000000,0x0000004651100000) (1024K)]
  0x00000228cc022ea0 ConcurrentGCThread "G1 Refine#0"               [id=20460, stack(0x0000004651100000,0x0000004651200000) (1024K)]
  0x00000228cc023a20 ConcurrentGCThread "G1 Service"                [id=7260, stack(0x0000004651200000,0x0000004651300000) (1024K)]
Total: 10

Threads with active compile tasks:
C2 CompilerThread0  1140 1921 %     4       java.util.Properties$LineReader::readLine @ 224 (584 bytes)
C2 CompilerThread1  1140 1902       4       org.springframework.boot.context.properties.source.ConfigurationPropertyName$ElementsParser::parse (234 bytes)
Total: 2

VM state: not at safepoint (normal execution)

VM Mutex/Monitor currently owned by a thread: None

Heap address: 0x0000000083600000, size: 1994 MB, Compressed Oops mode: 32-bit

CDS archive(s) mapped at: [0x00000228cd000000-0x00000228cdd70000-0x00000228cdd70000), size 14090240, SharedBaseAddress: 0x00000228cd000000, ArchiveRelocationMode: 1.
Compressed class space mapped at: 0x00000228ce000000-0x000002290e000000, reserved size: 1073741824
Narrow klass base: 0x00000228cd000000, Narrow klass shift: 0, Narrow klass range: 0x41000000

GC Precious Log:
 CardTable entry size: 512
 Card Set container configuration: InlinePtr #cards 5 size 8 Array Of Cards #cards 10 size 36 Howl #buckets 4 coarsen threshold 1843 Howl Bitmap #cards 512 size 80 coarsen threshold 460 Card regions per heap region 1 cards per card region 2048
 CPUs: 4 total, 4 available
 Memory: 7975M
 Large Page Support: Disabled
 NUMA Support: Disabled
 Compressed Oops: Enabled (32-bit)
 Heap Region Size: 1M
 Heap Min Capacity: 8M
 Heap Initial Capacity: 126M
 Heap Max Capacity: 1994M
 Pre-touch: Disabled
 Parallel Workers: 4
 Concurrent Workers: 1
 Concurrent Refinement Workers: 4
 Periodic GC: Disabled

Heap:
 garbage-first heap   total reserved 2041856K, committed 129024K, used 21634K [0x0000000083600000, 0x0000000100000000)
  region size 1024K, 16 young (16384K), 1 survivors (1024K)
 Metaspace       used 10991K, committed 11264K, reserved 1114112K
  class space    used 1378K, committed 1472K, reserved 1048576K

Heap Regions: E=young(eden), S=young(survivor), O=old, HS=humongous(starts), HC=humongous(continues), CS=collection set, F=free, TAMS=top-at-mark-start, PB=parsable bottom
|   0|0x0000000083600000, 0x0000000083700000, 0x0000000083700000|100%|HS|  |TAMS 0x0000000083600000| PB 0x0000000083600000| Complete |  0
|   1|0x0000000083700000, 0x0000000083800000, 0x0000000083800000|100%|HS|  |TAMS 0x0000000083700000| PB 0x0000000083700000| Complete |  0
|   2|0x0000000083800000, 0x0000000083900000, 0x0000000083900000|100%| O|  |TAMS 0x0000000083800000| PB 0x0000000083800000| Untracked |  0
|   3|0x0000000083900000, 0x0000000083a00000, 0x0000000083a00000|100%| O|  |TAMS 0x0000000083900000| PB 0x0000000083900000| Untracked |  0
|   4|0x0000000083a00000, 0x0000000083b00000, 0x0000000083b00000|100%| O|  |TAMS 0x0000000083a00000| PB 0x0000000083a00000| Untracked |  0
|   5|0x0000000083b00000, 0x0000000083c00000, 0x0000000083c00000|100%| O|  |TAMS 0x0000000083b00000| PB 0x0000000083b00000| Untracked |  0
|   6|0x0000000083c00000, 0x0000000083d00000, 0x0000000083d00000|100%| O|  |TAMS 0x0000000083c00000| PB 0x0000000083c00000| Untracked |  0
|   7|0x0000000083d00000, 0x0000000083d52698, 0x0000000083e00000| 32%| O|  |TAMS 0x0000000083d00000| PB 0x0000000083d00000| Untracked |  0
|   8|0x0000000083e00000, 0x0000000083e00000, 0x0000000083f00000|  0%| F|  |TAMS 0x0000000083e00000| PB 0x0000000083e00000| Untracked |  0
|   9|0x0000000083f00000, 0x0000000083f00000, 0x0000000084000000|  0%| F|  |TAMS 0x0000000083f00000| PB 0x0000000083f00000| Untracked |  0
|  10|0x0000000084000000, 0x0000000084000000, 0x0000000084100000|  0%| F|  |TAMS 0x0000000084000000| PB 0x0000000084000000| Untracked |  0
|  11|0x0000000084100000, 0x0000000084100000, 0x0000000084200000|  0%| F|  |TAMS 0x0000000084100000| PB 0x0000000084100000| Untracked |  0
|  12|0x0000000084200000, 0x0000000084200000, 0x0000000084300000|  0%| F|  |TAMS 0x0000000084200000| PB 0x0000000084200000| Untracked |  0
|  13|0x0000000084300000, 0x0000000084300000, 0x0000000084400000|  0%| F|  |TAMS 0x0000000084300000| PB 0x0000000084300000| Untracked |  0
|  14|0x0000000084400000, 0x0000000084400000, 0x0000000084500000|  0%| F|  |TAMS 0x0000000084400000| PB 0x0000000084400000| Untracked |  0
|  15|0x0000000084500000, 0x0000000084500000, 0x0000000084600000|  0%| F|  |TAMS 0x0000000084500000| PB 0x0000000084500000| Untracked |  0
|  16|0x0000000084600000, 0x0000000084600000, 0x0000000084700000|  0%| F|  |TAMS 0x0000000084600000| PB 0x0000000084600000| Untracked |  0
|  17|0x0000000084700000, 0x0000000084700000, 0x0000000084800000|  0%| F|  |TAMS 0x0000000084700000| PB 0x0000000084700000| Untracked |  0
|  18|0x0000000084800000, 0x0000000084800000, 0x0000000084900000|  0%| F|  |TAMS 0x0000000084800000| PB 0x0000000084800000| Untracked |  0
|  19|0x0000000084900000, 0x0000000084900000, 0x0000000084a00000|  0%| F|  |TAMS 0x0000000084900000| PB 0x0000000084900000| Untracked |  0
|  20|0x0000000084a00000, 0x0000000084a00000, 0x0000000084b00000|  0%| F|  |TAMS 0x0000000084a00000| PB 0x0000000084a00000| Untracked |  0
|  21|0x0000000084b00000, 0x0000000084b00000, 0x0000000084c00000|  0%| F|  |TAMS 0x0000000084b00000| PB 0x0000000084b00000| Untracked |  0
|  22|0x0000000084c00000, 0x0000000084c00000, 0x0000000084d00000|  0%| F|  |TAMS 0x0000000084c00000| PB 0x0000000084c00000| Untracked |  0
|  23|0x0000000084d00000, 0x0000000084d00000, 0x0000000084e00000|  0%| F|  |TAMS 0x0000000084d00000| PB 0x0000000084d00000| Untracked |  0
|  24|0x0000000084e00000, 0x0000000084e00000, 0x0000000084f00000|  0%| F|  |TAMS 0x0000000084e00000| PB 0x0000000084e00000| Untracked |  0
|  25|0x0000000084f00000, 0x0000000084f00000, 0x0000000085000000|  0%| F|  |TAMS 0x0000000084f00000| PB 0x0000000084f00000| Untracked |  0
|  26|0x0000000085000000, 0x0000000085000000, 0x0000000085100000|  0%| F|  |TAMS 0x0000000085000000| PB 0x0000000085000000| Untracked |  0
|  27|0x0000000085100000, 0x0000000085100000, 0x0000000085200000|  0%| F|  |TAMS 0x0000000085100000| PB 0x0000000085100000| Untracked |  0
|  28|0x0000000085200000, 0x0000000085200000, 0x0000000085300000|  0%| F|  |TAMS 0x0000000085200000| PB 0x0000000085200000| Untracked |  0
|  29|0x0000000085300000, 0x0000000085300000, 0x0000000085400000|  0%| F|  |TAMS 0x0000000085300000| PB 0x0000000085300000| Untracked |  0
|  30|0x0000000085400000, 0x0000000085400000, 0x0000000085500000|  0%| F|  |TAMS 0x0000000085400000| PB 0x0000000085400000| Untracked |  0
|  31|0x0000000085500000, 0x0000000085500000, 0x0000000085600000|  0%| F|  |TAMS 0x0000000085500000| PB 0x0000000085500000| Untracked |  0
|  32|0x0000000085600000, 0x0000000085600000, 0x0000000085700000|  0%| F|  |TAMS 0x0000000085600000| PB 0x0000000085600000| Untracked |  0
|  33|0x0000000085700000, 0x0000000085700000, 0x0000000085800000|  0%| F|  |TAMS 0x0000000085700000| PB 0x0000000085700000| Untracked |  0
|  34|0x0000000085800000, 0x0000000085800000, 0x0000000085900000|  0%| F|  |TAMS 0x0000000085800000| PB 0x0000000085800000| Untracked |  0
|  35|0x0000000085900000, 0x0000000085900000, 0x0000000085a00000|  0%| F|  |TAMS 0x0000000085900000| PB 0x0000000085900000| Untracked |  0
|  36|0x0000000085a00000, 0x0000000085a00000, 0x0000000085b00000|  0%| F|  |TAMS 0x0000000085a00000| PB 0x0000000085a00000| Untracked |  0
|  37|0x0000000085b00000, 0x0000000085b00000, 0x0000000085c00000|  0%| F|  |TAMS 0x0000000085b00000| PB 0x0000000085b00000| Untracked |  0
|  38|0x0000000085c00000, 0x0000000085c00000, 0x0000000085d00000|  0%| F|  |TAMS 0x0000000085c00000| PB 0x0000000085c00000| Untracked |  0
|  39|0x0000000085d00000, 0x0000000085d00000, 0x0000000085e00000|  0%| F|  |TAMS 0x0000000085d00000| PB 0x0000000085d00000| Untracked |  0
|  40|0x0000000085e00000, 0x0000000085e00000, 0x0000000085f00000|  0%| F|  |TAMS 0x0000000085e00000| PB 0x0000000085e00000| Untracked |  0
|  41|0x0000000085f00000, 0x0000000085f00000, 0x0000000086000000|  0%| F|  |TAMS 0x0000000085f00000| PB 0x0000000085f00000| Untracked |  0
|  42|0x0000000086000000, 0x0000000086000000, 0x0000000086100000|  0%| F|  |TAMS 0x0000000086000000| PB 0x0000000086000000| Untracked |  0
|  43|0x0000000086100000, 0x0000000086100000, 0x0000000086200000|  0%| F|  |TAMS 0x0000000086100000| PB 0x0000000086100000| Untracked |  0
|  44|0x0000000086200000, 0x0000000086200000, 0x0000000086300000|  0%| F|  |TAMS 0x0000000086200000| PB 0x0000000086200000| Untracked |  0
|  45|0x0000000086300000, 0x0000000086300000, 0x0000000086400000|  0%| F|  |TAMS 0x0000000086300000| PB 0x0000000086300000| Untracked |  0
|  46|0x0000000086400000, 0x0000000086400000, 0x0000000086500000|  0%| F|  |TAMS 0x0000000086400000| PB 0x0000000086400000| Untracked |  0
|  47|0x0000000086500000, 0x0000000086500000, 0x0000000086600000|  0%| F|  |TAMS 0x0000000086500000| PB 0x0000000086500000| Untracked |  0
|  48|0x0000000086600000, 0x0000000086600000, 0x0000000086700000|  0%| F|  |TAMS 0x0000000086600000| PB 0x0000000086600000| Untracked |  0
|  49|0x0000000086700000, 0x0000000086700000, 0x0000000086800000|  0%| F|  |TAMS 0x0000000086700000| PB 0x0000000086700000| Untracked |  0
|  50|0x0000000086800000, 0x0000000086800000, 0x0000000086900000|  0%| F|  |TAMS 0x0000000086800000| PB 0x0000000086800000| Untracked |  0
|  51|0x0000000086900000, 0x0000000086900000, 0x0000000086a00000|  0%| F|  |TAMS 0x0000000086900000| PB 0x0000000086900000| Untracked |  0
|  52|0x0000000086a00000, 0x0000000086a00000, 0x0000000086b00000|  0%| F|  |TAMS 0x0000000086a00000| PB 0x0000000086a00000| Untracked |  0
|  53|0x0000000086b00000, 0x0000000086b00000, 0x0000000086c00000|  0%| F|  |TAMS 0x0000000086b00000| PB 0x0000000086b00000| Untracked |  0
|  54|0x0000000086c00000, 0x0000000086c00000, 0x0000000086d00000|  0%| F|  |TAMS 0x0000000086c00000| PB 0x0000000086c00000| Untracked |  0
|  55|0x0000000086d00000, 0x0000000086d00000, 0x0000000086e00000|  0%| F|  |TAMS 0x0000000086d00000| PB 0x0000000086d00000| Untracked |  0
|  56|0x0000000086e00000, 0x0000000086e00000, 0x0000000086f00000|  0%| F|  |TAMS 0x0000000086e00000| PB 0x0000000086e00000| Untracked |  0
|  57|0x0000000086f00000, 0x0000000086f00000, 0x0000000087000000|  0%| F|  |TAMS 0x0000000086f00000| PB 0x0000000086f00000| Untracked |  0
|  58|0x0000000087000000, 0x0000000087000000, 0x0000000087100000|  0%| F|  |TAMS 0x0000000087000000| PB 0x0000000087000000| Untracked |  0
|  59|0x0000000087100000, 0x0000000087100000, 0x0000000087200000|  0%| F|  |TAMS 0x0000000087100000| PB 0x0000000087100000| Untracked |  0
|  60|0x0000000087200000, 0x0000000087200000, 0x0000000087300000|  0%| F|  |TAMS 0x0000000087200000| PB 0x0000000087200000| Untracked |  0
|  61|0x0000000087300000, 0x0000000087300000, 0x0000000087400000|  0%| F|  |TAMS 0x0000000087300000| PB 0x0000000087300000| Untracked |  0
|  62|0x0000000087400000, 0x0000000087400000, 0x0000000087500000|  0%| F|  |TAMS 0x0000000087400000| PB 0x0000000087400000| Untracked |  0
|  63|0x0000000087500000, 0x0000000087500000, 0x0000000087600000|  0%| F|  |TAMS 0x0000000087500000| PB 0x0000000087500000| Untracked |  0
|  64|0x0000000087600000, 0x0000000087600000, 0x0000000087700000|  0%| F|  |TAMS 0x0000000087600000| PB 0x0000000087600000| Untracked |  0
|  65|0x0000000087700000, 0x0000000087700000, 0x0000000087800000|  0%| F|  |TAMS 0x0000000087700000| PB 0x0000000087700000| Untracked |  0
|  66|0x0000000087800000, 0x0000000087800000, 0x0000000087900000|  0%| F|  |TAMS 0x0000000087800000| PB 0x0000000087800000| Untracked |  0
|  67|0x0000000087900000, 0x0000000087900000, 0x0000000087a00000|  0%| F|  |TAMS 0x0000000087900000| PB 0x0000000087900000| Untracked |  0
|  68|0x0000000087a00000, 0x0000000087a00000, 0x0000000087b00000|  0%| F|  |TAMS 0x0000000087a00000| PB 0x0000000087a00000| Untracked |  0
|  69|0x0000000087b00000, 0x0000000087b00000, 0x0000000087c00000|  0%| F|  |TAMS 0x0000000087b00000| PB 0x0000000087b00000| Untracked |  0
|  70|0x0000000087c00000, 0x0000000087c00000, 0x0000000087d00000|  0%| F|  |TAMS 0x0000000087c00000| PB 0x0000000087c00000| Untracked |  0
|  71|0x0000000087d00000, 0x0000000087d00000, 0x0000000087e00000|  0%| F|  |TAMS 0x0000000087d00000| PB 0x0000000087d00000| Untracked |  0
|  72|0x0000000087e00000, 0x0000000087e00000, 0x0000000087f00000|  0%| F|  |TAMS 0x0000000087e00000| PB 0x0000000087e00000| Untracked |  0
|  73|0x0000000087f00000, 0x0000000087f00000, 0x0000000088000000|  0%| F|  |TAMS 0x0000000087f00000| PB 0x0000000087f00000| Untracked |  0
|  74|0x0000000088000000, 0x0000000088000000, 0x0000000088100000|  0%| F|  |TAMS 0x0000000088000000| PB 0x0000000088000000| Untracked |  0
|  75|0x0000000088100000, 0x0000000088100000, 0x0000000088200000|  0%| F|  |TAMS 0x0000000088100000| PB 0x0000000088100000| Untracked |  0
|  76|0x0000000088200000, 0x0000000088200000, 0x0000000088300000|  0%| F|  |TAMS 0x0000000088200000| PB 0x0000000088200000| Untracked |  0
|  77|0x0000000088300000, 0x0000000088300000, 0x0000000088400000|  0%| F|  |TAMS 0x0000000088300000| PB 0x0000000088300000| Untracked |  0
|  78|0x0000000088400000, 0x0000000088400000, 0x0000000088500000|  0%| F|  |TAMS 0x0000000088400000| PB 0x0000000088400000| Untracked |  0
|  79|0x0000000088500000, 0x0000000088500000, 0x0000000088600000|  0%| F|  |TAMS 0x0000000088500000| PB 0x0000000088500000| Untracked |  0
|  80|0x0000000088600000, 0x0000000088600000, 0x0000000088700000|  0%| F|  |TAMS 0x0000000088600000| PB 0x0000000088600000| Untracked |  0
|  81|0x0000000088700000, 0x0000000088700000, 0x0000000088800000|  0%| F|  |TAMS 0x0000000088700000| PB 0x0000000088700000| Untracked |  0
|  82|0x0000000088800000, 0x0000000088800000, 0x0000000088900000|  0%| F|  |TAMS 0x0000000088800000| PB 0x0000000088800000| Untracked |  0
|  83|0x0000000088900000, 0x0000000088900000, 0x0000000088a00000|  0%| F|  |TAMS 0x0000000088900000| PB 0x0000000088900000| Untracked |  0
|  84|0x0000000088a00000, 0x0000000088a00000, 0x0000000088b00000|  0%| F|  |TAMS 0x0000000088a00000| PB 0x0000000088a00000| Untracked |  0
|  85|0x0000000088b00000, 0x0000000088b00000, 0x0000000088c00000|  0%| F|  |TAMS 0x0000000088b00000| PB 0x0000000088b00000| Untracked |  0
|  86|0x0000000088c00000, 0x0000000088c00000, 0x0000000088d00000|  0%| F|  |TAMS 0x0000000088c00000| PB 0x0000000088c00000| Untracked |  0
|  87|0x0000000088d00000, 0x0000000088d00000, 0x0000000088e00000|  0%| F|  |TAMS 0x0000000088d00000| PB 0x0000000088d00000| Untracked |  0
|  88|0x0000000088e00000, 0x0000000088e00000, 0x0000000088f00000|  0%| F|  |TAMS 0x0000000088e00000| PB 0x0000000088e00000| Untracked |  0
|  89|0x0000000088f00000, 0x0000000088f00000, 0x0000000089000000|  0%| F|  |TAMS 0x0000000088f00000| PB 0x0000000088f00000| Untracked |  0
|  90|0x0000000089000000, 0x0000000089000000, 0x0000000089100000|  0%| F|  |TAMS 0x0000000089000000| PB 0x0000000089000000| Untracked |  0
|  91|0x0000000089100000, 0x0000000089100000, 0x0000000089200000|  0%| F|  |TAMS 0x0000000089100000| PB 0x0000000089100000| Untracked |  0
|  92|0x0000000089200000, 0x0000000089200000, 0x0000000089300000|  0%| F|  |TAMS 0x0000000089200000| PB 0x0000000089200000| Untracked |  0
|  93|0x0000000089300000, 0x0000000089300000, 0x0000000089400000|  0%| F|  |TAMS 0x0000000089300000| PB 0x0000000089300000| Untracked |  0
|  94|0x0000000089400000, 0x0000000089400000, 0x0000000089500000|  0%| F|  |TAMS 0x0000000089400000| PB 0x0000000089400000| Untracked |  0
|  95|0x0000000089500000, 0x0000000089500000, 0x0000000089600000|  0%| F|  |TAMS 0x0000000089500000| PB 0x0000000089500000| Untracked |  0
|  96|0x0000000089600000, 0x0000000089600000, 0x0000000089700000|  0%| F|  |TAMS 0x0000000089600000| PB 0x0000000089600000| Untracked |  0
|  97|0x0000000089700000, 0x0000000089700000, 0x0000000089800000|  0%| F|  |TAMS 0x0000000089700000| PB 0x0000000089700000| Untracked |  0
|  98|0x0000000089800000, 0x0000000089800000, 0x0000000089900000|  0%| F|  |TAMS 0x0000000089800000| PB 0x0000000089800000| Untracked |  0
|  99|0x0000000089900000, 0x0000000089900000, 0x0000000089a00000|  0%| F|  |TAMS 0x0000000089900000| PB 0x0000000089900000| Untracked |  0
| 100|0x0000000089a00000, 0x0000000089a00000, 0x0000000089b00000|  0%| F|  |TAMS 0x0000000089a00000| PB 0x0000000089a00000| Untracked |  0
| 101|0x0000000089b00000, 0x0000000089b00000, 0x0000000089c00000|  0%| F|  |TAMS 0x0000000089b00000| PB 0x0000000089b00000| Untracked |  0
| 102|0x0000000089c00000, 0x0000000089c00000, 0x0000000089d00000|  0%| F|  |TAMS 0x0000000089c00000| PB 0x0000000089c00000| Untracked |  0
| 103|0x0000000089d00000, 0x0000000089d00000, 0x0000000089e00000|  0%| F|  |TAMS 0x0000000089d00000| PB 0x0000000089d00000| Untracked |  0
| 104|0x0000000089e00000, 0x0000000089e00000, 0x0000000089f00000|  0%| F|  |TAMS 0x0000000089e00000| PB 0x0000000089e00000| Untracked |  0
| 105|0x0000000089f00000, 0x0000000089f00000, 0x000000008a000000|  0%| F|  |TAMS 0x0000000089f00000| PB 0x0000000089f00000| Untracked |  0
| 106|0x000000008a000000, 0x000000008a000000, 0x000000008a100000|  0%| F|  |TAMS 0x000000008a000000| PB 0x000000008a000000| Untracked |  0
| 107|0x000000008a100000, 0x000000008a100000, 0x000000008a200000|  0%| F|  |TAMS 0x000000008a100000| PB 0x000000008a100000| Untracked |  0
| 108|0x000000008a200000, 0x000000008a200000, 0x000000008a300000|  0%| F|  |TAMS 0x000000008a200000| PB 0x000000008a200000| Untracked |  0
| 109|0x000000008a300000, 0x000000008a300000, 0x000000008a400000|  0%| F|  |TAMS 0x000000008a300000| PB 0x000000008a300000| Untracked |  0
| 110|0x000000008a400000, 0x000000008a4180f0, 0x000000008a500000|  9%| E|  |TAMS 0x000000008a400000| PB 0x000000008a400000| Complete |  0
| 111|0x000000008a500000, 0x000000008a600000, 0x000000008a600000|100%| E|CS|TAMS 0x000000008a500000| PB 0x000000008a500000| Complete |  0
| 112|0x000000008a600000, 0x000000008a700000, 0x000000008a700000|100%| E|CS|TAMS 0x000000008a600000| PB 0x000000008a600000| Complete |  0
| 113|0x000000008a700000, 0x000000008a800000, 0x000000008a800000|100%| E|CS|TAMS 0x000000008a700000| PB 0x000000008a700000| Complete |  0
| 114|0x000000008a800000, 0x000000008a8ce1e0, 0x000000008a900000| 80%| S|CS|TAMS 0x000000008a800000| PB 0x000000008a800000| Complete |  0
| 115|0x000000008a900000, 0x000000008aa00000, 0x000000008aa00000|100%| E|  |TAMS 0x000000008a900000| PB 0x000000008a900000| Complete |  0
| 116|0x000000008aa00000, 0x000000008ab00000, 0x000000008ab00000|100%| E|CS|TAMS 0x000000008aa00000| PB 0x000000008aa00000| Complete |  0
| 117|0x000000008ab00000, 0x000000008ac00000, 0x000000008ac00000|100%| E|CS|TAMS 0x000000008ab00000| PB 0x000000008ab00000| Complete |  0
| 118|0x000000008ac00000, 0x000000008ad00000, 0x000000008ad00000|100%| E|CS|TAMS 0x000000008ac00000| PB 0x000000008ac00000| Complete |  0
| 119|0x000000008ad00000, 0x000000008ae00000, 0x000000008ae00000|100%| E|CS|TAMS 0x000000008ad00000| PB 0x000000008ad00000| Complete |  0
| 120|0x000000008ae00000, 0x000000008af00000, 0x000000008af00000|100%| E|CS|TAMS 0x000000008ae00000| PB 0x000000008ae00000| Complete |  0
| 121|0x000000008af00000, 0x000000008b000000, 0x000000008b000000|100%| E|CS|TAMS 0x000000008af00000| PB 0x000000008af00000| Complete |  0
| 122|0x000000008b000000, 0x000000008b100000, 0x000000008b100000|100%| E|CS|TAMS 0x000000008b000000| PB 0x000000008b000000| Complete |  0
| 123|0x000000008b100000, 0x000000008b200000, 0x000000008b200000|100%| E|CS|TAMS 0x000000008b100000| PB 0x000000008b100000| Complete |  0
| 124|0x000000008b200000, 0x000000008b300000, 0x000000008b300000|100%| E|CS|TAMS 0x000000008b200000| PB 0x000000008b200000| Complete |  0
| 125|0x000000008b300000, 0x000000008b400000, 0x000000008b400000|100%| E|CS|TAMS 0x000000008b300000| PB 0x000000008b300000| Complete |  0

Card table byte_map: [0x00000228c7870000,0x00000228c7c60000] _byte_map_base: 0x00000228c7455000

Marking Bits: (CMBitMap*) 0x00000228afdae140
 Bits: [0x00000228c7c60000, 0x00000228c9b88000)

Polling page: 0x00000228adc50000

Metaspace:

Usage:
  Non-class:      9.39 MB used.
      Class:      1.35 MB used.
       Both:     10.73 MB used.

Virtual space:
  Non-class space:       64.00 MB reserved,       9.56 MB ( 15%) committed,  1 nodes.
      Class space:        1.00 GB reserved,       1.44 MB ( <1%) committed,  1 nodes.
             Both:        1.06 GB reserved,      11.00 MB (  1%) committed. 

Chunk freelists:
   Non-Class:  6.14 MB
       Class:  14.58 MB
        Both:  20.72 MB

MaxMetaspaceSize: unlimited
CompressedClassSpaceSize: 1.00 GB
Initial GC threshold: 21.00 MB
Current GC threshold: 21.00 MB
CDS: on
 - commit_granule_bytes: 65536.
 - commit_granule_words: 8192.
 - virtual_space_node_default_size: 8388608.
 - enlarge_chunks_in_place: 1.
 - use_allocation_guard: 0.


Internal statistics:

num_allocs_failed_limit: 0.
num_arena_births: 292.
num_arena_deaths: 0.
num_vsnodes_births: 2.
num_vsnodes_deaths: 0.
num_space_committed: 176.
num_space_uncommitted: 0.
num_chunks_returned_to_freelist: 0.
num_chunks_taken_from_freelist: 633.
num_chunk_merges: 0.
num_chunk_splits: 378.
num_chunks_enlarged: 214.
num_inconsistent_stats: 0.

CodeHeap 'non-profiled nmethods': size=120064Kb used=616Kb max_used=616Kb free=119447Kb
 bounds [0x00000228bff40000, 0x00000228c01b0000, 0x00000228c7480000]
CodeHeap 'profiled nmethods': size=120000Kb used=2598Kb max_used=2598Kb free=117401Kb
 bounds [0x00000228b8480000, 0x00000228b8710000, 0x00000228bf9b0000]
CodeHeap 'non-nmethods': size=5696Kb used=1524Kb max_used=1555Kb free=4171Kb
 bounds [0x00000228bf9b0000, 0x00000228bfc20000, 0x00000228bff40000]
CodeCache: size=245760Kb, used=4738Kb, max_used=4769Kb, free=241019Kb
 total_blobs=2459, nmethods=1949, adapters=415, full_count=0
Compilation: enabled, stopped_count=0, restarted_count=0

Compilation events (20 events):
Event: 1.047 Thread 0x00000228cc181fc0 1941       3       java.lang.module.ModuleDescriptor$1::newExports (12 bytes)
Event: 1.047 Thread 0x00000228cc181fc0 nmethod 1941 0x00000228b8704e88 code [0x00000228b8704fc0, 0x00000228b87052f8]
Event: 1.047 Thread 0x00000228cc181fc0 1944       3       java.net.URI::hash (33 bytes)
Event: 1.047 Thread 0x00000228cc181fc0 nmethod 1944 0x00000228b8705388 code [0x00000228b87054e0, 0x00000228b8705740]
Event: 1.047 Thread 0x00000228cc181fc0 1943       3       java.net.URI::toLower (19 bytes)
Event: 1.047 Thread 0x00000228cc181fc0 nmethod 1943 0x00000228b8705788 code [0x00000228b87058a0, 0x00000228b8705a18]
Event: 1.047 Thread 0x00000228cc181fc0 1945       3       java.security.AccessController::doPrivileged (9 bytes)
Event: 1.048 Thread 0x00000228cc181fc0 nmethod 1945 0x00000228b8705a88 code [0x00000228b8705be0, 0x00000228b8705f50]
Event: 1.048 Thread 0x00000228cc181fc0 1946       3       java.lang.Module::isExported (18 bytes)
Event: 1.048 Thread 0x00000228cc181fc0 nmethod 1946 0x00000228b8705f88 code [0x00000228b87060e0, 0x00000228b87064d0]
Event: 1.048 Thread 0x00000228cc181fc0 1947       3       java.lang.Module::implIsExportedOrOpen (92 bytes)
Event: 1.049 Thread 0x00000228cc181fc0 nmethod 1947 0x00000228b8706508 code [0x00000228b87066c0, 0x00000228b8706d90]
Event: 1.049 Thread 0x00000228cc181fc0 1948       3       java.lang.invoke.MethodHandles$Lookup::resolveOrFail (44 bytes)
Event: 1.050 Thread 0x00000228cc181fc0 nmethod 1948 0x00000228b8706e08 code [0x00000228b8707040, 0x00000228b8707bc0]
Event: 1.050 Thread 0x00000228cc181fc0 1949       3       java.lang.invoke.MethodHandles$Lookup::getDirectMethodForConstant (72 bytes)
Event: 1.051 Thread 0x00000228cc181fc0 nmethod 1949 0x00000228b8707c88 code [0x00000228b8707f40, 0x00000228b8709040]
Event: 1.051 Thread 0x00000228cc181fc0 1951       3       java.lang.invoke.MethodHandle::isAncestorLoaderOf (35 bytes)
Event: 1.051 Thread 0x00000228cc181fc0 nmethod 1951 0x00000228b8709108 code [0x00000228b87092a0, 0x00000228b87099e8]
Event: 1.051 Thread 0x00000228cc181fc0 1952       1       jdk.xml.internal.XMLSecurityManager$Limit::systemProperty (5 bytes)
Event: 1.052 Thread 0x00000228cc181fc0 nmethod 1952 0x00000228bffda088 code [0x00000228bffda1a0, 0x00000228bffda268]

GC Heap History (4 events):
Event: 0.499 GC heap before
{Heap before GC invocations=0 (full 0):
 garbage-first heap   total reserved 2041856K, committed 129024K, used 15360K [0x0000000083600000, 0x0000000100000000)
  region size 1024K, 14 young (14336K), 0 survivors (0K)
 Metaspace       used 4086K, committed 4288K, reserved 1114112K
  class space    used 451K, committed 512K, reserved 1048576K
}
Event: 0.503 GC heap after
{Heap after GC invocations=1 (full 0):
 garbage-first heap   total reserved 2041856K, committed 129024K, used 7423K [0x0000000083600000, 0x0000000100000000)
  region size 1024K, 2 young (2048K), 2 survivors (2048K)
 Metaspace       used 4086K, committed 4288K, reserved 1114112K
  class space    used 451K, committed 512K, reserved 1048576K
}
Event: 0.743 GC heap before
{Heap before GC invocations=1 (full 0):
 garbage-first heap   total reserved 2041856K, committed 129024K, used 17663K [0x0000000083600000, 0x0000000100000000)
  region size 1024K, 13 young (13312K), 2 survivors (2048K)
 Metaspace       used 6771K, committed 6976K, reserved 1114112K
  class space    used 799K, committed 896K, reserved 1048576K
}
Event: 0.746 GC heap after
{Heap after GC invocations=2 (full 0):
 garbage-first heap   total reserved 2041856K, committed 129024K, used 8322K [0x0000000083600000, 0x0000000100000000)
  region size 1024K, 1 young (1024K), 1 survivors (1024K)
 Metaspace       used 6771K, committed 6976K, reserved 1114112K
  class space    used 799K, committed 896K, reserved 1048576K
}

Dll operation events (12 events):
Event: 0.012 Loaded shared library C:\Users\gunji\.jdks\openjdk-23\bin\java.dll
Event: 0.051 Loaded shared library C:\Users\gunji\.jdks\openjdk-23\bin\jsvml.dll
Event: 0.144 Loaded shared library C:\Users\gunji\.jdks\openjdk-23\bin\zip.dll
Event: 0.147 Loaded shared library C:\Users\gunji\.jdks\openjdk-23\bin\instrument.dll
Event: 0.151 Loaded shared library C:\Users\gunji\.jdks\openjdk-23\bin\net.dll
Event: 0.153 Loaded shared library C:\Users\gunji\.jdks\openjdk-23\bin\nio.dll
Event: 0.156 Loaded shared library C:\Users\gunji\.jdks\openjdk-23\bin\zip.dll
Event: 0.240 Loaded shared library D:\IntelliJ IDEA Community Edition 2024.3.1\bin\breakgen64.dll
Event: 0.251 Loaded shared library C:\Users\gunji\.jdks\openjdk-23\bin\extnet.dll
Event: 0.279 Loaded shared library C:\Users\gunji\.jdks\openjdk-23\bin\jimage.dll
Event: 0.575 Loaded shared library C:\Users\gunji\.jdks\openjdk-23\bin\management.dll
Event: 0.578 Loaded shared library C:\Users\gunji\.jdks\openjdk-23\bin\management_ext.dll

Deoptimization events (20 events):
Event: 0.915 Thread 0x0000022912093fa0 Uncommon trap: trap_request=0xffffffc6 fr.pc=0x00000228bffb6350 relative=0x0000000000000350
Event: 0.915 Thread 0x0000022912093fa0 Uncommon trap: reason=bimorphic_or_optimized_type_check action=maybe_recompile pc=0x00000228bffb6350 method=java.util.HashMap.getNode(Ljava/lang/Object;)Ljava/util/HashMap$Node; @ 63 c2
Event: 0.915 Thread 0x0000022912093fa0 DEOPT PACKING pc=0x00000228bffb6350 sp=0x00000046526fe4c0
Event: 0.915 Thread 0x0000022912093fa0 DEOPT UNPACKING pc=0x00000228bfa07982 sp=0x00000046526fe438 mode 2
Event: 0.918 Thread 0x0000022912093fa0 Uncommon trap: trap_request=0xffffffc6 fr.pc=0x00000228bffb6350 relative=0x0000000000000350
Event: 0.918 Thread 0x0000022912093fa0 Uncommon trap: reason=bimorphic_or_optimized_type_check action=maybe_recompile pc=0x00000228bffb6350 method=java.util.HashMap.getNode(Ljava/lang/Object;)Ljava/util/HashMap$Node; @ 63 c2
Event: 0.918 Thread 0x0000022912093fa0 DEOPT PACKING pc=0x00000228bffb6350 sp=0x00000046526fe4c0
Event: 0.918 Thread 0x0000022912093fa0 DEOPT UNPACKING pc=0x00000228bfa07982 sp=0x00000046526fe438 mode 2
Event: 0.948 Thread 0x0000022912093fa0 Uncommon trap: trap_request=0xffffff54 fr.pc=0x00000228bffadafc relative=0x0000000000000d9c
Event: 0.948 Thread 0x0000022912093fa0 Uncommon trap: reason=speculate_null_assert action=make_not_entrant pc=0x00000228bffadafc method=java.util.jar.JarFile.getVersionedEntry(Ljava/lang/String;Ljava/util/jar/JarEntry;)Ljava/util/jar/JarEntry; @ 115 c2
Event: 0.948 Thread 0x0000022912093fa0 DEOPT PACKING pc=0x00000228bffadafc sp=0x00000046526fd3b0
Event: 0.948 Thread 0x0000022912093fa0 DEOPT UNPACKING pc=0x00000228bfa07982 sp=0x00000046526fd3b8 mode 2
Event: 0.948 Thread 0x0000022912093fa0 Uncommon trap: trap_request=0xffffff45 fr.pc=0x00000228bff89d0c relative=0x0000000000000d2c
Event: 0.948 Thread 0x0000022912093fa0 Uncommon trap: reason=unstable_if action=reinterpret pc=0x00000228bff89d0c method=java.util.jar.JarFile.getEntry(Ljava/lang/String;)Ljava/util/zip/ZipEntry; @ 15 c2
Event: 0.948 Thread 0x0000022912093fa0 DEOPT PACKING pc=0x00000228bff89d0c sp=0x00000046526fd480
Event: 0.948 Thread 0x0000022912093fa0 DEOPT UNPACKING pc=0x00000228bfa07982 sp=0x00000046526fd3b8 mode 2
Event: 0.948 Thread 0x0000022912093fa0 Uncommon trap: trap_request=0xffffff45 fr.pc=0x00000228bff8b4e4 relative=0x0000000000000c24
Event: 0.948 Thread 0x0000022912093fa0 Uncommon trap: reason=unstable_if action=reinterpret pc=0x00000228bff8b4e4 method=java.util.jar.JarFile.getEntry(Ljava/lang/String;)Ljava/util/zip/ZipEntry; @ 15 c2
Event: 0.948 Thread 0x0000022912093fa0 DEOPT PACKING pc=0x00000228bff8b4e4 sp=0x00000046526fcd50
Event: 0.948 Thread 0x0000022912093fa0 DEOPT UNPACKING pc=0x00000228bfa07982 sp=0x00000046526fcd48 mode 2

Classes loaded (20 events):
Event: 1.057 Loading class com/sun/org/apache/xerces/internal/util/AugmentationsImpl done
Event: 1.057 Loading class com/sun/org/apache/xerces/internal/util/AugmentationsImpl$SmallContainer
Event: 1.057 Loading class com/sun/org/apache/xerces/internal/util/AugmentationsImpl$AugmentationsItemsContainer
Event: 1.057 Loading class com/sun/org/apache/xerces/internal/util/AugmentationsImpl$AugmentationsItemsContainer done
Event: 1.057 Loading class com/sun/org/apache/xerces/internal/util/AugmentationsImpl$SmallContainer done
Event: 1.057 Loading class com/sun/xml/internal/stream/XMLEntityStorage
Event: 1.058 Loading class com/sun/xml/internal/stream/XMLEntityStorage done
Event: 1.058 Loading class com/sun/org/apache/xerces/internal/impl/XMLEntityScanner
Event: 1.058 Loading class com/sun/org/apache/xerces/internal/xni/XMLLocator
Event: 1.058 Loading class com/sun/org/apache/xerces/internal/xni/XMLLocator done
Event: 1.060 Loading class com/sun/org/apache/xerces/internal/impl/XMLEntityScanner done
Event: 1.061 Loading class com/sun/org/apache/xerces/internal/impl/XMLEntityScanner$1
Event: 1.061 Loading class java/io/EOFException
Event: 1.061 Loading class java/io/EOFException done
Event: 1.061 Loading class com/sun/org/apache/xerces/internal/impl/XMLEntityScanner$1 done
Event: 1.061 Loading class com/sun/org/apache/xerces/internal/impl/XMLErrorReporter
Event: 1.061 Loading class com/sun/org/apache/xerces/internal/impl/XMLErrorReporter done
Event: 1.061 Loading class com/sun/org/apache/xerces/internal/impl/XMLNSDocumentScannerImpl
Event: 1.062 Loading class com/sun/org/apache/xerces/internal/impl/XMLDocumentScannerImpl
Event: 1.062 Loading class com/sun/org/apache/xerces/internal/impl/XMLDocumentFragmentScannerImpl

Classes unloaded (0 events):
No events

Classes redefined (0 events):
No events

Internal exceptions (20 events):
Event: 0.829 Thread 0x0000022912093fa0 Exception <a 'java/lang/NoSuchMethodError'{0x000000008b0fbb30}: 'java.lang.Object java.lang.invoke.DirectMethodHandle$Holder.newInvokeSpecial(java.lang.Object, java.lang.Object, java.lang.Object, java.lang.Object, java.lang.Object, java.lang.Object, int)'> (0x000000008b0fbb30) 
thrown [s\open\src\hotspot\share\interpreter\linkResolver.cpp, line 796]
Event: 0.829 Thread 0x0000022912093fa0 Exception <a 'java/lang/NoSuchMethodError'{0x000000008af00488}: 'java.lang.Object java.lang.invoke.DirectMethodHandle$Holder.invokeSpecial(java.lang.Object, java.lang.Object, java.lang.Object, java.lang.Object, java.lang.Object, java.lang.Object, java.lang.Object, int)'> (0x000000008af00488) 
thrown [s\open\src\hotspot\share\interpreter\linkResolver.cpp, line 796]
Event: 0.855 Thread 0x0000022912093fa0 Exception <a 'java/lang/NoSuchMethodError'{0x000000008ae2a0a8}: 'int java.lang.invoke.DirectMethodHandle$Holder.invokeInterface(java.lang.Object, java.lang.Object)'> (0x000000008ae2a0a8) 
thrown [s\open\src\hotspot\share\interpreter\linkResolver.cpp, line 796]
Event: 0.859 Thread 0x0000022912093fa0 Exception <a 'java/lang/NoSuchMethodError'{0x000000008ae4c5a8}: 'void java.lang.invoke.DirectMethodHandle$Holder.invokeSpecial(java.lang.Object, java.lang.Object, java.lang.Object, java.lang.Object, java.lang.Object)'> (0x000000008ae4c5a8) 
thrown [s\open\src\hotspot\share\interpreter\linkResolver.cpp, line 796]
Event: 0.885 Thread 0x0000022912093fa0 Exception <a 'java/lang/NoSuchMethodError'{0x000000008ad2f118}: 'java.lang.Object java.lang.invoke.DirectMethodHandle$Holder.invokeSpecial(java.lang.Object, java.lang.Object, java.lang.Object, int, java.lang.Object)'> (0x000000008ad2f118) 
thrown [s\open\src\hotspot\share\interpreter\linkResolver.cpp, line 796]
Event: 0.886 Thread 0x0000022912093fa0 Exception <a 'java/lang/NoSuchMethodError'{0x000000008ad36e60}: 'java.lang.Object java.lang.invoke.DirectMethodHandle$Holder.newInvokeSpecial(java.lang.Object, java.lang.Object, java.lang.Object, int, java.lang.Object)'> (0x000000008ad36e60) 
thrown [s\open\src\hotspot\share\interpreter\linkResolver.cpp, line 796]
Event: 0.886 Thread 0x0000022912093fa0 Exception <a 'java/lang/NoSuchMethodError'{0x000000008ad3e438}: 'java.lang.Object java.lang.invoke.Invokers$Holder.linkToTargetMethod(java.lang.Object, java.lang.Object, int, java.lang.Object, java.lang.Object)'> (0x000000008ad3e438) 
thrown [s\open\src\hotspot\share\interpreter\linkResolver.cpp, line 796]
Event: 0.887 Thread 0x0000022912093fa0 Exception <a 'java/lang/NoSuchMethodError'{0x000000008ad45a08}: 'int java.lang.invoke.DirectMethodHandle$Holder.invokeStatic(java.lang.Object, int, java.lang.Object, java.lang.Object)'> (0x000000008ad45a08) 
thrown [s\open\src\hotspot\share\interpreter\linkResolver.cpp, line 796]
Event: 0.887 Thread 0x0000022912093fa0 Exception <a 'java/lang/NoSuchMethodError'{0x000000008ad4d170}: 'java.lang.Object java.lang.invoke.DirectMethodHandle$Holder.newInvokeSpecial(java.lang.Object, int, java.lang.Object)'> (0x000000008ad4d170) 
thrown [s\open\src\hotspot\share\interpreter\linkResolver.cpp, line 796]
Event: 0.888 Thread 0x0000022912093fa0 Exception <a 'java/lang/NoSuchMethodError'{0x000000008ad51cf8}: 'int java.lang.invoke.DirectMethodHandle$Holder.invokeSpecialIFC(java.lang.Object, java.lang.Object, java.lang.Object, java.lang.Object)'> (0x000000008ad51cf8) 
thrown [s\open\src\hotspot\share\interpreter\linkResolver.cpp, line 796]
Event: 0.909 Thread 0x0000022912093fa0 Exception <a 'java/lang/NoSuchMethodError'{0x000000008ac2a768}: 'void java.lang.invoke.DirectMethodHandle$Holder.invokeInterface(java.lang.Object, java.lang.Object, java.lang.Object)'> (0x000000008ac2a768) 
thrown [s\open\src\hotspot\share\interpreter\linkResolver.cpp, line 796]
Event: 0.927 Thread 0x0000022912093fa0 Exception <a 'java/lang/NoSuchMethodError'{0x000000008acc5158}: 'void java.lang.invoke.DirectMethodHandle$Holder.invokeStaticInit(java.lang.Object, java.lang.Object, java.lang.Object)'> (0x000000008acc5158) 
thrown [s\open\src\hotspot\share\interpreter\linkResolver.cpp, line 796]
Event: 0.931 Thread 0x0000022912093fa0 Exception <a 'java/lang/NoSuchMethodError'{0x000000008ab0de08}: 'java.lang.Object java.lang.invoke.DirectMethodHandle$Holder.invokeVirtual(java.lang.Object, java.lang.Object, java.lang.Object)'> (0x000000008ab0de08) 
thrown [s\open\src\hotspot\share\interpreter\linkResolver.cpp, line 796]
Event: 0.950 Thread 0x0000022912093fa0 Exception <a 'java/lang/NoSuchMethodError'{0x000000008ab95998}: 'void java.lang.invoke.DirectMethodHandle$Holder.invokeVirtual(java.lang.Object, java.lang.Object, java.lang.Object, java.lang.Object)'> (0x000000008ab95998) 
thrown [s\open\src\hotspot\share\interpreter\linkResolver.cpp, line 796]
Event: 0.996 Thread 0x000002291228dc90 Exception <a 'java/lang/NoClassDefFoundError'{0x000000008a965350}: jakarta/validation/Validation> (0x000000008a965350) 
thrown [s\open\src\hotspot\share\classfile\systemDictionary.cpp, line 302]
Event: 0.997 Thread 0x0000022912093fa0 Exception <a 'java/lang/NoSuchMethodError'{0x000000008a9981a0}: 'java.lang.reflect.Field[] java.lang.Class.getDeclaredFields(java.lang.Class)'> (0x000000008a9981a0) 
thrown [s\open\src\hotspot\share\interpreter\linkResolver.cpp, line 796]
Event: 0.998 Thread 0x0000022912093fa0 Exception <a 'java/lang/NoSuchMethodError'{0x000000008a99cbb0}: 'java.lang.Object java.lang.invoke.DirectMethodHandle$Holder.invokeStatic(java.lang.Object, java.lang.Object, int)'> (0x000000008a99cbb0) 
thrown [s\open\src\hotspot\share\interpreter\linkResolver.cpp, line 796]
Event: 0.999 Thread 0x0000022912093fa0 Exception <a 'java/lang/NoSuchMethodError'{0x000000008a9a8018}: 'void java.lang.invoke.DelegatingMethodHandle$Holder.delegate(java.lang.Object, java.lang.Object, int, java.lang.Object)'> (0x000000008a9a8018) 
thrown [s\open\src\hotspot\share\interpreter\linkResolver.cpp, line 796]
Event: 1.011 Thread 0x0000022912093fa0 Exception <a 'java/lang/IncompatibleClassChangeError'{0x000000008a6021a8}: Found class java.lang.Object, but interface was expected> (0x000000008a6021a8) 
thrown [s\open\src\hotspot\share\interpreter\linkResolver.cpp, line 863]
Event: 1.024 Thread 0x0000022912093fa0 Exception <a 'java/lang/NoSuchMethodError'{0x000000008a64b468}: 'int java.lang.invoke.DirectMethodHandle$Holder.invokeVirtual(java.lang.Object, java.lang.Object)'> (0x000000008a64b468) 
thrown [s\open\src\hotspot\share\interpreter\linkResolver.cpp, line 796]

VM Operations (20 events):
Event: 0.499 Executing VM operation: G1CollectForAllocation (G1 Evacuation Pause)
Event: 0.503 Executing VM operation: G1CollectForAllocation (G1 Evacuation Pause) done
Event: 0.537 Executing VM operation: HandshakeAllThreads (Deoptimize)
Event: 0.537 Executing VM operation: HandshakeAllThreads (Deoptimize) done
Event: 0.696 Executing VM operation: HandshakeAllThreads (Deoptimize)
Event: 0.696 Executing VM operation: HandshakeAllThreads (Deoptimize) done
Event: 0.743 Executing VM operation: G1CollectForAllocation (G1 Evacuation Pause)
Event: 0.746 Executing VM operation: G1CollectForAllocation (G1 Evacuation Pause) done
Event: 0.865 Executing VM operation: HandshakeAllThreads (Deoptimize)
Event: 0.865 Executing VM operation: HandshakeAllThreads (Deoptimize) done
Event: 0.982 Executing VM operation: HandshakeAllThreads (Deoptimize)
Event: 0.982 Executing VM operation: HandshakeAllThreads (Deoptimize) done
Event: 0.985 Executing VM operation: HandshakeAllThreads (Deoptimize)
Event: 0.985 Executing VM operation: HandshakeAllThreads (Deoptimize) done
Event: 0.985 Executing VM operation: HandshakeAllThreads (Deoptimize)
Event: 0.986 Executing VM operation: HandshakeAllThreads (Deoptimize) done
Event: 0.998 Executing VM operation: HandshakeAllThreads (Deoptimize)
Event: 0.998 Executing VM operation: HandshakeAllThreads (Deoptimize) done
Event: 1.020 Executing VM operation: HandshakeAllThreads (Deoptimize)
Event: 1.020 Executing VM operation: HandshakeAllThreads (Deoptimize) done

Memory protections (0 events):
No events

Nmethod flushes (0 events):
No events

Events (16 events):
Event: 0.030 Thread 0x00000228adb5d6a0 Thread added: 0x00000228adb5d6a0
Event: 0.047 Thread 0x00000228adb5d6a0 Thread added: 0x00000228cc175fd0
Event: 0.047 Thread 0x00000228adb5d6a0 Thread added: 0x00000228cc177230
Event: 0.047 Thread 0x00000228adb5d6a0 Thread added: 0x00000228cc17a640
Event: 0.047 Thread 0x00000228adb5d6a0 Thread added: 0x00000228cc17d2d0
Event: 0.047 Thread 0x00000228adb5d6a0 Thread added: 0x00000228cc17df50
Event: 0.047 Thread 0x00000228adb5d6a0 Thread added: 0x00000228cc17fee0
Event: 0.047 Thread 0x00000228adb5d6a0 Thread added: 0x00000228cc180d60
Event: 0.048 Thread 0x00000228adb5d6a0 Thread added: 0x00000228cc181fc0
Event: 0.125 Thread 0x00000228adb5d6a0 Thread added: 0x00000228cc275940
Event: 0.171 Thread 0x00000228cc180d60 Thread added: 0x00000228cc327d10
Event: 0.241 Thread 0x00000228adb5d6a0 Thread added: 0x00000228cc72fb30
Event: 0.241 Thread 0x00000228adb5d6a0 Thread added: 0x00000228cc7301a0
Event: 0.627 Thread 0x00000228adb5d6a0 Thread added: 0x00000228ccdd3c60
Event: 0.630 Thread 0x00000228ccdd3c60 Thread added: 0x0000022912093fa0
Event: 0.991 Thread 0x0000022912093fa0 Thread added: 0x000002291228dc90


Dynamic libraries:
0x00007ff681c10000 - 0x00007ff681c1e000 	C:\Users\gunji\.jdks\openjdk-23\bin\java.exe
0x00007ff874730000 - 0x00007ff874947000 	C:\WINDOWS\SYSTEM32\ntdll.dll
0x00007ff873940000 - 0x00007ff873a04000 	C:\WINDOWS\System32\KERNEL32.DLL
0x00007ff871af0000 - 0x00007ff871eaa000 	C:\WINDOWS\System32\KERNELBASE.dll
0x00007ff871f30000 - 0x00007ff872041000 	C:\WINDOWS\System32\ucrtbase.dll
0x00007ff85a070000 - 0x00007ff85a08b000 	C:\Users\gunji\.jdks\openjdk-23\bin\VCRUNTIME140.dll
0x00007ff85a090000 - 0x00007ff85a0a7000 	C:\Users\gunji\.jdks\openjdk-23\bin\jli.dll
0x00007ff874090000 - 0x00007ff87423e000 	C:\WINDOWS\System32\USER32.dll
0x00007ff871ac0000 - 0x00007ff871ae6000 	C:\WINDOWS\System32\win32u.dll
0x00007ff8746c0000 - 0x00007ff8746e9000 	C:\WINDOWS\System32\GDI32.dll
0x00007ff872050000 - 0x00007ff87216b000 	C:\WINDOWS\System32\gdi32full.dll
0x00007ff872170000 - 0x00007ff87220a000 	C:\WINDOWS\System32\msvcp_win.dll
0x00007ff860c80000 - 0x00007ff860f12000 	C:\WINDOWS\WinSxS\amd64_microsoft.windows.common-controls_6595b64144ccf1df_6.0.22621.4541_none_2710d1c57384c085\COMCTL32.dll
0x00007ff8731d0000 - 0x00007ff873277000 	C:\WINDOWS\System32\msvcrt.dll
0x00007ff873cb0000 - 0x00007ff873ce1000 	C:\WINDOWS\System32\IMM32.DLL
0x00007ff85b8c0000 - 0x00007ff85b8cc000 	C:\Users\gunji\.jdks\openjdk-23\bin\vcruntime140_1.dll
0x00007ff846a50000 - 0x00007ff846ade000 	C:\Users\gunji\.jdks\openjdk-23\bin\msvcp140.dll
0x00007fffc5570000 - 0x00007fffc62bf000 	C:\Users\gunji\.jdks\openjdk-23\bin\server\jvm.dll
0x00007ff873e10000 - 0x00007ff873ec2000 	C:\WINDOWS\System32\ADVAPI32.dll
0x00007ff873bf0000 - 0x00007ff873c97000 	C:\WINDOWS\System32\sechost.dll
0x00007ff872400000 - 0x00007ff872428000 	C:\WINDOWS\System32\bcrypt.dll
0x00007ff873ac0000 - 0x00007ff873bd4000 	C:\WINDOWS\System32\RPCRT4.dll
0x00007ff874010000 - 0x00007ff874081000 	C:\WINDOWS\System32\WS2_32.dll
0x00007ff870860000 - 0x00007ff8708ad000 	C:\WINDOWS\SYSTEM32\POWRPROF.dll
0x00007ff86a180000 - 0x00007ff86a1b4000 	C:\WINDOWS\SYSTEM32\WINMM.dll
0x00007ff868480000 - 0x00007ff86848a000 	C:\WINDOWS\SYSTEM32\VERSION.dll
0x00007ff870840000 - 0x00007ff870853000 	C:\WINDOWS\SYSTEM32\UMPDC.dll
0x00007ff870b00000 - 0x00007ff870b18000 	C:\WINDOWS\SYSTEM32\kernel.appcore.dll
0x00007ff85b780000 - 0x00007ff85b78a000 	C:\Users\gunji\.jdks\openjdk-23\bin\jimage.dll
0x00007ff86f200000 - 0x00007ff86f432000 	C:\WINDOWS\SYSTEM32\DBGHELP.DLL
0x00007ff873280000 - 0x00007ff87360f000 	C:\WINDOWS\System32\combase.dll
0x00007ff873f30000 - 0x00007ff874007000 	C:\WINDOWS\System32\OLEAUT32.dll
0x00007ff84d340000 - 0x00007ff84d372000 	C:\WINDOWS\SYSTEM32\dbgcore.DLL
0x00007ff872210000 - 0x00007ff87228b000 	C:\WINDOWS\System32\bcryptPrimitives.dll
0x00007ff8597e0000 - 0x00007ff8597ef000 	C:\Users\gunji\.jdks\openjdk-23\bin\instrument.dll
0x00007ff8597c0000 - 0x00007ff8597de000 	C:\Users\gunji\.jdks\openjdk-23\bin\java.dll
0x00007ff872480000 - 0x00007ff872625000 	C:\WINDOWS\System32\ole32.dll
0x00007ff872820000 - 0x00007ff873098000 	C:\WINDOWS\System32\SHELL32.dll
0x00007ff86f900000 - 0x00007ff870208000 	C:\WINDOWS\SYSTEM32\windows.storage.dll
0x00007ff86f7c0000 - 0x00007ff86f8ff000 	C:\WINDOWS\SYSTEM32\wintypes.dll
0x00007ff8730a0000 - 0x00007ff87319a000 	C:\WINDOWS\System32\SHCORE.dll
0x00007ff8737d0000 - 0x00007ff87382e000 	C:\WINDOWS\System32\shlwapi.dll
0x00007ff871930000 - 0x00007ff87195b000 	C:\WINDOWS\SYSTEM32\profapi.dll
0x00007ff809660000 - 0x00007ff809737000 	C:\Users\gunji\.jdks\openjdk-23\bin\jsvml.dll
0x00007ff859690000 - 0x00007ff8596a7000 	C:\Users\gunji\.jdks\openjdk-23\bin\zip.dll
0x00007ff8597b0000 - 0x00007ff8597c0000 	C:\Users\gunji\.jdks\openjdk-23\bin\net.dll
0x00007ff870fb0000 - 0x00007ff871019000 	C:\WINDOWS\system32\mswsock.dll
0x00007ff859790000 - 0x00007ff8597a6000 	C:\Users\gunji\.jdks\openjdk-23\bin\nio.dll
0x00007ff859670000 - 0x00007ff85968a000 	D:\IntelliJ IDEA Community Edition 2024.3.1\bin\breakgen64.dll
0x00007ff851500000 - 0x00007ff851509000 	C:\Users\gunji\.jdks\openjdk-23\bin\extnet.dll
0x00007ff8514f0000 - 0x00007ff8514fa000 	C:\Users\gunji\.jdks\openjdk-23\bin\management.dll
0x00007ff8514e0000 - 0x00007ff8514eb000 	C:\Users\gunji\.jdks\openjdk-23\bin\management_ext.dll
0x00007ff873930000 - 0x00007ff873938000 	C:\WINDOWS\System32\PSAPI.DLL

dbghelp: loaded successfully - version: 4.0.5 - missing functions: none
symbol engine: initialized successfully - sym options: 0x614 - pdb path: (cannot be retrieved)

VM Arguments:
jvm_args: -javaagent:D:\IntelliJ IDEA Community Edition 2024.3.1\lib\idea_rt.jar=53381:D:\IntelliJ IDEA Community Edition 2024.3.1\bin -Dfile.encoding=UTF-8 -Dsun.stdout.encoding=UTF-8 -Dsun.stderr.encoding=UTF-8 
java_command: com.jsp.SpringSec.SpringSecApplication
java_class_path (initial): D:\SpringSec\SpringSec\target\classes;C:\Users\gunji\.m2\repository\org\springframework\boot\spring-boot-starter-data-jpa\3.4.0\spring-boot-starter-data-jpa-3.4.0.jar;C:\Users\gunji\.m2\repository\org\springframework\boot\spring-boot-starter\3.4.0\spring-boot-starter-3.4.0.jar;C:\Users\gunji\.m2\repository\org\springframework\boot\spring-boot-starter-logging\3.4.0\spring-boot-starter-logging-3.4.0.jar;C:\Users\gunji\.m2\repository\ch\qos\logback\logback-classic\1.5.12\logback-classic-1.5.12.jar;C:\Users\gunji\.m2\repository\ch\qos\logback\logback-core\1.5.12\logback-core-1.5.12.jar;C:\Users\gunji\.m2\repository\org\apache\logging\log4j\log4j-to-slf4j\2.24.1\log4j-to-slf4j-2.24.1.jar;C:\Users\gunji\.m2\repository\org\apache\logging\log4j\log4j-api\2.24.1\log4j-api-2.24.1.jar;C:\Users\gunji\.m2\repository\org\slf4j\jul-to-slf4j\2.0.16\jul-to-slf4j-2.0.16.jar;C:\Users\gunji\.m2\repository\jakarta\annotation\jakarta.annotation-api\2.1.1\jakarta.annotation-api-2.1.1.jar;C:\Users\gunji\.m2\repository\org\yaml\snakeyaml\2.3\snakeyaml-2.3.jar;C:\Users\gunji\.m2\repository\org\hibernate\orm\hibernate-core\6.6.2.Final\hibernate-core-6.6.2.Final.jar;C:\Users\gunji\.m2\repository\jakarta\persistence\jakarta.persistence-api\3.1.0\jakarta.persistence-api-3.1.0.jar;C:\Users\gunji\.m2\repository\jakarta\transaction\jakarta.transaction-api\2.0.1\jakarta.transaction-api-2.0.1.jar;C:\Users\gunji\.m2\repository\org\jboss\logging\jboss-logging\3.6.1.Final\jboss-logging-3.6.1.Final.jar;C:\Users\gunji\.m2\repository\org\hibernate\common\hibernate-commons-annotations\7.0.3.Final\hibernate-commons-annotations-7.0.3.Final.jar;C:\Users\gunji\.m2\repository\io\smallrye\jandex\3.2.0\jandex-3.2.0.jar;C:\Users\gunji\.m2\repository\com\fasterxml\classmate\1.7.0\classmate-1.7.0.jar;C:\Users\gunji\.m2\repository\net\bytebuddy\byte-buddy\1.15.10\byte-buddy-1.15.10.jar;C:\Users\gunji\.m2\repository\org\glassfish\jaxb\jaxb-runtime\4.0.5\jaxb-runtime-4.0.5.jar;C:\Users\gunji\.m2\repository\org\glassfish\jaxb\jaxb-core\4.0.5\jaxb-core-4.0.5.jar;C:\Users\gunji\.m2\repository\org\eclipse\angus\angus-activation\2.0.2\angus-activation-2.0.2.jar;C:\Users\gunji\.m2\repository\org\glassfish\jaxb\txw2\4.0.5\txw2-4.0.5.jar;C:\Users\gunji\.m2\repository\com\sun\istack\istack-commons-runtime\4.1.2\istack-commons-runtime-4.1.2.jar;C:\Users\gunji\.m2\repository\jakarta\inject\jakarta.inject-api\2.0.1\jakarta.inject-api-2.0.1.jar;C:\Users\gunji\.m2\repository\org\antlr\antlr4-runtime\4.13.0\antlr4-runtime-4.13.0.jar;C:\Users\gunji\.m2\repository\org\springframework\data\spring-data-jpa\3.4.0\spring-data-jpa-3.4.0.jar;C:\Users\gunji\.m2\repository\org\springframework\data\spring-data-commons\3.4.0\spring-data-commons-3.4.0.jar;C:\Users\gunji\.m2\repository\org\springframework\spring-orm\6.2.0\spring-orm-6.2.0.jar;C:\Users\gunji\.m2\repository\org\springframework\spring-context\6.2.0\spring-context-6.2.0.jar;C:\Users\gunji\.m2\repository\org\springframework\spring-tx\6.2.0\spring-tx-6.2.0.jar;C:\Users\gunji\.m2\repository\org\springframework\spring-beans\6.2.0\spring-beans-6.2.0.jar;C:\Users\gunji\.m2\repository\org\slf4j\slf4j-api\2.0.16\slf4j-api-2.0.16.jar;C:\Users\gunji\.m2\repository\org\springframework\spring-aspects\6.2.0\spring-aspects-6.2.0.jar;C:\Users\gunji\.m2\repository\org\aspectj\aspectjweaver\1.9.22.1\aspectjweaver-1.9.22.1.jar;C:\Users\gunji\.m2\repository\io\jsonwebtoken\jjwt-api\0.12.5\jjwt-api-0.12.5.jar;C:\Users\gunji\.m2\repository\io\jsonwebtoken\jjwt-impl\0.12.5\jjwt-impl-0.12.5.jar;C:\Users\gunji\.m2\repository\io\jsonwebtoken\jjwt-jackson\0.12.5\jjwt-jackson-0.12.5.jar;C:\Users\gunji\.m2\repository\com\fasterxml\jackson\core\jackson-databind\2.18.1\jackson-databind-2.18.1.jar;C:\Users\gunji\.m2\repository\com\fasterxml\jackson\core\jackson-annotations\2.18.1\jackson-annotations-2.18.1.jar;C:\Users\gunji\.m2\repository\com\fasterxml\jackson\core\jackson-core\2.18.1\jackson-core-2.18.1.jar;C:\Users\gunji\.m2\repository\org\springframework\boot\spring-boot-starter-jdbc\3.4.0\spring-boot-starter-jdbc-3.4.0.jar;C:\Users\gunji\.m2\repository\com\zaxxer\HikariCP\5.1.0\HikariCP-5.1.0.jar;C:\Users\gunji\.m2\repository\org\springframework\spring-jdbc\6.2.0\spring-jdbc-6.2.0.jar;C:\Users\gunji\.m2\repository\org\springframework\boot\spring-boot-starter-security\3.4.0\spring-boot-starter-security-3.4.0.jar;C:\Users\gunji\.m2\repository\org\springframework\spring-aop\6.2.0\spring-aop-6.2.0.jar;C:\Users\gunji\.m2\repository\org\springframework\security\spring-security-config\6.4.1\spring-security-config-6.4.1.jar;C:\Users\gunji\.m2\repository\org\springframework\security\spring-security-web\6.4.1\spring-security-web-6.4.1.jar;C:\Users\gunji\.m2\repository\org\springframework\spring-expression\6.2.0\spring-expression-6.2.0.jar;C:\Users\gunji\.m2\repository\org\springframework\boot\spring-boot-starter-web\3.4.0\spring-boot-starter-web-3.4.0.jar;C:\Users\gunji\.m2\repository\org\springframework\boot\spring-boot-starter-json\3.4.0\spring-boot-starter-json-3.4.0.jar;C:\Users\gunji\.m2\repository\com\fasterxml\jackson\datatype\jackson-datatype-jdk8\2.18.1\jackson-datatype-jdk8-2.18.1.jar;C:\Users\gunji\.m2\repository\com\fasterxml\jackson\datatype\jackson-datatype-jsr310\2.18.1\jackson-datatype-jsr310-2.18.1.jar;C:\Users\gunji\.m2\repository\com\fasterxml\jackson\module\jackson-module-parameter-names\2.18.1\jackson-module-parameter-names-2.18.1.jar;C:\Users\gunji\.m2\repository\org\springframework\boot\spring-boot-starter-tomcat\3.4.0\spring-boot-starter-tomcat-3.4.0.jar;C:\Users\gunji\.m2\repository\org\apache\tomcat\embed\tomcat-embed-core\10.1.33\tomcat-embed-core-10.1.33.jar;C:\Users\gunji\.m2\repository\org\apache\tomcat\embed\tomcat-embed-el\10.1.33\tomcat-embed-el-10.1.33.jar;C:\Users\gunji\.m2\repository\org\apache\tomcat\embed\tomcat-embed-websocket\10.1.33\tomcat-embed-websocket-10.1.33.jar;C:\Users\gunji\.m2\repository\org\springframework\spring-web\6.2.0\spring-web-6.2.0.jar;C:\Users\gunji\.m2\repository\io\micrometer\micrometer-observation\1.14.1\micrometer-observation-1.14.1.jar;C:\Users\gunji\.m2\repository\io\micrometer\micrometer-commons\1.14.1\micrometer-commons-1.14.1.jar;C:\Users\gunji\.m2\repository\org\springframework\spring-webmvc\6.2.0\spring-webmvc-6.2.0.jar;C:\Users\gunji\.m2\repository\org\springframework\boot\spring-boot-devtools\3.4.0\spring-boot-devtools-3.4.0.jar;C:\Users\gunji\.m2\repository\org\springframework\boot\spring-boot\3.4.0\spring-boot-3.4.0.jar;C:\Users\gunji\.m2\repository\org\springframework\boot\spring-boot-autoconfigure\3.4.0\spring-boot-autoconfigure-3.4.0.jar;C:\Users\gunji\.m2\repository\org\postgresql\postgresql\42.7.4\postgresql-42.7.4.jar;C:\Users\gunji\.m2\repository\org\checkerframework\checker-qual\3.42.0\checker-qual-3.42.0.jar;C:\Users\gunji\.m2\repository\org\projectlombok\lombok\1.18.36\lombok-1.18.36.jar;C:\Users\gunji\.m2\repository\jakarta\xml\bind\jakarta.xml.bind-api\4.0.2\jakarta.xml.bind-api-4.0.2.jar;C:\Users\gunji\.m2\repository\jakarta\activation\jakarta.activation-api\2.1.3\jakarta.activation-api-2.1.3.jar;C:\Users\gunji\.m2\repository\org\springframework\spring-core\6.2.0\spring-core-6.2.0.jar;C:\Users\gunji\.m2\repository\org\springframework\spring-jcl\6.2.0\spring-jcl-6.2.0.jar;C:\Users\gunji\.m2\repository\org\springframework\security\spring-security-core\6.4.1\spring-security-core-6.4.1.jar;C:\Users\gunji\.m2\repository\org\springframework\security\spring-security-crypto\6.4.1\spring-security-crypto-6.4.1.jar
Launcher Type: SUN_STANDARD

[Global flags]
     intx CICompilerCount                          = 3                                         {product} {ergonomic}
     uint ConcGCThreads                            = 1                                         {product} {ergonomic}
     uint G1ConcRefinementThreads                  = 4                                         {product} {ergonomic}
   size_t G1HeapRegionSize                         = 1048576                                   {product} {ergonomic}
   size_t InitialHeapSize                          = 132120576                                 {product} {ergonomic}
   size_t MarkStackSize                            = 4194304                                   {product} {ergonomic}
   size_t MarkStackSizeMax                         = 536870912                                 {product} {ergonomic}
   size_t MaxHeapSize                              = 2090860544                                {product} {ergonomic}
   size_t MaxNewSize                               = 1254096896                                {product} {ergonomic}
   size_t MinHeapDeltaBytes                        = 1048576                                   {product} {ergonomic}
   size_t MinHeapSize                              = 8388608                                   {product} {ergonomic}
    uintx NonNMethodCodeHeapSize                   = 5832704                                {pd product} {ergonomic}
    uintx NonProfiledCodeHeapSize                  = 122945536                              {pd product} {ergonomic}
    uintx ProfiledCodeHeapSize                     = 122880000                              {pd product} {ergonomic}
    uintx ReservedCodeCacheSize                    = 251658240                              {pd product} {ergonomic}
     bool SegmentedCodeCache                       = true                                      {product} {ergonomic}
   size_t SoftMaxHeapSize                          = 2090860544                             {manageable} {ergonomic}
     bool UseCompressedOops                        = true                           {product lp64_product} {ergonomic}
     bool UseG1GC                                  = true                                      {product} {ergonomic}
     bool UseLargePagesIndividualAllocation        = false                                  {pd product} {ergonomic}

Logging:
Log output configuration:
 #0: stdout all=warning uptime,level,tags foldmultilines=false
 #1: stderr all=off uptime,level,tags foldmultilines=false

Environment Variables:
PATH=D:\oracle\product\10.2.0\db_1\bin;C:\ProgramData\Oracle\Java\javapath;C:\Program Files\Python310\Scripts\;C:\Program Files\Python310\;C:\WINDOWS\system32;C:\WINDOWS;C:\WINDOWS\System32\Wbem;C:\WINDOWS\System32\WindowsPowerShell\v1.0\;C:\WINDOWS\System32\OpenSSH\;C:\ProgramData\chocolatey\bin;C:\Program Files\nodejs\;C:\Users\gunji\.deno\bin\deno.exe;C:\Users\gunji\Downloads\Supabase (1)\Supabase;C:\Users\gunji\scoop\shims;C:\Program Files\MySQL\MySQL Shell 8.0\bin\;C:\Users\gunji\AppData\Local\Microsoft\WindowsApps;C:\Users\gunji\AppData\Local\Programs\Microsoft VS Code\bin;C:\php-8.3.8;C:\Users\gunji\AppData\Roaming\npm;C:\Users\gunji\.deno\bin;C:\Users\gunji\.deno\bin\deno.exe;;D:\IntelliJ IDEA Community Edition 2024.3.1\bin;
USERNAME=gunji
OS=Windows_NT
PROCESSOR_IDENTIFIER=Intel64 Family 6 Model 140 Stepping 1, GenuineIntel
TMP=C:\Users\gunji\AppData\Local\Temp
TEMP=C:\Users\gunji\AppData\Local\Temp




Periodic native trim disabled

---------------  S Y S T E M  ---------------

OS:
 Windows 11 , 64 bit Build 22621 (10.0.22621.4391)
OS uptime: 0 days 8:03 hours
Hyper-V role detected

CPU: total 4 (initial active 4) (2 cores per cpu, 2 threads per core) family 6 model 140 stepping 1 microcode 0xa4, cx8, cmov, fxsr, ht, mmx, 3dnowpref, sse, sse2, sse3, ssse3, sse4.1, sse4.2, popcnt, lzcnt, tsc, tscinvbit, avx, avx2, aes, erms, clmul, bmi1, bmi2, adx, avx512f, avx512dq, avx512cd, avx512bw, avx512vl, sha, fma, vzeroupper, avx512_vpopcntdq, avx512_vpclmulqdq, avx512_vaes, avx512_vnni, clflush, clflushopt, clwb, avx512_vbmi2, avx512_vbmi, hv, rdtscp, rdpid, fsrm, gfni, avx512_bitalg, f16c, cet_ibt, cet_ss, avx512_ifma
Processor Information for the first 4 processors :
  Max Mhz: 2995, Current Mhz: 2995, Mhz Limit: 2995

Memory: 4k page, system-wide physical 7975M (782M free)
TotalPageFile size 12382M (AvailPageFile size 1M)
current process WorkingSet (physical memory assigned to process): 93M, peak: 93M
current process commit charge ("private bytes"): 229M, peak: 229M

vm_info: OpenJDK 64-Bit Server VM (23+37-2369) for windows-amd64 JRE (23+37-2369), built on 2024-08-20T16:01:23Z with MS VC++ 17.6 (VS2022)

END.
